<?xml version="1.0" encoding="UTF-8"?>
<!-- Generated by org.testng.reporters.JUnitXMLReporter -->
<testsuite hostname="venom-host" ignored="0" name="Surefire test" tests="394" failures="0" timestamp="23 jul 2023 14:13:45 GMT" time="1.407" errors="0">
  <testcase name="agendamentodto_foi_construida_com_sucesso" time="0.062" classname="br.laramara.ti.sislaracommons.dtos.agenda.TestesAgendamentoDTO"/>
  <testcase name="especificacaogeracaoagendamento_com_um_parametro_construida_com_sucesso" time="0.0" classname="br.laramara.ti.sislaracommons.dtos.agenda.TestesEspecificacaoGeracaoAgendamentoDTO"/>
  <testcase name="especificacaogeracaocopiaagendamento_com_um_parametro_construida_com_sucesso" time="0.0" classname="br.laramara.ti.sislaracommons.dtos.agenda.TestesEspecificacaoGeracaoCopiaAgendamentoDTO"/>
  <testcase name="especificacaopesquisaagendamentodto_sem_erro_foi_construido" time="0.0" classname="br.laramara.ti.sislaracommons.dtos.agenda.TestesEspecificacaoPesquisaAgendamentoDTO"/>
  <testcase name="motivocancelamentodto_foi_construida_com_sucesso" time="0.016" classname="br.laramara.ti.sislaracommons.dtos.agenda.TestesMotivoCancelamentoDTO"/>
  <testcase name="resultadoedicaoagendamentodto_com_erro_foi_construido" time="0.0" classname="br.laramara.ti.sislaracommons.dtos.agenda.TestesResultadoEdicaoAgendamentoDTO"/>
  <testcase name="resultadoedicaoagendamentodto_sem_erro_foi_construido" time="0.0" classname="br.laramara.ti.sislaracommons.dtos.agenda.TestesResultadoEdicaoAgendamentoDTO"/>
  <testcase name="resultadogeracaoagendamentodto_sem_erro_foi_construido" time="0.015" classname="br.laramara.ti.sislaracommons.dtos.agenda.TestesResultadoGeracaoAgendamentoDTO"/>
  <testcase name="resultadogeracaoagendamentodto_sem_erro_foi_construido_alternativo" time="0.0" classname="br.laramara.ti.sislaracommons.dtos.agenda.TestesResultadoGeracaoAgendamentoDTO"/>
  <testcase name="resultadolistagemagendamentodto_sem_erro_foi_construido" time="0.0" classname="br.laramara.ti.sislaracommons.dtos.agenda.TestesResultadoListagemAgendamentoDTO"/>
  <testcase name="resultadolistagemagendamentodto_sem_erro_foi_construido" time="0.0" classname="br.laramara.ti.sislaracommons.dtos.agenda.TestesResultadoListagemMotivoCancelamentoDTO"/>
  <testcase name="resultadolistagemstatusagendamentodto_sem_erro_foi_construido" time="0.0" classname="br.laramara.ti.sislaracommons.dtos.agenda.TestesResultadoListagemStatusAgendamentoDTO"/>
  <testcase name="statusagendamentodto_foi_construido_com_sucesso" time="0.0" classname="br.laramara.ti.sislaracommons.dtos.agenda.TestesStatusAgendamentoDTO"/>
  <testcase name="acao_conduta_dto_foi_construida_com_sucesso" time="0.0" classname="br.laramara.ti.sislaracommons.dtos.atendimento.TestesAcaoCondutaDTO"/>
  <testcase name="atendimentoprecadastrodto_foi_construida_com_sucesso" time="0.015" classname="br.laramara.ti.sislaracommons.dtos.atendimento.TestesAtendimentoPreCadastroDTO"/>
  <testcase name="atendimentoprofissionaldto_foi_construida_com_sucesso" time="0.0" classname="br.laramara.ti.sislaracommons.dtos.atendimento.TestesAtendimentoProfissionalDTO"/>
  <testcase name="atendimentousuariodto_foi_construida_com_sucesso" time="0.0" classname="br.laramara.ti.sislaracommons.dtos.atendimento.TestesAtendimentoUsuarioDTO"/>
  <testcase name="especificacao_copia_atendimento_invidualdto_sem_erro_foi_construido" time="0.0" classname="br.laramara.ti.sislaracommons.dtos.atendimento.TestesEspecificacaoCopiaAtendimentoIndividualDTO"/>
  <testcase name="especificacao_pesquisa_atendimento_invidualdto_sem_erro_foi_construido" time="0.0" classname="br.laramara.ti.sislaracommons.dtos.atendimento.TestesEspecificacaopesquisaAtendimentoIndividualDTO"/>
  <testcase name="tipo_opcao_integracao_dto_foi_construida_com_sucesso" time="0.0" classname="br.laramara.ti.sislaracommons.dtos.atendimento.TestesOpcaoIntegracaoDTO"/>
  <testcase name="participacaoatendimentodto_foi_construida_com_sucesso" time="0.0" classname="br.laramara.ti.sislaracommons.dtos.atendimento.TestesParticipacaoDTO"/>
  <testcase name="resultadolistagematendimentoindividualdto_sem_erro_foi_construido" time="0.016" classname="br.laramara.ti.sislaracommons.dtos.atendimento.TestesResultadoListagemAgendimentoIndividualDTO"/>
  <testcase name="contribuicaodto_foi_construida_com_sucesso" time="0.0" classname="br.laramara.ti.sislaracommons.dtos.contribuicao.TestesContribuinteDTO"/>
  <testcase name="motivodesativacaodto_foi_construido_com_sucesso" time="0.0" classname="br.laramara.ti.sislaracommons.dtos.contribuicao.TestesMotivoDesativacaoDTO"/>
  <testcase name="resultadoedicaocontribuintedto_com_erro_foi_construido" time="0.0" classname="br.laramara.ti.sislaracommons.dtos.contribuicao.TestesResultadoEdicaoContribuinteDTO"/>
  <testcase name="resultadoedicaocontribuintedto_sem_erro_foi_construido" time="0.0" classname="br.laramara.ti.sislaracommons.dtos.contribuicao.TestesResultadoEdicaoContribuinteDTO"/>
  <testcase name="statuscontribuintedto_foi_construido_com_sucesso" time="0.0" classname="br.laramara.ti.sislaracommons.dtos.contribuicao.TestesStatusContribuinteDTO"/>
  <testcase name="demandadto_foi_construida_com_sucesso" time="0.0" classname="br.laramara.ti.sislaracommons.dtos.doacao.TestesDemandaDTO"/>
  <testcase name="especificacaogeracaodemanda_com_um_parametro_construida_com_sucesso" time="0.0" classname="br.laramara.ti.sislaracommons.dtos.doacao.TestesEspecificacaoGeracaoDemandaDTO"/>
  <testcase name="especificacaopesquisademandadto_sem_erro_foi_construido" time="0.016" classname="br.laramara.ti.sislaracommons.dtos.doacao.TestesEspecificacaoPesquisaDemandaDTO"/>
  <testcase name="especificacaopesquisaprojetodto_sem_erro_foi_construido" time="0.0" classname="br.laramara.ti.sislaracommons.dtos.doacao.TestesEspecificacaoPesquisaProjetoDTO"/>
  <testcase name="filialdto_foi_construida_com_sucesso" time="0.0" classname="br.laramara.ti.sislaracommons.dtos.doacao.TestesFilialDTO"/>
  <testcase name="patrocinadordto_foi_construida_com_sucesso" time="0.0" classname="br.laramara.ti.sislaracommons.dtos.doacao.TestesPatrocinadorDTO"/>
  <testcase name="projetodto_foi_construida_com_sucesso" time="0.0" classname="br.laramara.ti.sislaracommons.dtos.doacao.TestesProjetoDTO"/>
  <testcase name="recibodto_foi_construida_com_sucesso" time="0.0" classname="br.laramara.ti.sislaracommons.dtos.doacao.TestesReciboDTO"/>
  <testcase name="resultadoedicaoagendamentodto_com_erro_foi_construido" time="0.0" classname="br.laramara.ti.sislaracommons.dtos.doacao.TestesResultadoEdicaoDemandaDTO"/>
  <testcase name="resultadoedicaodemandadto_sem_erro_foi_construido" time="0.0" classname="br.laramara.ti.sislaracommons.dtos.doacao.TestesResultadoEdicaoDemandaDTO"/>
  <testcase name="resultadoedicaoprojetodto_com_erro_foi_construido" time="0.0" classname="br.laramara.ti.sislaracommons.dtos.doacao.TestesResultadoEdicaoProjetoDTO"/>
  <testcase name="resultadoedicaoprojetodto_sem_erro_foi_construido" time="0.0" classname="br.laramara.ti.sislaracommons.dtos.doacao.TestesResultadoEdicaoProjetoDTO"/>
  <testcase name="resultadogeracaodemandadto_sem_erro_foi_construido" time="0.0" classname="br.laramara.ti.sislaracommons.dtos.doacao.TestesResultadoGeracaoDemandaDTO"/>
  <testcase name="resultadogeracaodemandadto_sem_erro_foi_construido_alternativo" time="0.0" classname="br.laramara.ti.sislaracommons.dtos.doacao.TestesResultadoGeracaoDemandaDTO"/>
  <testcase name="resultadolistagemprojetodto_sem_erro_foi_construido" time="0.0" classname="br.laramara.ti.sislaracommons.dtos.doacao.TestesResultadoListagemProjetoDTO"/>
  <testcase name="resultadolistagemstatusdemandadto_sem_erro_foi_construido" time="0.0" classname="br.laramara.ti.sislaracommons.dtos.doacao.TestesResultadoListagemStatusDemandaDTO"/>
  <testcase name="statusdemandadto_foi_construido_com_sucesso" time="0.0" classname="br.laramara.ti.sislaracommons.dtos.doacao.TestesStatusDemandaDTO"/>
  <testcase name="enderecocepdto_foi_construida_com_sucesso" time="0.016" classname="br.laramara.ti.sislaracommons.dtos.endereco.TestesEnderecoCEPDTO"/>
  <testcase name="enderecodto_foi_construida_com_sucesso" time="0.0" classname="br.laramara.ti.sislaracommons.dtos.endereco.TestesEnderecoDTO"/>
  <testcase name="municipiodto_foi_construido_com_sucesso" time="0.0" classname="br.laramara.ti.sislaracommons.dtos.endereco.TestesMunicipioDTO"/>
  <testcase name="paisdto_foi_construido_com_sucesso" time="0.0" classname="br.laramara.ti.sislaracommons.dtos.endereco.TestesPaisDAO"/>
  <testcase name="resultadolistegemmunicipiodto_com_erro_foi_construido" time="0.0" classname="br.laramara.ti.sislaracommons.dtos.endereco.TestesResultadoListagemMunicipioDTO"/>
  <testcase name="resultadolistegemmunicipiodto_sem_erro_foi_construido" time="0.0" classname="br.laramara.ti.sislaracommons.dtos.endereco.TestesResultadoListagemMunicipioDTO"/>
  <testcase name="resultadolistegempaisdto_com_erro_foi_construido" time="0.0" classname="br.laramara.ti.sislaracommons.dtos.endereco.TestesResultadoListagemPaisDTO"/>
  <testcase name="resultadolistegempaisdto_sem_erro_foi_construido" time="0.0" classname="br.laramara.ti.sislaracommons.dtos.endereco.TestesResultadoListagemPaisDTO"/>
  <testcase name="ufdto_foi_construido_com_sucesso" time="0.0" classname="br.laramara.ti.sislaracommons.dtos.endereco.TestesUfDTO"/>
  <testcase name="zonasdto_foi_construido_com_sucesso" time="0.0" classname="br.laramara.ti.sislaracommons.dtos.endereco.TestesZonaDTO"/>
  <testcase name="areaformacaodto_foi_construida_com_sucesso" time="0.0" classname="br.laramara.ti.sislaracommons.dtos.escola.TestesAreaFormacaoDTO"/>
  <testcase name="diretoriaensinodto_foi_construida_com_sucesso" time="0.0" classname="br.laramara.ti.sislaracommons.dtos.escola.TestesDiretoriaEnsinoDTO"/>
  <testcase name="drecefaidto_foi_construida_com_sucesso" time="0.0" classname="br.laramara.ti.sislaracommons.dtos.escola.TestesDreCefaiDTO"/>
  <testcase name="escolaridadedto_foi_construida_com_sucesso" time="0.0" classname="br.laramara.ti.sislaracommons.dtos.escola.TestesEscolaridadeDTO"/>
  <testcase name="informacaoEducacionaldto_foi_construida_com_sucesso" time="0.0" classname="br.laramara.ti.sislaracommons.dtos.escola.TestesInformacaoEducacionalDTO"/>
  <testcase name="resultadolistagemdiretoriaensinodto_com_erro_foi_construido" time="0.0" classname="br.laramara.ti.sislaracommons.dtos.escola.TestesResultadoListagemDiretoriaEnsinoDTO"/>
  <testcase name="resultadolistagemdiretoriaensinodto_sem_erro_foi_construido" time="0.0" classname="br.laramara.ti.sislaracommons.dtos.escola.TestesResultadoListagemDiretoriaEnsinoDTO"/>
  <testcase name="resultadolistagemdrecefaidto_com_erro_foi_construido" time="0.0" classname="br.laramara.ti.sislaracommons.dtos.escola.TestesResultadoListagemDreCefaiDTO"/>
  <testcase name="resultadolistagemdrecefaidto_sem_erro_foi_construido" time="0.0" classname="br.laramara.ti.sislaracommons.dtos.escola.TestesResultadoListagemDreCefaiDTO"/>
  <testcase name="resultadolistagemescolaridadedto_com_erro_foi_construido" time="0.0" classname="br.laramara.ti.sislaracommons.dtos.escola.TestesResultadoListagemEscolaridadeDTO"/>
  <testcase name="resultadolistagemescolaridadedto_sem_erro_foi_construido" time="0.0" classname="br.laramara.ti.sislaracommons.dtos.escola.TestesResultadoListagemEscolaridadeDTO"/>
  <testcase name="resultadolistagemperiododto_com_erro_foi_construido" time="0.0" classname="br.laramara.ti.sislaracommons.dtos.escola.TestesResultadoListagemPeriodoDTO"/>
  <testcase name="resultadolistagemperiododto_sem_erro_foi_construido" time="0.0" classname="br.laramara.ti.sislaracommons.dtos.escola.TestesResultadoListagemPeriodoDTO"/>
  <testcase name="resultadolistagemseriedto_com_erro_foi_construido" time="0.0" classname="br.laramara.ti.sislaracommons.dtos.escola.TestesResultadoListagemSerieDTO"/>
  <testcase name="resultadolistagemseriedto_sem_erro_foi_construido" time="0.0" classname="br.laramara.ti.sislaracommons.dtos.escola.TestesResultadoListagemSerieDTO"/>
  <testcase name="resultadolistagemtipoapoiodto_com_erro_foi_construido" time="0.0" classname="br.laramara.ti.sislaracommons.dtos.escola.TestesResultadoListagemTipoApoioDTO"/>
  <testcase name="resultadolistagemtipoapoiodto_sem_erro_foi_construido" time="0.0" classname="br.laramara.ti.sislaracommons.dtos.escola.TestesResultadoListagemTipoApoioDTO"/>
  <testcase name="resultadolistagemtipoespecialidadedto_com_erro_foi_construido" time="0.0" classname="br.laramara.ti.sislaracommons.dtos.escola.TestesResultadoListagemTipoEspecialidadeDTO"/>
  <testcase name="resultadolistagemtipoespecialidadedto_sem_erro_foi_construido" time="0.0" classname="br.laramara.ti.sislaracommons.dtos.escola.TestesResultadoListagemTipoEspecialidadeDTO"/>
  <testcase name="resultadovalidacaoinformacaoeducacionaldto_com_erro_foi_construido" time="0.0" classname="br.laramara.ti.sislaracommons.dtos.escola.TestesResultadoValidacaoInformacaoEscolarDT"/>
  <testcase name="resultadovalidacaoinformacaoeducacionaldto_sem_erro_foi_construido" time="0.0" classname="br.laramara.ti.sislaracommons.dtos.escola.TestesResultadoValidacaoInformacaoEscolarDT"/>
  <testcase name="situacaodto_foi_construida_com_sucesso" time="0.0" classname="br.laramara.ti.sislaracommons.dtos.escola.TestesSerieDTO"/>
  <testcase name="situacaodto_foi_construida_com_sucesso" time="0.0" classname="br.laramara.ti.sislaracommons.dtos.escola.TestesSituacaoDTO"/>
  <testcase name="tipoapoiodto_foi_construida_com_sucesso" time="0.0" classname="br.laramara.ti.sislaracommons.dtos.escola.TestesTipoApoioDTO"/>
  <testcase name="tipoespecialidadedto_foi_construida_com_sucesso" time="0.0" classname="br.laramara.ti.sislaracommons.dtos.escola.TestesTipoEspecialidadeDTO"/>
  <testcase name="atendimentoindividualdto_foi_construida_com_sucesso" time="0.0" classname="br.laramara.ti.sislaracommons.dtos.espera.TestesAtendimentoIndividualDTO"/>
  <testcase name="especificacaopesquisaesperadto_sem_erro_foi_construido" time="0.0" classname="br.laramara.ti.sislaracommons.dtos.espera.TestesEspecificacaoPesquisaEsperaDTO"/>
  <testcase name="agendamentodto_foi_construida_com_sucesso" time="0.0" classname="br.laramara.ti.sislaracommons.dtos.espera.TestesEsperaDTO"/>
  <testcase name="resultadoedicaoatendimentoindividualdto_com_erro_foi_construido" time="0.0" classname="br.laramara.ti.sislaracommons.dtos.espera.TestesResultadoEdicaoAtendimentoIndividualDTO"/>
  <testcase name="resultadoedicaoatendimentoindividualdto_sem_erro_foi_construido" time="0.0" classname="br.laramara.ti.sislaracommons.dtos.espera.TestesResultadoEdicaoAtendimentoIndividualDTO"/>
  <testcase name="resultadoedicaoesperadto_com_erro_foi_construido" time="0.0" classname="br.laramara.ti.sislaracommons.dtos.espera.TestesResultadoEdicaoEsperaDTO"/>
  <testcase name="resultadoedicaoesperadto_sem_erro_foi_construido" time="0.0" classname="br.laramara.ti.sislaracommons.dtos.espera.TestesResultadoEdicaoEsperaDTO"/>
  <testcase name="resultadolistagemesperadto_sem_erro_foi_construido" time="0.0" classname="br.laramara.ti.sislaracommons.dtos.espera.TestesResultadoListagemEsperaDTO"/>
  <testcase name="resultadolistagemstatusesperadto_sem_erro_foi_construido" time="0.0" classname="br.laramara.ti.sislaracommons.dtos.espera.TestesResultadoListagemStatusEsperaDTO"/>
  <testcase name="resultadolistagemtipoesperadto_sem_erro_foi_construido" time="0.0" classname="br.laramara.ti.sislaracommons.dtos.espera.TestesResultadoListagemTipoEsperaDTO"/>
  <testcase name="statusesperadto_foi_construida_com_sucesso" time="0.0" classname="br.laramara.ti.sislaracommons.dtos.espera.TestesStatusEsperaDTO"/>
  <testcase name="tipoesperadto_foi_construida_com_sucesso" time="0.0" classname="br.laramara.ti.sislaracommons.dtos.espera.TestesTipoEsperaDTO"/>
  <testcase name="familiardto_foi_construida_com_sucesso" time="0.0" classname="br.laramara.ti.sislaracommons.dtos.familiar.TestesFamiliarDTO"/>
  <testcase name="informacaotrabalhodto_foi_construida_com_sucesso" time="0.0" classname="br.laramara.ti.sislaracommons.dtos.familiar.TestesInformacaoTrabalhoDTO"/>
  <testcase name="parentescodto_foi_construida_com_sucesso" time="0.0" classname="br.laramara.ti.sislaracommons.dtos.familiar.TestesParentescoDTO"/>
  <testcase name="resultadolistagemparentescodto_com_erro_foi_construido" time="0.0" classname="br.laramara.ti.sislaracommons.dtos.familiar.TestesResultadoListagemParentescoDTO"/>
  <testcase name="resultadolistagemparentescodto_sem_erro_foi_construido" time="0.0" classname="br.laramara.ti.sislaracommons.dtos.familiar.TestesResultadoListagemParentescoDTO"/>
  <testcase name="resultadovalidacaofamiliardto_com_erro_foi_construido" time="0.0" classname="br.laramara.ti.sislaracommons.dtos.familiar.TestesResultadoValidacaoFamiliarDTO"/>
  <testcase name="resultadovalidacaofamiliardto_sem_erro_foi_construido" time="0.0" classname="br.laramara.ti.sislaracommons.dtos.familiar.TestesResultadoValidacaoFamiliarDTO"/>
  <testcase name="atendimentogrupodto_foi_construida_com_sucesso" time="0.0" classname="br.laramara.ti.sislaracommons.dtos.grupo.TestesAtendimentoGrupoDTO"/>
  <testcase name="tipodescricaoatendimentodto_foi_construida_com_sucesso" time="0.0" classname="br.laramara.ti.sislaracommons.dtos.grupo.TestesDescricaoTipoAtendimentoDTO"/>
  <testcase name="diasemanadto_foi_construida_com_sucesso" time="0.0" classname="br.laramara.ti.sislaracommons.dtos.grupo.TestesDiaSemanaDTO"/>
  <testcase name="diasemanaehorariodto_foi_construida_com_sucesso" time="0.0" classname="br.laramara.ti.sislaracommons.dtos.grupo.TestesDiaSemanaEHorarioDTO"/>
  <testcase name="especificacaodto_foi_construida_com_sucesso" time="0.0" classname="br.laramara.ti.sislaracommons.dtos.grupo.TestesEspecificacaoGeracaoAtendimentosDTO"/>
  <testcase name="expectativadto_foi_construida_com_sucesso" time="0.0" classname="br.laramara.ti.sislaracommons.dtos.grupo.TestesExpectativaDTO"/>
  <testcase name="frequenciadto_foi_construida_com_sucesso" time="0.0" classname="br.laramara.ti.sislaracommons.dtos.grupo.TestesFrequenciaDTO"/>
  <testcase name="grupodto_foi_construida_com_sucesso" time="0.0" classname="br.laramara.ti.sislaracommons.dtos.grupo.TestesGrupoDTO"/>
  <testcase name="grupodto_obtem_modulo_periodo_por_nome" time="0.0" classname="br.laramara.ti.sislaracommons.dtos.grupo.TestesGrupoDTO"/>
  <testcase name="grupodto_obtem_nome_modulos_com_sucesso" time="0.0" classname="br.laramara.ti.sislaracommons.dtos.grupo.TestesGrupoDTO"/>
  <testcase name="informacaoatendimentodto_foi_construida_com_sucesso" time="0.0" classname="br.laramara.ti.sislaracommons.dtos.grupo.TestesInformacaoAtendimentoDTO"/>
  <testcase name="localatendimentodto_foi_construida_com_sucesso" time="0.0" classname="br.laramara.ti.sislaracommons.dtos.grupo.TestesLocalAtendimentoDTO"/>
  <testcase name="lote_recursodto_foi_construido_com_sucesso" time="0.0" classname="br.laramara.ti.sislaracommons.dtos.grupo.TestesLoteRecursoDTO"/>
  <testcase name="modulodto_foi_construida_com_sucesso" time="0.0" classname="br.laramara.ti.sislaracommons.dtos.grupo.TestesModuloDTO"/>
  <testcase name="moduloperiododto_foi_construida_com_sucesso" time="0.0" classname="br.laramara.ti.sislaracommons.dtos.grupo.TestesModuloPeriodoDTO"/>
  <testcase name="moduloperiododto_obtem_atendimento" time="0.0" classname="br.laramara.ti.sislaracommons.dtos.grupo.TestesModuloPeriodoDTO"/>
  <testcase name="modulouprecadastrodto_foi_construida_com_sucesso" time="0.0" classname="br.laramara.ti.sislaracommons.dtos.grupo.TestesModuloPreCadastroDTO"/>
  <testcase name="modulousuariodto_foi_construida_com_sucesso" time="0.0" classname="br.laramara.ti.sislaracommons.dtos.grupo.TestesModuloUsuarioDTO"/>
  <testcase name="necessidadedto_foi_construida_com_sucesso" time="0.0" classname="br.laramara.ti.sislaracommons.dtos.grupo.TestesNecessidadeDTO"/>
  <testcase name="nomegrupodto_foi_construida_com_sucesso" time="0.0" classname="br.laramara.ti.sislaracommons.dtos.grupo.TestesNomeGrupoDTO"/>
  <testcase name="profissionaldto_foi_construida_com_sucesso" time="0.0" classname="br.laramara.ti.sislaracommons.dtos.grupo.TestesProfissionalDTO"/>
  <testcase name="profissional_vinculo_dto_foi_construida_com_sucesso" time="0.0" classname="br.laramara.ti.sislaracommons.dtos.grupo.TestesProfissionalVinculoDTO"/>
  <testcase name="programadto_foi_construida_com_sucesso" time="0.0" classname="br.laramara.ti.sislaracommons.dtos.grupo.TestesProgramacaoDTO"/>
  <testcase name="programadto_foi_construida_com_sucesso" time="0.0" classname="br.laramara.ti.sislaracommons.dtos.grupo.TestesProgramaDTO"/>
  <testcase name="recursodto_foi_construida_com_sucesso" time="0.0" classname="br.laramara.ti.sislaracommons.dtos.grupo.TestesRecursoDTO"/>
  <testcase name="recurso_moradia_dto_foi_construida_com_sucesso" time="0.0" classname="br.laramara.ti.sislaracommons.dtos.grupo.TestesRecursoMoradiaDTO"/>
  <testcase name="resultadoedicaogrupodto_com_erro_foi_construido" time="0.0" classname="br.laramara.ti.sislaracommons.dtos.grupo.TestesResultadoEdicaoGrupoDTO"/>
  <testcase name="resultadoedicaogrupodto_sem_erro_foi_construido" time="0.0" classname="br.laramara.ti.sislaracommons.dtos.grupo.TestesResultadoEdicaoGrupoDTO"/>
  <testcase name="resultadogeracaoatendimentodto_com_erro_foi_construido" time="0.0" classname="br.laramara.ti.sislaracommons.dtos.grupo.TestesResultadoGeracaoAtendimentosDTO"/>
  <testcase name="resultadogeracaoatendimentodto_sem_erro_foi_construido" time="0.0" classname="br.laramara.ti.sislaracommons.dtos.grupo.TestesResultadoGeracaoAtendimentosDTO"/>
  <testcase name="resultadolistagemdescricaotipoatendimentodto_com_descricaotipoatendimentos_sem_erro_foi_construido" time="0.0" classname="br.laramara.ti.sislaracommons.dtos.grupo.TestesResultadoListagemDescricaoTipoAtendimentoDTO"/>
  <testcase name="resultadolistagemdescricaotipoatendimentodto_com_um_descricaotipoatendimento_sem_erro_foi_construido" time="0.0" classname="br.laramara.ti.sislaracommons.dtos.grupo.TestesResultadoListagemDescricaoTipoAtendimentoDTO"/>
  <testcase name="resultadopesquisatipoatendimentodto_vazio_foi_construido" time="0.0" classname="br.laramara.ti.sislaracommons.dtos.grupo.TestesResultadoListagemDescricaoTipoAtendimentoDTO"/>
  <testcase name="resultadolistagemdiasemanadto_com_erro_foi_construido" time="0.0" classname="br.laramara.ti.sislaracommons.dtos.grupo.TestesResultadoListagemDiaSemanaDTO"/>
  <testcase name="resultadolistagemdiasemanadto_sem_erro_foi_construido" time="0.0" classname="br.laramara.ti.sislaracommons.dtos.grupo.TestesResultadoListagemDiaSemanaDTO"/>
  <testcase name="resultadolistagemfrequenciadto_com_erro_foi_construido" time="0.0" classname="br.laramara.ti.sislaracommons.dtos.grupo.TestesResultadoListagemFrequenciaDTO"/>
  <testcase name="resultadolistagemfrequenciadto_sem_erro_foi_construido" time="0.0" classname="br.laramara.ti.sislaracommons.dtos.grupo.TestesResultadoListagemFrequenciaDTO"/>
  <testcase name="resultadolistagemgrupodto_com_erro_foi_construido" time="0.0" classname="br.laramara.ti.sislaracommons.dtos.grupo.TestesResultadoListagemGrupoDTO"/>
  <testcase name="resultadolistagemgrupodto_sem_erro_foi_construido" time="0.0" classname="br.laramara.ti.sislaracommons.dtos.grupo.TestesResultadoListagemGrupoDTO"/>
  <testcase name="resultadolistagemlocalatendimentodto_com_erro_foi_construido" time="0.0" classname="br.laramara.ti.sislaracommons.dtos.grupo.TestesResultadoListagemLocalAtendimentoDTO"/>
  <testcase name="resultadolistagemlocalatendimentodto_sem_erro_foi_construido" time="0.0" classname="br.laramara.ti.sislaracommons.dtos.grupo.TestesResultadoListagemLocalAtendimentoDTO"/>
  <testcase name="resultadolistagemnomegrupodto_com_erro_foi_construido" time="0.0" classname="br.laramara.ti.sislaracommons.dtos.grupo.TestesResultadoListagemNomeGrupoDTO"/>
  <testcase name="resultadolistagemnomegrupodto_sem_erro_foi_construido" time="0.0" classname="br.laramara.ti.sislaracommons.dtos.grupo.TestesResultadoListagemNomeGrupoDTO"/>
  <testcase name="resultadolistagemprofissionaldto_com_erro_foi_construido" time="0.016" classname="br.laramara.ti.sislaracommons.dtos.grupo.TestesResultadoListagemProfissional"/>
  <testcase name="resultadolistagemprofissionaldto_sem_erro_foi_construido" time="0.0" classname="br.laramara.ti.sislaracommons.dtos.grupo.TestesResultadoListagemProfissional"/>
  <testcase name="resultadolistagemstausrelacaousuariomodulodto_com_erro_foi_construido" time="0.0" classname="br.laramara.ti.sislaracommons.dtos.grupo.TestesResultadoListagemStatusRelacaoUsuarioModuloDTO"/>
  <testcase name="resultadolistagemstausrelacaousuariomodulodto_sem_erro_foi_construido" time="0.0" classname="br.laramara.ti.sislaracommons.dtos.grupo.TestesResultadoListagemStatusRelacaoUsuarioModuloDTO"/>
  <testcase name="resultadolistagemtipoatendimentodto_com_tipoatendimentos_sem_erro_foi_construido" time="0.0" classname="br.laramara.ti.sislaracommons.dtos.grupo.TestesResultadoListagemTipoAtendimentoDTO"/>
  <testcase name="resultadolistagemtipoatendimentodto_com_um_tipoatendimento_sem_erro_foi_construido" time="0.0" classname="br.laramara.ti.sislaracommons.dtos.grupo.TestesResultadoListagemTipoAtendimentoDTO"/>
  <testcase name="resultadopesquisatipoatendimentodto_vazio_foi_construido" time="0.0" classname="br.laramara.ti.sislaracommons.dtos.grupo.TestesResultadoListagemTipoAtendimentoDTO"/>
  <testcase name="resultado_sincronizacao_profissionais_dto_sem_erro_foi_construido" time="0.0" classname="br.laramara.ti.sislaracommons.dtos.grupo.TestesResultadoSincronizacaoDTO"/>
  <testcase name="resultadovalidacaoatendimentobasedto_sem_erro_foi_construido" time="0.0" classname="br.laramara.ti.sislaracommons.dtos.grupo.TestesResultadoValidacaoAtendimentoUsuarioDTO"/>
  <testcase name="resultadovalidacaoatendimentousuariodto_com_erro_foi_construido" time="0.0" classname="br.laramara.ti.sislaracommons.dtos.grupo.TestesResultadoValidacaoAtendimentoUsuarioDTO"/>
  <testcase name="resultadovalidacaomoduloperiododto_com_erro_foi_construido" time="0.0" classname="br.laramara.ti.sislaracommons.dtos.grupo.TestesResultadoValidacaoModuloPeriodoDTO"/>
  <testcase name="resultadovalidacaomoduloperiododto_sem_erro_foi_construido" time="0.0" classname="br.laramara.ti.sislaracommons.dtos.grupo.TestesResultadoValidacaoModuloPeriodoDTO"/>
  <testcase name="resultadovalidacaomodulorelacaobasedto_com_erro_foi_construido" time="0.0" classname="br.laramara.ti.sislaracommons.dtos.grupo.TestesResultadoValidacaoModuloRelacaoBaseDTO"/>
  <testcase name="resultadovalidacaomodulorelacaobasedto_sem_erro_foi_construido" time="0.0" classname="br.laramara.ti.sislaracommons.dtos.grupo.TestesResultadoValidacaoModuloRelacaoBaseDTO"/>
  <testcase name="resultadovalidacaoprogramacaodto_com_erro_foi_construido" time="0.0" classname="br.laramara.ti.sislaracommons.dtos.grupo.TestesResultadoValidacaoProgramacaoDTO"/>
  <testcase name="resultadovalidacaoprogramacaodto_sem_erro_foi_construido" time="0.0" classname="br.laramara.ti.sislaracommons.dtos.grupo.TestesResultadoValidacaoProgramacaoDTO"/>
  <testcase name="servicodto_foi_construida_com_sucesso" time="0.0" classname="br.laramara.ti.sislaracommons.dtos.grupo.TestesServicoDTO"/>
  <testcase name="statusatendimentodto_foi_construida_com_sucesso" time="0.0" classname="br.laramara.ti.sislaracommons.dtos.grupo.TestesStatusAtendimentoDTO"/>
  <testcase name="statusrelacaocommodulodto_foi_construida_com_sucesso" time="0.0" classname="br.laramara.ti.sislaracommons.dtos.grupo.TestesStatusRelacaoComModuloDTO"/>
  <testcase name="tipificacaoservicodto_foi_construida_com_sucesso" time="0.0" classname="br.laramara.ti.sislaracommons.dtos.grupo.TestesTipificacaoServicoDTO"/>
  <testcase name="tipoatendimentodto_foi_construida_com_sucesso" time="0.0" classname="br.laramara.ti.sislaracommons.dtos.grupo.TestesTipoAtendimentoDTO"/>
  <testcase name="classificacaoinstituicao_dto_foi_construido_com_sucesso" time="0.0" classname="br.laramara.ti.sislaracommons.dtos.instituicao.TestesClassificacaoInstituicaoDTO"/>
  <testcase name="especificacaopesquisainstituicao_com_um_parametro_construida_com_sucesso" time="0.0" classname="br.laramara.ti.sislaracommons.dtos.instituicao.TestesEspecificacaoPesquisaInstituicaoDTO"/>
  <testcase name="especificacaopesquisainstituicao_retorna_possiveis_chaves_de_pesquisa" time="0.0" classname="br.laramara.ti.sislaracommons.dtos.instituicao.TestesEspecificacaoPesquisaInstituicaoDTO"/>
  <testcase name="instituicaodto_foi_construida_com_sucesso" time="0.0" classname="br.laramara.ti.sislaracommons.dtos.instituicao.TestesInstituicaoDTO"/>
  <testcase name="resultadoedicaoinstituicaodto_com_erro_foi_construido" time="0.0" classname="br.laramara.ti.sislaracommons.dtos.instituicao.TestesResultadoEdicaoInstituicaoDTO"/>
  <testcase name="resultadoedicaoinstituicaodto_sem_erro_foi_construido" time="0.0" classname="br.laramara.ti.sislaracommons.dtos.instituicao.TestesResultadoEdicaoInstituicaoDTO"/>
  <testcase name="resultadolistagemclassificacaoinstituicaodto_com_erro_foi_construido" time="0.015" classname="br.laramara.ti.sislaracommons.dtos.instituicao.TestesResultadoListagemClassificacaoInstituicaoDTO"/>
  <testcase name="resultadolistagemclassificacaoinstituicaodto_sem_erro_foi_construido" time="0.0" classname="br.laramara.ti.sislaracommons.dtos.instituicao.TestesResultadoListagemClassificacaoInstituicaoDTO"/>
  <testcase name="resultadopesquisainstituicaodto_com_um_usuario_sem_erro_foi_construido" time="0.0" classname="br.laramara.ti.sislaracommons.dtos.instituicao.TestesResultadoPesquisaInstituicoesDTO"/>
  <testcase name="resultadopesquisainstituicaodto_com_usuarios_sem_erro_foi_construido" time="0.0" classname="br.laramara.ti.sislaracommons.dtos.instituicao.TestesResultadoPesquisaInstituicoesDTO"/>
  <testcase name="resultadopesquisainstituicaodto_vazio_foi_construido" time="0.0" classname="br.laramara.ti.sislaracommons.dtos.instituicao.TestesResultadoPesquisaInstituicoesDTO"/>
  <testcase name="tipoinstituicaodto_foi_construido_com_sucesso" time="0.0" classname="br.laramara.ti.sislaracommons.dtos.instituicao.TestesTipoInstituicaoDTO"/>
  <testcase name="especificacaopesquisaprecadastro_com_um_parametro_construida_com_sucesso" time="0.0" classname="br.laramara.ti.sislaracommons.dtos.precadastro.TestesEspecificacaoPesquisaPreCadastroDTO"/>
  <testcase name="especificacaopesquisaprecadastro_retorna_possiveis_chaves_de_pesquisa" time="0.0" classname="br.laramara.ti.sislaracommons.dtos.precadastro.TestesEspecificacaoPesquisaPreCadastroDTO"/>
  <testcase name="origemcomunidadedto_foi_construida_com_sucesso" time="0.0" classname="br.laramara.ti.sislaracommons.dtos.precadastro.TestesOrigemComunidadeDTO"/>
  <testcase name="precadastrodto_foi_construida_pelo_client_com_sucesso" time="0.0" classname="br.laramara.ti.sislaracommons.dtos.precadastro.TestesPreCadastroDTO"/>
  <testcase name="precadastrodto_foi_construida_pelo_server_com_sucesso" time="0.0" classname="br.laramara.ti.sislaracommons.dtos.precadastro.TestesPreCadastroDTO"/>
  <testcase name="resultadoedicaoprecadastrodto_com_erro_foi_construido" time="0.0" classname="br.laramara.ti.sislaracommons.dtos.precadastro.TestesResultadoEdicaoPreCadastroDTO"/>
  <testcase name="resultadoedicaoprecadastrodto_sem_erro_foi_construido" time="0.0" classname="br.laramara.ti.sislaracommons.dtos.precadastro.TestesResultadoEdicaoPreCadastroDTO"/>
  <testcase name="resultadolistagemprecadastrodto_com_um_usuario_sem_erro_foi_construido" time="0.0" classname="br.laramara.ti.sislaracommons.dtos.precadastro.TestesResultadoListagemPreCadastroDTO"/>
  <testcase name="resultadolistagemprecadastrodto_com_usuarios_sem_erro_foi_construido" time="0.0" classname="br.laramara.ti.sislaracommons.dtos.precadastro.TestesResultadoListagemPreCadastroDTO"/>
  <testcase name="resultadopesquisaprecadastrodto_vazio_foi_construido" time="0.0" classname="br.laramara.ti.sislaracommons.dtos.precadastro.TestesResultadoListagemPreCadastroDTO"/>
  <testcase name="retiradadto_foi_construida_pelo_com_sucesso" time="0.0" classname="br.laramara.ti.sislaracommons.dtos.retirada.TestesRetiradaDTO"/>
  <testcase name="contaacessodto_foi_construida_com_sucesso" time="0.328" classname="br.laramara.ti.sislaracommons.dtos.seguranca.TestesContaAcessoDTO"/>
  <testcase name="credencialdto_foi_construida_com_sucesso" time="0.0" classname="br.laramara.ti.sislaracommons.dtos.seguranca.TestesCredencialDTO"/>
  <testcase name="credencialexternadto_foi_construida_com_sucesso" time="0.0" classname="br.laramara.ti.sislaracommons.dtos.seguranca.TestesCredencialExternaDTO"/>
  <testcase name="grupo_conta_acesso_bloqueado_foi_construida_com_sucesso" time="0.016" classname="br.laramara.ti.sislaracommons.dtos.seguranca.TestesGrupoContaAcessoBloqueadoDTO"/>
  <testcase name="perfildto_foi_construida_com_sucesso" time="0.0" classname="br.laramara.ti.sislaracommons.dtos.seguranca.TestesPerfilDTO"/>
  <testcase name="permissaodto_foi_construida_com_sucesso" time="0.0" classname="br.laramara.ti.sislaracommons.dtos.seguranca.TestesPermissaoDTO"/>
  <testcase name="resultado_alteracao_extensao_relatorio_foi_construida_com_erro" time="0.0" classname="br.laramara.ti.sislaracommons.dtos.seguranca.TestesResultadoAlteracaoExtensaoRelatorioDTO"/>
  <testcase name="resultado_alteracao_extensao_relatorio_foi_construida_com_sucesso" time="0.0" classname="br.laramara.ti.sislaracommons.dtos.seguranca.TestesResultadoAlteracaoExtensaoRelatorioDTO"/>
  <testcase name="resultadoautenticacaodto_com_erro_foi_construido" time="0.0" classname="br.laramara.ti.sislaracommons.dtos.seguranca.TestesResultadoAutenticacaoDTO"/>
  <testcase name="resultadoautenticacaodto_sem_erro_foi_construido" time="0.0" classname="br.laramara.ti.sislaracommons.dtos.seguranca.TestesResultadoAutenticacaoDTO"/>
  <testcase name="resultadocoordenacaoedicaodto_sem_erro_foi_construido" time="0.0" classname="br.laramara.ti.sislaracommons.dtos.seguranca.TestesResultadoCoordenacaoEdicaoDTO"/>
  <testcase name="resultadoedicaoperfildto_sem_erro_foi_construido" time="0.0" classname="br.laramara.ti.sislaracommons.dtos.seguranca.TestesResultadoEdicaoPerfilDTO"/>
  <testcase name="resultadolistagemcontaacessodto_com_contaacesso_sem_erro_foi_construido" time="0.015" classname="br.laramara.ti.sislaracommons.dtos.seguranca.TestesResultadoListagemContaAcessoDTO"/>
  <testcase name="resultadolistagemgruposbloqueadosdto_sem_erro_foi_construido" time="0.0" classname="br.laramara.ti.sislaracommons.dtos.seguranca.TestesResultadoListagemGrupoBloqueadosDTO"/>
  <testcase name="resultadolistagemusuariosbloqueadosdto_sem_erro_foi_construido" time="0.0" classname="br.laramara.ti.sislaracommons.dtos.seguranca.TestesResultadoListagemPerfilDTO"/>
  <testcase name="resultadolistagempermissaodto_sem_erro_foi_construido" time="0.0" classname="br.laramara.ti.sislaracommons.dtos.seguranca.TestesResultadoListagemPermissaoDTO"/>
  <testcase name="resultadolistagemperfildto_sem_erro_foi_construido" time="0.0" classname="br.laramara.ti.sislaracommons.dtos.seguranca.TestesResultadoListagemUsuariosBloqueadosDTO"/>
  <testcase name="tokendto_foi_construido_com_sucesso" time="0.0" classname="br.laramara.ti.sislaracommons.dtos.seguranca.TestesTokenDTO"/>
  <testcase name="usuario_conta_acesso_bloqueado_foi_construida_com_sucesso" time="0.0" classname="br.laramara.ti.sislaracommons.dtos.seguranca.TestesUsuarioContaAcessoBloqueadoDTO"/>
  <testcase name="elaboradordto_foi_construido_com_sucesso" time="0.0" classname="br.laramara.ti.sislaracommons.dtos.solicitacao.TestesElaboradorDTO"/>
  <testcase name="especificacaopesquisasolicitacaorelatoriodto_sem_erro_foi_construido" time="0.016" classname="br.laramara.ti.sislaracommons.dtos.solicitacao.TestesEspecificacaoPesquisaSolicitacaoRelatorioDTO"/>
  <testcase name="solicitacao_relatorio_dto_foi_construida_pelo_com_sucesso" time="0.0" classname="br.laramara.ti.sislaracommons.dtos.solicitacao.TestesSolicitacaoRelatorioDTO"/>
  <testcase name="statussolicitacaorelatoriodto_foi_construida_com_sucesso" time="0.0" classname="br.laramara.ti.sislaracommons.dtos.solicitacao.TestesStatusSolicitacaoRelatorioDTO"/>
  <testcase name="tiporelatoriodto_foi_construida_com_sucesso" time="0.0" classname="br.laramara.ti.sislaracommons.dtos.solicitacao.TestesTipoRelatorioDTO"/>
  <testcase name="contatodto_foi_construida_com_sucesso" time="0.0" classname="br.laramara.ti.sislaracommons.dtos.TestesContatoDTO"/>
  <testcase name="horariodto_foi_construida_com_sucesso" time="0.0" classname="br.laramara.ti.sislaracommons.dtos.TestesHorarioDTO"/>
  <testcase name="informacaoessencialdto_foi_construida_com_sucesso" time="0.0" classname="br.laramara.ti.sislaracommons.dtos.TestesInformacaoEssencialDTO"/>
  <testcase name="resultadoalteracaosenhadto_sem_erro_foi_construido" time="0.0" classname="br.laramara.ti.sislaracommons.dtos.TestesResultadoAlteracaoSenhaDTO"/>
  <testcase name="resultadolistagemtipotelefonedto_com_erro_foi_construido" time="0.0" classname="br.laramara.ti.sislaracommons.dtos.TestesResultadoListagemTipoTelefone"/>
  <testcase name="resultadolistagemtipotelefonedto_sem_erro_foi_construido" time="0.0" classname="br.laramara.ti.sislaracommons.dtos.TestesResultadoListagemTipoTelefone"/>
  <testcase name="resultado_relatoriodto_com_relatorio_sem_erro_foi_construido" time="0.0" classname="br.laramara.ti.sislaracommons.dtos.TestesResultadoRelatorioDTO"/>
  <testcase name="resultado_relatoriodto_sem_relatorio_com_erro_foi_construido" time="0.0" classname="br.laramara.ti.sislaracommons.dtos.TestesResultadoRelatorioDTO"/>
  <testcase name="resultadovalidacaotelefonedto_com_erro_foi_construido" time="0.0" classname="br.laramara.ti.sislaracommons.dtos.TestesResultadoValidacaoTelefoneDTO"/>
  <testcase name="resultadovalidacaotelefonedto_sem_erro_foi_construido" time="0.0" classname="br.laramara.ti.sislaracommons.dtos.TestesResultadoValidacaoTelefoneDTO"/>
  <testcase name="simnaodto_foi_construido_com_sucesso" time="0.0" classname="br.laramara.ti.sislaracommons.dtos.TestesSimNaoDTO"/>
  <testcase name="telefonedto_foi_construida_com_sucesso" time="0.0" classname="br.laramara.ti.sislaracommons.dtos.TestesTelefoneDTO"/>
  <testcase name="tipotelefonedto_foi_construida_com_sucesso" time="0.0" classname="br.laramara.ti.sislaracommons.dtos.TestesTipoTelefoneDTO"/>
  <testcase name="cargodto_foi_construida_com_sucesso" time="0.0" classname="br.laramara.ti.sislaracommons.dtos.trabalho.TestesCargoDTO"/>
  <testcase name="informacaotrabalhocompletadto_foi_construida_com_sucesso" time="0.0" classname="br.laramara.ti.sislaracommons.dtos.trabalho.TestesInformacaoTrabalhoCompletoDTO"/>
  <testcase name="localtrabalhodto_foi_construida_com_sucesso" time="0.0" classname="br.laramara.ti.sislaracommons.dtos.trabalho.TestesLocalTrabalhoDTO"/>
  <testcase name="comprometimentoDto_foi_construido_com_sucesso" time="0.015" classname="br.laramara.ti.sislaracommons.dtos.usuario.TesteComprometimentoDTO"/>
  <testcase name="beneficiosdto_foi_construido_com_sucesso" time="0.0" classname="br.laramara.ti.sislaracommons.dtos.usuario.TestesBeneficioDTO"/>
  <testcase name="classificacaosocialdto_foi_construida_com_sucesso" time="0.0" classname="br.laramara.ti.sislaracommons.dtos.usuario.TestesClassificacaoSocialDTO"/>
  <testcase name="condicao_moradia_dto_foi_construida_com_sucesso" time="0.0" classname="br.laramara.ti.sislaracommons.dtos.usuario.TestesCondicaoMoradiaDTO"/>
  <testcase name="conveniodto_foi_construido_com_sucesso" time="0.0" classname="br.laramara.ti.sislaracommons.dtos.usuario.TestesConvenioDTO"/>
  <testcase name="deficienciaDto_foi_construido_com_sucesso" time="0.0" classname="br.laramara.ti.sislaracommons.dtos.usuario.TestesDeficienciaDTO"/>
  <testcase name="encaminhamentodto_foi_construida_com_sucesso" time="0.016" classname="br.laramara.ti.sislaracommons.dtos.usuario.TestesEncaminhamentoDTO"/>
  <testcase name="epocaincidenciadto_foi_construido_com_sucesso" time="0.0" classname="br.laramara.ti.sislaracommons.dtos.usuario.TestesEpocaIncidenciaDTO"/>
  <testcase name="especificacaopesquisausuario_com_um_parametro_construida_com_sucesso" time="0.0" classname="br.laramara.ti.sislaracommons.dtos.usuario.TestesEspecificacaoPesquisaUsuarioDTO"/>
  <testcase name="especificacaopesquisausuario_retorna_possiveis_chaves_de_pesquisa" time="0.0" classname="br.laramara.ti.sislaracommons.dtos.usuario.TestesEspecificacaoPesquisaUsuarioDTO"/>
  <testcase name="estadocivildto_foi_construido_com_sucesso" time="0.0" classname="br.laramara.ti.sislaracommons.dtos.usuario.TestesEstadoCivilDTO"/>
  <testcase name="expectativa_dto_foi_construida_com_sucesso" time="0.0" classname="br.laramara.ti.sislaracommons.dtos.usuario.TestesExpectativaDTO"/>
  <testcase name="generodto_foi_construido_com_sucesso" time="0.0" classname="br.laramara.ti.sislaracommons.dtos.usuario.TestesGeneroDTO"/>
  <testcase name="grupoetnicodto_foi_construido_com_sucesso" time="0.0" classname="br.laramara.ti.sislaracommons.dtos.usuario.TestesGruposEtnicosDTO"/>
  <testcase name="habitacao_dto_foi_construida_com_sucesso" time="0.0" classname="br.laramara.ti.sislaracommons.dtos.usuario.TestesHabitacaoDTO"/>
  <testcase name="infraestrutura_basico_dto_foi_construida_com_sucesso" time="0.0" classname="br.laramara.ti.sislaracommons.dtos.usuario.TestesInfraestruturaBasicaDTO"/>
  <testcase name="recurso_moradia_dto_foi_construida_com_sucesso" time="0.0" classname="br.laramara.ti.sislaracommons.dtos.usuario.TestesNecessidadeDTO"/>
  <testcase name="origemencaminhamentodto_foi_construida_com_sucesso" time="0.0" classname="br.laramara.ti.sislaracommons.dtos.usuario.TestesOrigemEncaminhamentoDTO"/>
  <testcase name="periodo_beneficiosdto_foi_construido_com_sucesso" time="0.0" classname="br.laramara.ti.sislaracommons.dtos.usuario.TestesPeriodoBeneficioDTO"/>
  <testcase name="periodo_deficienciadto_foi_construido_com_sucesso" time="0.0" classname="br.laramara.ti.sislaracommons.dtos.usuario.TestesPeriodoDeficienciaDTO"/>
  <testcase name="periododto_foi_construida_com_sucesso" time="0.0" classname="br.laramara.ti.sislaracommons.dtos.usuario.TestesPeriodoDTO"/>
  <testcase name="prontuarioescaneadodto_foi_construida_com_sucesso" time="0.0" classname="br.laramara.ti.sislaracommons.dtos.usuario.TestesProntuarioEscaneadoDTO"/>
  <testcase name="recurso_moradia_dto_foi_construida_com_sucesso" time="0.0" classname="br.laramara.ti.sislaracommons.dtos.usuario.TestesRecursoMoradiaDTO"/>
  <testcase name="redeencaminhamentodto_foi_construida_com_sucesso" time="0.0" classname="br.laramara.ti.sislaracommons.dtos.usuario.TestesRedeEncaminhamentoDTO"/>
  <testcase name="resultadoedicaousuariodto_com_erro_foi_construido" time="0.0" classname="br.laramara.ti.sislaracommons.dtos.usuario.TestesResultadoEdicaoUsuarioDTO"/>
  <testcase name="resultadoedicaousuariodto_sem_erro_foi_construido" time="0.0" classname="br.laramara.ti.sislaracommons.dtos.usuario.TestesResultadoEdicaoUsuarioDTO"/>
  <testcase name="resultadolistegembeneficiodto_com_erro_foi_construido" time="0.015" classname="br.laramara.ti.sislaracommons.dtos.usuario.TestesResultadoListagemBeneficioDTO"/>
  <testcase name="resultadolistegembeneficiodto_sem_erro_foi_construido" time="0.0" classname="br.laramara.ti.sislaracommons.dtos.usuario.TestesResultadoListagemBeneficioDTO"/>
  <testcase name="resultadolistagemclassificacaosocialdto_com_erro_foi_construido" time="0.0" classname="br.laramara.ti.sislaracommons.dtos.usuario.TestesResultadoListagemClassificacaoSocialDTO"/>
  <testcase name="resultadolistagemclassificacaosocialdto_sem_erro_foi_construido" time="0.0" classname="br.laramara.ti.sislaracommons.dtos.usuario.TestesResultadoListagemClassificacaoSocialDTO"/>
  <testcase name="resultado_listagem_condicao_moradia_dto_sem_erro_foi_construido" time="0.0" classname="br.laramara.ti.sislaracommons.dtos.usuario.TestesResultadoListagemCondicaoMoradiaDTO"/>
  <testcase name="resultadolistegemconveniodto_com_erro_foi_construido" time="0.0" classname="br.laramara.ti.sislaracommons.dtos.usuario.TestesResultadoListagemConvenioDTO"/>
  <testcase name="resultadolistegemconveniodto_sem_erro_foi_construido" time="0.0" classname="br.laramara.ti.sislaracommons.dtos.usuario.TestesResultadoListagemConvenioDTO"/>
  <testcase name="resultadolistegemdeficienciadto_com_erro_foi_construido" time="0.0" classname="br.laramara.ti.sislaracommons.dtos.usuario.TestesResultadoListagemDeficienciaDTO"/>
  <testcase name="resultadolistegemdeficienciadto_sem_erro_foi_construido" time="0.0" classname="br.laramara.ti.sislaracommons.dtos.usuario.TestesResultadoListagemDeficienciaDTO"/>
  <testcase name="resultadolistegemdemandadto_com_erro_foi_construido" time="0.0" classname="br.laramara.ti.sislaracommons.dtos.usuario.TestesResultadoListagemDemandaDTO"/>
  <testcase name="resultadolistegemdemandadto_sem_erro_foi_construido" time="0.0" classname="br.laramara.ti.sislaracommons.dtos.usuario.TestesResultadoListagemDemandaDTO"/>
  <testcase name="resultadolistegemestadocivildto_com_erro_foi_construido" time="0.0" classname="br.laramara.ti.sislaracommons.dtos.usuario.TestesResultadoListagemEstadoCivilDTO"/>
  <testcase name="resultadolistegemestadocivildto_sem_erro_foi_construido" time="0.0" classname="br.laramara.ti.sislaracommons.dtos.usuario.TestesResultadoListagemEstadoCivilDTO"/>
  <testcase name="resultado_listagem_expectativa_dto_sem_erro_foi_construido" time="0.0" classname="br.laramara.ti.sislaracommons.dtos.usuario.TestesResultadoListagemExpectativaDTO"/>
  <testcase name="resultadolistegemgenerodto_com_erro_foi_construido" time="0.0" classname="br.laramara.ti.sislaracommons.dtos.usuario.TestesResultadoListagemGeneroDTO"/>
  <testcase name="resultadolistegemgenerodto_sem_erro_foi_construido" time="0.0" classname="br.laramara.ti.sislaracommons.dtos.usuario.TestesResultadoListagemGeneroDTO"/>
  <testcase name="resultadolistegemgrupoetnicodto_com_erro_foi_construido" time="0.0" classname="br.laramara.ti.sislaracommons.dtos.usuario.TestesResultadoListagemGrupoEtnicoDTO"/>
  <testcase name="resultadolistegemgrupoetnicodto_sem_erro_foi_construido" time="0.0" classname="br.laramara.ti.sislaracommons.dtos.usuario.TestesResultadoListagemGrupoEtnicoDTO"/>
  <testcase name="resultado_listagem_habitacao_dto_sem_erro_foi_construido" time="0.0" classname="br.laramara.ti.sislaracommons.dtos.usuario.TestesResultadoListagemHabitacaoDTO"/>
  <testcase name="resultado_listagem_infraestrutura_basica_dto_sem_erro_foi_construido" time="0.0" classname="br.laramara.ti.sislaracommons.dtos.usuario.TestesResultadoListagemInfraestruturaBasicaDTO"/>
  <testcase name="resultado_listagem_necessidade_dto_sem_erro_foi_construido" time="0.0" classname="br.laramara.ti.sislaracommons.dtos.usuario.TestesResultadoListagemNecessidadeDTO"/>
  <testcase name="resultadolistegemprontuarioescaneadodto_com_erro_foi_construido" time="0.0" classname="br.laramara.ti.sislaracommons.dtos.usuario.TestesResultadoListagemProntuarioEscaneadoDTO"/>
  <testcase name="resultadolistegemprontuarioescaneadodto_sem_erro_foi_construido" time="0.0" classname="br.laramara.ti.sislaracommons.dtos.usuario.TestesResultadoListagemProntuarioEscaneadoDTO"/>
  <testcase name="resultadolistegemrecursodto_com_erro_foi_construido" time="0.0" classname="br.laramara.ti.sislaracommons.dtos.usuario.TestesResultadoListagemRecursoDTO"/>
  <testcase name="resultadolistegemrecursodto_sem_erro_foi_construido" time="0.0" classname="br.laramara.ti.sislaracommons.dtos.usuario.TestesResultadoListagemRecursoDTO"/>
  <testcase name="resultado_listagem_recursos_moradia_dto_sem_erro_foi_construido" time="0.0" classname="br.laramara.ti.sislaracommons.dtos.usuario.TestesResultadoListagemRecursosMoradiaDTO"/>
  <testcase name="resultado_listagem_servico_dto_sem_erro_foi_construido" time="0.0" classname="br.laramara.ti.sislaracommons.dtos.usuario.TestesResultadoListagemServicoDTO"/>
  <testcase name="resultadolistegemsetordto_com_erro_foi_construido" time="0.0" classname="br.laramara.ti.sislaracommons.dtos.usuario.TestesResultadoListagemSetorDTO"/>
  <testcase name="resultadolistegemsetordto_sem_erro_foi_construido" time="0.0" classname="br.laramara.ti.sislaracommons.dtos.usuario.TestesResultadoListagemSetorDTO"/>
  <testcase name="resultadolistagemesituacaodto_sem_erro_foi_construido" time="0.0" classname="br.laramara.ti.sislaracommons.dtos.usuario.TestesResultadoListagemSituacaoDTO"/>
  <testcase name="resultadolistagemsituacaodto_com_erro_foi_construido" time="0.0" classname="br.laramara.ti.sislaracommons.dtos.usuario.TestesResultadoListagemSituacaoDTO"/>
  <testcase name="resultadolistegemsituacaoguardadto_com_erro_foi_construido" time="0.0" classname="br.laramara.ti.sislaracommons.dtos.usuario.TestesResultadoListagemSituacaoGuardaDTO"/>
  <testcase name="resultadolistegemsituacaoguardadto_sem_erro_foi_construido" time="0.0" classname="br.laramara.ti.sislaracommons.dtos.usuario.TestesResultadoListagemSituacaoGuardaDTO"/>
  <testcase name="resultado_listagem_situacao_habitacional_dto_sem_erro_foi_construido" time="0.0" classname="br.laramara.ti.sislaracommons.dtos.usuario.TestesResultadoListagemSituacaoHabitacionalDTO"/>
  <testcase name="resultadolistegemstatusdto_com_erro_foi_construido" time="0.0" classname="br.laramara.ti.sislaracommons.dtos.usuario.TestesResultadoListagemStatusDTO"/>
  <testcase name="resultadolistegemstatusdto_sem_erro_foi_construido" time="0.0" classname="br.laramara.ti.sislaracommons.dtos.usuario.TestesResultadoListagemStatusDTO"/>
  <testcase name="resultado_listagem_tipo_construcao_dto_sem_erro_foi_construido" time="0.0" classname="br.laramara.ti.sislaracommons.dtos.usuario.TestesResultadoListagemTipoConstrucaoDTO"/>
  <testcase name="resultadolistegemtipodto_com_erro_foi_construido" time="0.0" classname="br.laramara.ti.sislaracommons.dtos.usuario.TestesResultadoListagemTipoDTO"/>
  <testcase name="resultadolistegemtipodto_sem_erro_foi_construido" time="0.0" classname="br.laramara.ti.sislaracommons.dtos.usuario.TestesResultadoListagemTipoDTO"/>
  <testcase name="resultadolistegemufdto_com_erro_foi_construido" time="0.0" classname="br.laramara.ti.sislaracommons.dtos.usuario.TestesResultadoListagemUfDTO"/>
  <testcase name="resultadolistegemufdto_sem_erro_foi_construido" time="0.0" classname="br.laramara.ti.sislaracommons.dtos.usuario.TestesResultadoListagemUfDTO"/>
  <testcase name="resultadolistegemzonadto_com_erro_foi_construido" time="0.0" classname="br.laramara.ti.sislaracommons.dtos.usuario.TestesResultadoListagemZonaDTO"/>
  <testcase name="resultadolistegemzonadto_sem_erro_foi_construido" time="0.0" classname="br.laramara.ti.sislaracommons.dtos.usuario.TestesResultadoListagemZonaDTO"/>
  <testcase name="resultadopesquisausuariodto_com_um_usuario_sem_erro_foi_construido" time="0.0" classname="br.laramara.ti.sislaracommons.dtos.usuario.TestesResultadoPesquisaUsuarioDTO"/>
  <testcase name="resultadopesquisausuariodto_com_usuarios_sem_erro_foi_construido" time="0.0" classname="br.laramara.ti.sislaracommons.dtos.usuario.TestesResultadoPesquisaUsuarioDTO"/>
  <testcase name="resultadopesquisausuariodto_vazio_foi_construido" time="0.0" classname="br.laramara.ti.sislaracommons.dtos.usuario.TestesResultadoPesquisaUsuarioDTO"/>
  <testcase name="resultadovalidacaoloterecurso_com_erro_foi_construido" time="0.0" classname="br.laramara.ti.sislaracommons.dtos.usuario.TestesResultadoValidacaoLoteRecursoDTO"/>
  <testcase name="resultadovalidacaoloterecursodto_sem_erro_foi_construido" time="0.0" classname="br.laramara.ti.sislaracommons.dtos.usuario.TestesResultadoValidacaoLoteRecursoDTO"/>
  <testcase name="resultadovalidacaoperiodobeneficiodto_com_erro_foi_construido" time="0.0" classname="br.laramara.ti.sislaracommons.dtos.usuario.TestesResultadoValidacaoPeriodoBeneficioDTO"/>
  <testcase name="resultadovalidacaoperiodobeneficiodto_sem_erro_foi_construido" time="0.0" classname="br.laramara.ti.sislaracommons.dtos.usuario.TestesResultadoValidacaoPeriodoBeneficioDTO"/>
  <testcase name="resultadovalidacaoperiododeficienciadto_com_erro_foi_construido" time="0.0" classname="br.laramara.ti.sislaracommons.dtos.usuario.TestesResultadoValidacaoPeriodoDecifienciaDTO"/>
  <testcase name="resultadovalidacaoperiododeficienciadto_sem_erro_foi_construido" time="0.016" classname="br.laramara.ti.sislaracommons.dtos.usuario.TestesResultadoValidacaoPeriodoDecifienciaDTO"/>
  <testcase name="setordto_foi_construido_com_sucesso" time="0.0" classname="br.laramara.ti.sislaracommons.dtos.usuario.TestesSetorDTO"/>
  <testcase name="situacaoguardadto_foi_construido_com_sucesso" time="0.0" classname="br.laramara.ti.sislaracommons.dtos.usuario.TestesSituacaoGuardaDTO"/>
  <testcase name="situacao_habitacional_dto_foi_construida_com_sucesso" time="0.0" classname="br.laramara.ti.sislaracommons.dtos.usuario.TestesSituacaoHabitacionalDTO"/>
  <testcase name="status_beneficio_dto_foi_construido_com_sucesso" time="0.0" classname="br.laramara.ti.sislaracommons.dtos.usuario.TestesStatusBeneficioDTO"/>
  <testcase name="statusdto_foi_construido_com_sucesso" time="0.0" classname="br.laramara.ti.sislaracommons.dtos.usuario.TestesStatusDTO"/>
  <testcase name="tipocertidaodto_foi_construido_com_sucesso" time="0.0" classname="br.laramara.ti.sislaracommons.dtos.usuario.TestesTipoCertidaoDTO"/>
  <testcase name="tipo_construcao_dto_foi_construida_com_sucesso" time="0.0" classname="br.laramara.ti.sislaracommons.dtos.usuario.TestesTipoConstrucaoDTO"/>
  <testcase name="tipoleituradto_foi_construido_com_sucesso" time="0.0" classname="br.laramara.ti.sislaracommons.dtos.usuario.TestesTipoLeituraDTO"/>
  <testcase name="usuariodto_foi_construido_com_sucesso" time="0.0" classname="br.laramara.ti.sislaracommons.dtos.usuario.TestesUsuarioDTO"/>
  <testcase name="usuarioexternodto_foi_construido_com_sucesso" time="0.0" classname="br.laramara.ti.sislaracommons.dtos.usuario.TestesUsuarioExternoDTO"/>
  <testcase name="cpfcnpjutils_valida_cnpj_correto" time="0.0" classname="br.laramara.ti.sislaracommons.utilitarios.TestesCpfCnpjUtils"/>
  <testcase name="cpfcnpjutils_valida_cnpj_incorreto" time="0.0" classname="br.laramara.ti.sislaracommons.utilitarios.TestesCpfCnpjUtils"/>
  <testcase name="cpfcnpjutils_valida_cpf_correto" time="0.015" classname="br.laramara.ti.sislaracommons.utilitarios.TestesCpfCnpjUtils"/>
  <testcase name="cpfcnpjutils_valida_cpf_incorreto" time="0.0" classname="br.laramara.ti.sislaracommons.utilitarios.TestesCpfCnpjUtils"/>
  <testcase name="cpfutils_valida_cpf_correto" time="0.0" classname="br.laramara.ti.sislaracommons.utilitarios.TestesCpfUtils"/>
  <testcase name="cpfutils_valida_cpf_incorreto" time="0.0" classname="br.laramara.ti.sislaracommons.utilitarios.TestesCpfUtils"/>
  <testcase name="criptografia_gera_md5" time="0.0" classname="br.laramara.ti.sislaracommons.utilitarios.TestesCriptografia"/>
  <testcase name="datautils_adiciona_dias_em_data_atual" time="0.078" classname="br.laramara.ti.sislaracommons.utilitarios.TestesDataUtils"/>
  <testcase name="datautils_apos_meio_periodo" time="0.0" classname="br.laramara.ti.sislaracommons.utilitarios.TestesDataUtils"/>
  <testcase name="datautils_avanca_data_em_2_anos" time="0.016" classname="br.laramara.ti.sislaracommons.utilitarios.TestesDataUtils"/>
  <testcase name="datautils_cria_local_date_time_alternativo_com_sucesso" time="0.0" classname="br.laramara.ti.sislaracommons.utilitarios.TestesDataUtils"/>
  <testcase name="datautils_cria_local_date_time_com_sucesso" time="0.0" classname="br.laramara.ti.sislaracommons.utilitarios.TestesDataUtils"/>
  <testcase name="datautils_expirou_limite_24_horas" time="0.0" classname="br.laramara.ti.sislaracommons.utilitarios.TestesDataUtils"/>
  <testcase name="datautils_formata_data_calendar" time="0.0" classname="br.laramara.ti.sislaracommons.utilitarios.TestesDataUtils"/>
  <testcase name="datautils_formata_data_calendar_alternativo" time="0.0" classname="br.laramara.ti.sislaracommons.utilitarios.TestesDataUtils"/>
  <testcase name="datautils_formata_data_date" time="0.0" classname="br.laramara.ti.sislaracommons.utilitarios.TestesDataUtils"/>
  <testcase name="datautils_formata_data_hora" time="0.0" classname="br.laramara.ti.sislaracommons.utilitarios.TestesDataUtils"/>
  <testcase name="datautils_formata_data_local_date" time="0.016" classname="br.laramara.ti.sislaracommons.utilitarios.TestesDataUtils"/>
  <testcase name="datautils_formata_data_vazia" time="0.0" classname="br.laramara.ti.sislaracommons.utilitarios.TestesDataUtils"/>
  <testcase name="datautils_instancia_nova_data_a_partir_de_texto" time="0.0" classname="br.laramara.ti.sislaracommons.utilitarios.TestesDataUtils"/>
  <testcase name="datautils_instancia_nova_data_com_mes_correto" time="0.0" classname="br.laramara.ti.sislaracommons.utilitarios.TestesDataUtils"/>
  <testcase name="datautils_nao_expirou_limite_24_horas" time="0.0" classname="br.laramara.ti.sislaracommons.utilitarios.TestesDataUtils"/>
  <testcase name="datautils_obtem_data_hora_alternativo_valida" time="0.0" classname="br.laramara.ti.sislaracommons.utilitarios.TestesDataUtils"/>
  <testcase name="datautils_obtem_data_hora_valida" time="0.0" classname="br.laramara.ti.sislaracommons.utilitarios.TestesDataUtils"/>
  <testcase name="datautils_obtem_data_invalida" time="0.0" classname="br.laramara.ti.sislaracommons.utilitarios.TestesDataUtils"/>
  <testcase name="datautils_obtem_data_nula" time="0.0" classname="br.laramara.ti.sislaracommons.utilitarios.TestesDataUtils"/>
  <testcase name="datautils_obtem_data_valida" time="0.0" classname="br.laramara.ti.sislaracommons.utilitarios.TestesDataUtils"/>
  <testcase name="datautils_obtem_hora" time="0.0" classname="br.laramara.ti.sislaracommons.utilitarios.TestesDataUtils"/>
  <testcase name="datautils_obtem_hora_invalida_com_barra" time="0.0" classname="br.laramara.ti.sislaracommons.utilitarios.TestesDataUtils"/>
  <testcase name="datautils_obtem_hora_invalida_pequena" time="0.0" classname="br.laramara.ti.sislaracommons.utilitarios.TestesDataUtils"/>
  <testcase name="datautils_obtem_hora_nula" time="0.0" classname="br.laramara.ti.sislaracommons.utilitarios.TestesDataUtils"/>
  <testcase name="datautils_recuar_6_meses" time="0.0" classname="br.laramara.ti.sislaracommons.utilitarios.TestesDataUtils"/>
  <testcase name="datautils_retorna_hora" time="0.0" classname="br.laramara.ti.sislaracommons.utilitarios.TestesDataUtils"/>
  <testcase name="datautils_retorna_hora_total_invalida" time="0.0" classname="br.laramara.ti.sislaracommons.utilitarios.TestesDataUtils"/>
  <testcase name="datautils_retorna_hora_total_valida" time="0.0" classname="br.laramara.ti.sislaracommons.utilitarios.TestesDataUtils"/>
  <testcase name="datautils_retorna_tempo_decorrido" time="0.0" classname="br.laramara.ti.sislaracommons.utilitarios.TestesDataUtils"/>
  <testcase name="datautils_verifica_anos_transcorridos" time="0.0" classname="br.laramara.ti.sislaracommons.utilitarios.TestesDataUtils"/>
  <testcase name="datautils_verifica_anos_transcorridos_alternativo" time="0.016" classname="br.laramara.ti.sislaracommons.utilitarios.TestesDataUtils"/>
  <testcase name="datautils_verifica_anos_transcorridos_sem_sucesso" time="0.0" classname="br.laramara.ti.sislaracommons.utilitarios.TestesDataUtils"/>
  <testcase name="datautils_verifica_data_hora_valira_a_partir_de_texto_com_espaco" time="0.0" classname="br.laramara.ti.sislaracommons.utilitarios.TestesDataUtils"/>
  <testcase name="datautils_verifica_data_invalida_a_partir_de_texto" time="0.0" classname="br.laramara.ti.sislaracommons.utilitarios.TestesDataUtils"/>
  <testcase name="datautils_verifica_data_invalida_a_partir_de_texto_com_espaco" time="0.0" classname="br.laramara.ti.sislaracommons.utilitarios.TestesDataUtils"/>
  <testcase name="datautils_verifica_data_valida_a_partir_de_texto" time="0.0" classname="br.laramara.ti.sislaracommons.utilitarios.TestesDataUtils"/>
  <testcase name="datautils_verifica_meses_transcorridos" time="0.016" classname="br.laramara.ti.sislaracommons.utilitarios.TestesDataUtils"/>
  <testcase name="datautils_verifica_se_data_esta_preenchida" time="0.0" classname="br.laramara.ti.sislaracommons.utilitarios.TestesDataUtils"/>
  <testcase name="datautils_verifica_se_data_igual_ou_anterior_a_data_inicio" time="0.0" classname="br.laramara.ti.sislaracommons.utilitarios.TestesDataUtils"/>
  <testcase name="datautils_verifica_se_data_igual_ou_posterior_a_data_inicio" time="0.0" classname="br.laramara.ti.sislaracommons.utilitarios.TestesDataUtils"/>
  <testcase name="datautils_verifica_se_data_inicio_e_anterior_a_data_atual_sistema" time="0.0" classname="br.laramara.ti.sislaracommons.utilitarios.TestesDataUtils"/>
  <testcase name="datautils_verifica_se_data_inicio_e_posterior_a_data_atual_sistema" time="0.0" classname="br.laramara.ti.sislaracommons.utilitarios.TestesDataUtils"/>
  <testcase name="datautils_verifica_se_data_inicio_nao_e_anterior_a_data_atual_sistema" time="0.0" classname="br.laramara.ti.sislaracommons.utilitarios.TestesDataUtils"/>
  <testcase name="datautils_verifica_se_data_inicio_nao_e_posterior_a_data_atual_sistema" time="0.0" classname="br.laramara.ti.sislaracommons.utilitarios.TestesDataUtils"/>
  <testcase name="datautils_verifica_se_data_invalida_a_partir_calendar" time="0.0" classname="br.laramara.ti.sislaracommons.utilitarios.TestesDataUtils"/>
  <testcase name="datautils_verifica_se_data_nao_esta_preenchida" time="0.0" classname="br.laramara.ti.sislaracommons.utilitarios.TestesDataUtils"/>
  <testcase name="datautils_verifica_se_data_termino_e_anterior_a_data_inicio" time="0.0" classname="br.laramara.ti.sislaracommons.utilitarios.TestesDataUtils"/>
  <testcase name="datautils_verifica_se_hora_termino_e_anterior_hora_inicio" time="0.0" classname="br.laramara.ti.sislaracommons.utilitarios.TestesDataUtils"/>
  <testcase name="dinheiroutils_converte_para_dinheiro_alternativo2_sem_sucesso" time="0.0" classname="br.laramara.ti.sislaracommons.utilitarios.TestesDinheiroUtils"/>
  <testcase name="dinheiroutils_converte_para_dinheiro_alternativo_com_sucesso" time="0.0" classname="br.laramara.ti.sislaracommons.utilitarios.TestesDinheiroUtils"/>
  <testcase name="dinheiroutils_converte_para_dinheiro_alternativo_sem_sucesso" time="0.0" classname="br.laramara.ti.sislaracommons.utilitarios.TestesDinheiroUtils"/>
  <testcase name="dinheiroutils_converte_para_dinheiro_com_sucesso" time="0.0" classname="br.laramara.ti.sislaracommons.utilitarios.TestesDinheiroUtils"/>
  <testcase name="dinheiroutils_converte_para_dinheiro_sem_sucesso" time="0.0" classname="br.laramara.ti.sislaracommons.utilitarios.TestesDinheiroUtils"/>
  <testcase name="dinheiroutils_valida_dinheiro_invalido" time="0.0" classname="br.laramara.ti.sislaracommons.utilitarios.TestesDinheiroUtils"/>
  <testcase name="imagemutils_redimensiona_imagem_corretamente" time="0.109" classname="br.laramara.ti.sislaracommons.utilitarios.TestesImagemUtils"/>
  <testcase name="numeroutils_obter_texto_do_numero" time="0.0" classname="br.laramara.ti.sislaracommons.utilitarios.TestesNumeroUtils"/>
  <testcase name="numeroutils_renorna_longo_numero_nulo" time="0.0" classname="br.laramara.ti.sislaracommons.utilitarios.TestesNumeroUtils"/>
  <testcase name="numeroutils_renorna_numero_inteiro_invalido" time="0.0" classname="br.laramara.ti.sislaracommons.utilitarios.TestesNumeroUtils"/>
  <testcase name="numeroutils_renorna_numero_inteiro_nulo" time="0.0" classname="br.laramara.ti.sislaracommons.utilitarios.TestesNumeroUtils"/>
  <testcase name="numeroutils_renorna_numero_inteiro_valido" time="0.0" classname="br.laramara.ti.sislaracommons.utilitarios.TestesNumeroUtils"/>
  <testcase name="numeroutils_renorna_numero_longo_invalido" time="0.0" classname="br.laramara.ti.sislaracommons.utilitarios.TestesNumeroUtils"/>
  <testcase name="numeroutils_renorna_numero_longo_valido" time="0.0" classname="br.laramara.ti.sislaracommons.utilitarios.TestesNumeroUtils"/>
  <testcase name="sessao_armazena_objeto_e_obtem_de_volta" time="0.0" classname="br.laramara.ti.sislaracommons.utilitarios.TestesSessao"/>
  <testcase name="sessao_armazena_objeto_e_remove" time="0.0" classname="br.laramara.ti.sislaracommons.utilitarios.TestesSessao"/>
  <testcase name="sessao_armazena_token_e_obtem_de_volta" time="0.0" classname="br.laramara.ti.sislaracommons.utilitarios.TestesSessao"/>
  <testcase name="textoutils_anula_string_inexistente" time="0.0" classname="br.laramara.ti.sislaracommons.utilitarios.TestesTextoUtils"/>
  <testcase name="textoutils_anula_vazio" time="0.0" classname="br.laramara.ti.sislaracommons.utilitarios.TestesTextoUtils"/>
  <testcase name="textoutils_remove_espaco_texto" time="0.0" classname="br.laramara.ti.sislaracommons.utilitarios.TestesTextoUtils"/>
  <testcase name="textoutils_remove_ponto_traco_texto_rg" time="0.0" classname="br.laramara.ti.sislaracommons.utilitarios.TestesTextoUtils"/>
  <testcase name="textoutils_remover_chave" time="0.0" classname="br.laramara.ti.sislaracommons.utilitarios.TestesTextoUtils"/>
  <testcase name="textoutils_remover_virgula_final" time="0.0" classname="br.laramara.ti.sislaracommons.utilitarios.TestesTextoUtils"/>
  <testcase name="textoutils_retorna_texto_vazio_a_partir_de_valor_nulo" time="0.0" classname="br.laramara.ti.sislaracommons.utilitarios.TestesTextoUtils"/>
  <testcase name="textoutils_substituir_conchetes" time="0.016" classname="br.laramara.ti.sislaracommons.utilitarios.TestesTextoUtils"/>
  <testcase name="textoutils_texto_vazio" time="0.0" classname="br.laramara.ti.sislaracommons.utilitarios.TestesTextoUtils"/>
</testsuite> <!-- Surefire test -->
