<?xml version="1.0" encoding="UTF-8"?>
<testng-results skipped="0" failed="0" ignored="0" total="394" passed="394">
  <reporter-output>
  </reporter-output>
  <suite name="Surefire suite" duration-ms="1407" started-at="2023-07-23T14:13:43Z" finished-at="2023-07-23T14:13:45Z">
    <groups>
      <group name="unitario">
        <method signature="TesteComprometimentoDTO.comprometimentoDto_foi_construido_com_sucesso()[pri:0, instance:br.laramara.ti.sislaracommons.dtos.usuario.TesteComprometimentoDTO@3965bdf9]" name="comprometimentoDto_foi_construido_com_sucesso" class="br.laramara.ti.sislaracommons.dtos.usuario.TesteComprometimentoDTO"/>
        <method signature="TestesAcaoCondutaDTO.acao_conduta_dto_foi_construida_com_sucesso()[pri:0, instance:br.laramara.ti.sislaracommons.dtos.atendimento.TestesAcaoCondutaDTO@62a68bcb]" name="acao_conduta_dto_foi_construida_com_sucesso" class="br.laramara.ti.sislaracommons.dtos.atendimento.TestesAcaoCondutaDTO"/>
        <method signature="TestesAgendamentoDTO.agendamentodto_foi_construida_com_sucesso()[pri:0, instance:br.laramara.ti.sislaracommons.dtos.agenda.TestesAgendamentoDTO@65a9ea3c]" name="agendamentodto_foi_construida_com_sucesso" class="br.laramara.ti.sislaracommons.dtos.agenda.TestesAgendamentoDTO"/>
        <method signature="TestesAreaFormacaoDTO.areaformacaodto_foi_construida_com_sucesso()[pri:0, instance:br.laramara.ti.sislaracommons.dtos.escola.TestesAreaFormacaoDTO@2f10f633]" name="areaformacaodto_foi_construida_com_sucesso" class="br.laramara.ti.sislaracommons.dtos.escola.TestesAreaFormacaoDTO"/>
        <method signature="TestesAtendimentoGrupoDTO.atendimentogrupodto_foi_construida_com_sucesso()[pri:0, instance:br.laramara.ti.sislaracommons.dtos.grupo.TestesAtendimentoGrupoDTO@4bdf]" name="atendimentogrupodto_foi_construida_com_sucesso" class="br.laramara.ti.sislaracommons.dtos.grupo.TestesAtendimentoGrupoDTO"/>
        <method signature="TestesAtendimentoIndividualDTO.atendimentoindividualdto_foi_construida_com_sucesso()[pri:0, instance:br.laramara.ti.sislaracommons.dtos.espera.TestesAtendimentoIndividualDTO@42f85fa4]" name="atendimentoindividualdto_foi_construida_com_sucesso" class="br.laramara.ti.sislaracommons.dtos.espera.TestesAtendimentoIndividualDTO"/>
        <method signature="TestesAtendimentoPreCadastroDTO.atendimentoprecadastrodto_foi_construida_com_sucesso()[pri:0, instance:br.laramara.ti.sislaracommons.dtos.atendimento.TestesAtendimentoPreCadastroDTO@18b74ea]" name="atendimentoprecadastrodto_foi_construida_com_sucesso" class="br.laramara.ti.sislaracommons.dtos.atendimento.TestesAtendimentoPreCadastroDTO"/>
        <method signature="TestesAtendimentoProfissionalDTO.atendimentoprofissionaldto_foi_construida_com_sucesso()[pri:0, instance:br.laramara.ti.sislaracommons.dtos.atendimento.TestesAtendimentoProfissionalDTO@14924f41]" name="atendimentoprofissionaldto_foi_construida_com_sucesso" class="br.laramara.ti.sislaracommons.dtos.atendimento.TestesAtendimentoProfissionalDTO"/>
        <method signature="TestesAtendimentoUsuarioDTO.atendimentousuariodto_foi_construida_com_sucesso()[pri:0, instance:br.laramara.ti.sislaracommons.dtos.atendimento.TestesAtendimentoUsuarioDTO@493da830]" name="atendimentousuariodto_foi_construida_com_sucesso" class="br.laramara.ti.sislaracommons.dtos.atendimento.TestesAtendimentoUsuarioDTO"/>
        <method signature="TestesBeneficioDTO.beneficiosdto_foi_construido_com_sucesso()[pri:0, instance:br.laramara.ti.sislaracommons.dtos.usuario.TestesBeneficioDTO@3c0e00a8]" name="beneficiosdto_foi_construido_com_sucesso" class="br.laramara.ti.sislaracommons.dtos.usuario.TestesBeneficioDTO"/>
        <method signature="TestesCargoDTO.cargodto_foi_construida_com_sucesso()[pri:0, instance:br.laramara.ti.sislaracommons.dtos.trabalho.TestesCargoDTO@5d0b0cb9]" name="cargodto_foi_construida_com_sucesso" class="br.laramara.ti.sislaracommons.dtos.trabalho.TestesCargoDTO"/>
        <method signature="TestesClassificacaoInstituicaoDTO.classificacaoinstituicao_dto_foi_construido_com_sucesso()[pri:0, instance:br.laramara.ti.sislaracommons.dtos.instituicao.TestesClassificacaoInstituicaoDTO@1b410308]" name="classificacaoinstituicao_dto_foi_construido_com_sucesso" class="br.laramara.ti.sislaracommons.dtos.instituicao.TestesClassificacaoInstituicaoDTO"/>
        <method signature="TestesClassificacaoSocialDTO.classificacaosocialdto_foi_construida_com_sucesso()[pri:0, instance:br.laramara.ti.sislaracommons.dtos.usuario.TestesClassificacaoSocialDTO@1860f3be]" name="classificacaosocialdto_foi_construida_com_sucesso" class="br.laramara.ti.sislaracommons.dtos.usuario.TestesClassificacaoSocialDTO"/>
        <method signature="TestesCondicaoMoradiaDTO.condicao_moradia_dto_foi_construida_com_sucesso()[pri:0, instance:br.laramara.ti.sislaracommons.dtos.usuario.TestesCondicaoMoradiaDTO@6cd15072]" name="condicao_moradia_dto_foi_construida_com_sucesso" class="br.laramara.ti.sislaracommons.dtos.usuario.TestesCondicaoMoradiaDTO"/>
        <method signature="TestesContaAcessoDTO.contaacessodto_foi_construida_com_sucesso()[pri:0, instance:br.laramara.ti.sislaracommons.dtos.seguranca.TestesContaAcessoDTO@6a1d526c]" name="contaacessodto_foi_construida_com_sucesso" class="br.laramara.ti.sislaracommons.dtos.seguranca.TestesContaAcessoDTO"/>
        <method signature="TestesContatoDTO.contatodto_foi_construida_com_sucesso()[pri:0, instance:br.laramara.ti.sislaracommons.dtos.TestesContatoDTO@40c2ce52]" name="contatodto_foi_construida_com_sucesso" class="br.laramara.ti.sislaracommons.dtos.TestesContatoDTO"/>
        <method signature="TestesContribuinteDTO.contribuicaodto_foi_construida_com_sucesso()[pri:0, instance:br.laramara.ti.sislaracommons.dtos.contribuicao.TestesContribuinteDTO@d16be4f]" name="contribuicaodto_foi_construida_com_sucesso" class="br.laramara.ti.sislaracommons.dtos.contribuicao.TestesContribuinteDTO"/>
        <method signature="TestesConvenioDTO.conveniodto_foi_construido_com_sucesso()[pri:0, instance:br.laramara.ti.sislaracommons.dtos.usuario.TestesConvenioDTO@78cfa264]" name="conveniodto_foi_construido_com_sucesso" class="br.laramara.ti.sislaracommons.dtos.usuario.TestesConvenioDTO"/>
        <method signature="TestesCpfCnpjUtils.cpfcnpjutils_valida_cnpj_correto()[pri:0, instance:br.laramara.ti.sislaracommons.utilitarios.TestesCpfCnpjUtils@1e79d43]" name="cpfcnpjutils_valida_cnpj_correto" class="br.laramara.ti.sislaracommons.utilitarios.TestesCpfCnpjUtils"/>
        <method signature="TestesCpfCnpjUtils.cpfcnpjutils_valida_cnpj_incorreto()[pri:0, instance:br.laramara.ti.sislaracommons.utilitarios.TestesCpfCnpjUtils@1e79d43]" name="cpfcnpjutils_valida_cnpj_incorreto" class="br.laramara.ti.sislaracommons.utilitarios.TestesCpfCnpjUtils"/>
        <method signature="TestesCpfCnpjUtils.cpfcnpjutils_valida_cpf_correto()[pri:0, instance:br.laramara.ti.sislaracommons.utilitarios.TestesCpfCnpjUtils@1e79d43]" name="cpfcnpjutils_valida_cpf_correto" class="br.laramara.ti.sislaracommons.utilitarios.TestesCpfCnpjUtils"/>
        <method signature="TestesCpfCnpjUtils.cpfcnpjutils_valida_cpf_incorreto()[pri:0, instance:br.laramara.ti.sislaracommons.utilitarios.TestesCpfCnpjUtils@1e79d43]" name="cpfcnpjutils_valida_cpf_incorreto" class="br.laramara.ti.sislaracommons.utilitarios.TestesCpfCnpjUtils"/>
        <method signature="TestesCpfUtils.cpfutils_valida_cpf_correto()[pri:0, instance:br.laramara.ti.sislaracommons.utilitarios.TestesCpfUtils@343e225a]" name="cpfutils_valida_cpf_correto" class="br.laramara.ti.sislaracommons.utilitarios.TestesCpfUtils"/>
        <method signature="TestesCpfUtils.cpfutils_valida_cpf_incorreto()[pri:0, instance:br.laramara.ti.sislaracommons.utilitarios.TestesCpfUtils@343e225a]" name="cpfutils_valida_cpf_incorreto" class="br.laramara.ti.sislaracommons.utilitarios.TestesCpfUtils"/>
        <method signature="TestesCredencialDTO.credencialdto_foi_construida_com_sucesso()[pri:0, instance:br.laramara.ti.sislaracommons.dtos.seguranca.TestesCredencialDTO@1f2f0109]" name="credencialdto_foi_construida_com_sucesso" class="br.laramara.ti.sislaracommons.dtos.seguranca.TestesCredencialDTO"/>
        <method signature="TestesCredencialExternaDTO.credencialexternadto_foi_construida_com_sucesso()[pri:0, instance:br.laramara.ti.sislaracommons.dtos.seguranca.TestesCredencialExternaDTO@483b0690]" name="credencialexternadto_foi_construida_com_sucesso" class="br.laramara.ti.sislaracommons.dtos.seguranca.TestesCredencialExternaDTO"/>
        <method signature="TestesCriptografia.criptografia_gera_md5()[pri:0, instance:br.laramara.ti.sislaracommons.utilitarios.TestesCriptografia@1a07bf6]" name="criptografia_gera_md5" class="br.laramara.ti.sislaracommons.utilitarios.TestesCriptografia"/>
        <method signature="TestesDataUtils.datautils_adiciona_dias_em_data_atual()[pri:0, instance:br.laramara.ti.sislaracommons.utilitarios.TestesDataUtils@4c0e426a]" name="datautils_adiciona_dias_em_data_atual" class="br.laramara.ti.sislaracommons.utilitarios.TestesDataUtils"/>
        <method signature="TestesDataUtils.datautils_apos_meio_periodo()[pri:0, instance:br.laramara.ti.sislaracommons.utilitarios.TestesDataUtils@4c0e426a]" name="datautils_apos_meio_periodo" class="br.laramara.ti.sislaracommons.utilitarios.TestesDataUtils"/>
        <method signature="TestesDataUtils.datautils_avanca_data_em_2_anos()[pri:0, instance:br.laramara.ti.sislaracommons.utilitarios.TestesDataUtils@4c0e426a]" name="datautils_avanca_data_em_2_anos" class="br.laramara.ti.sislaracommons.utilitarios.TestesDataUtils"/>
        <method signature="TestesDataUtils.datautils_cria_local_date_time_alternativo_com_sucesso()[pri:0, instance:br.laramara.ti.sislaracommons.utilitarios.TestesDataUtils@4c0e426a]" name="datautils_cria_local_date_time_alternativo_com_sucesso" class="br.laramara.ti.sislaracommons.utilitarios.TestesDataUtils"/>
        <method signature="TestesDataUtils.datautils_cria_local_date_time_com_sucesso()[pri:0, instance:br.laramara.ti.sislaracommons.utilitarios.TestesDataUtils@4c0e426a]" name="datautils_cria_local_date_time_com_sucesso" class="br.laramara.ti.sislaracommons.utilitarios.TestesDataUtils"/>
        <method signature="TestesDataUtils.datautils_expirou_limite_24_horas()[pri:0, instance:br.laramara.ti.sislaracommons.utilitarios.TestesDataUtils@4c0e426a]" name="datautils_expirou_limite_24_horas" class="br.laramara.ti.sislaracommons.utilitarios.TestesDataUtils"/>
        <method signature="TestesDataUtils.datautils_formata_data_calendar()[pri:0, instance:br.laramara.ti.sislaracommons.utilitarios.TestesDataUtils@4c0e426a]" name="datautils_formata_data_calendar" class="br.laramara.ti.sislaracommons.utilitarios.TestesDataUtils"/>
        <method signature="TestesDataUtils.datautils_formata_data_calendar_alternativo()[pri:0, instance:br.laramara.ti.sislaracommons.utilitarios.TestesDataUtils@4c0e426a]" name="datautils_formata_data_calendar_alternativo" class="br.laramara.ti.sislaracommons.utilitarios.TestesDataUtils"/>
        <method signature="TestesDataUtils.datautils_formata_data_date()[pri:0, instance:br.laramara.ti.sislaracommons.utilitarios.TestesDataUtils@4c0e426a]" name="datautils_formata_data_date" class="br.laramara.ti.sislaracommons.utilitarios.TestesDataUtils"/>
        <method signature="TestesDataUtils.datautils_formata_data_hora()[pri:0, instance:br.laramara.ti.sislaracommons.utilitarios.TestesDataUtils@4c0e426a]" name="datautils_formata_data_hora" class="br.laramara.ti.sislaracommons.utilitarios.TestesDataUtils"/>
        <method signature="TestesDataUtils.datautils_formata_data_local_date()[pri:0, instance:br.laramara.ti.sislaracommons.utilitarios.TestesDataUtils@4c0e426a]" name="datautils_formata_data_local_date" class="br.laramara.ti.sislaracommons.utilitarios.TestesDataUtils"/>
        <method signature="TestesDataUtils.datautils_formata_data_vazia()[pri:0, instance:br.laramara.ti.sislaracommons.utilitarios.TestesDataUtils@4c0e426a]" name="datautils_formata_data_vazia" class="br.laramara.ti.sislaracommons.utilitarios.TestesDataUtils"/>
        <method signature="TestesDataUtils.datautils_instancia_nova_data_a_partir_de_texto()[pri:0, instance:br.laramara.ti.sislaracommons.utilitarios.TestesDataUtils@4c0e426a]" name="datautils_instancia_nova_data_a_partir_de_texto" class="br.laramara.ti.sislaracommons.utilitarios.TestesDataUtils"/>
        <method signature="TestesDataUtils.datautils_instancia_nova_data_com_mes_correto()[pri:0, instance:br.laramara.ti.sislaracommons.utilitarios.TestesDataUtils@4c0e426a]" name="datautils_instancia_nova_data_com_mes_correto" class="br.laramara.ti.sislaracommons.utilitarios.TestesDataUtils"/>
        <method signature="TestesDataUtils.datautils_nao_expirou_limite_24_horas()[pri:0, instance:br.laramara.ti.sislaracommons.utilitarios.TestesDataUtils@4c0e426a]" name="datautils_nao_expirou_limite_24_horas" class="br.laramara.ti.sislaracommons.utilitarios.TestesDataUtils"/>
        <method signature="TestesDataUtils.datautils_obtem_data_hora_alternativo_valida()[pri:0, instance:br.laramara.ti.sislaracommons.utilitarios.TestesDataUtils@4c0e426a]" name="datautils_obtem_data_hora_alternativo_valida" class="br.laramara.ti.sislaracommons.utilitarios.TestesDataUtils"/>
        <method signature="TestesDataUtils.datautils_obtem_data_hora_valida()[pri:0, instance:br.laramara.ti.sislaracommons.utilitarios.TestesDataUtils@4c0e426a]" name="datautils_obtem_data_hora_valida" class="br.laramara.ti.sislaracommons.utilitarios.TestesDataUtils"/>
        <method signature="TestesDataUtils.datautils_obtem_data_invalida()[pri:0, instance:br.laramara.ti.sislaracommons.utilitarios.TestesDataUtils@4c0e426a]" name="datautils_obtem_data_invalida" class="br.laramara.ti.sislaracommons.utilitarios.TestesDataUtils"/>
        <method signature="TestesDataUtils.datautils_obtem_data_nula()[pri:0, instance:br.laramara.ti.sislaracommons.utilitarios.TestesDataUtils@4c0e426a]" name="datautils_obtem_data_nula" class="br.laramara.ti.sislaracommons.utilitarios.TestesDataUtils"/>
        <method signature="TestesDataUtils.datautils_obtem_data_valida()[pri:0, instance:br.laramara.ti.sislaracommons.utilitarios.TestesDataUtils@4c0e426a]" name="datautils_obtem_data_valida" class="br.laramara.ti.sislaracommons.utilitarios.TestesDataUtils"/>
        <method signature="TestesDataUtils.datautils_obtem_hora()[pri:0, instance:br.laramara.ti.sislaracommons.utilitarios.TestesDataUtils@4c0e426a]" name="datautils_obtem_hora" class="br.laramara.ti.sislaracommons.utilitarios.TestesDataUtils"/>
        <method signature="TestesDataUtils.datautils_obtem_hora_invalida_com_barra()[pri:0, instance:br.laramara.ti.sislaracommons.utilitarios.TestesDataUtils@4c0e426a]" name="datautils_obtem_hora_invalida_com_barra" class="br.laramara.ti.sislaracommons.utilitarios.TestesDataUtils"/>
        <method signature="TestesDataUtils.datautils_obtem_hora_invalida_pequena()[pri:0, instance:br.laramara.ti.sislaracommons.utilitarios.TestesDataUtils@4c0e426a]" name="datautils_obtem_hora_invalida_pequena" class="br.laramara.ti.sislaracommons.utilitarios.TestesDataUtils"/>
        <method signature="TestesDataUtils.datautils_obtem_hora_nula()[pri:0, instance:br.laramara.ti.sislaracommons.utilitarios.TestesDataUtils@4c0e426a]" name="datautils_obtem_hora_nula" class="br.laramara.ti.sislaracommons.utilitarios.TestesDataUtils"/>
        <method signature="TestesDataUtils.datautils_recuar_6_meses()[pri:0, instance:br.laramara.ti.sislaracommons.utilitarios.TestesDataUtils@4c0e426a]" name="datautils_recuar_6_meses" class="br.laramara.ti.sislaracommons.utilitarios.TestesDataUtils"/>
        <method signature="TestesDataUtils.datautils_retorna_hora()[pri:0, instance:br.laramara.ti.sislaracommons.utilitarios.TestesDataUtils@4c0e426a]" name="datautils_retorna_hora" class="br.laramara.ti.sislaracommons.utilitarios.TestesDataUtils"/>
        <method signature="TestesDataUtils.datautils_retorna_hora_total_invalida()[pri:0, instance:br.laramara.ti.sislaracommons.utilitarios.TestesDataUtils@4c0e426a]" name="datautils_retorna_hora_total_invalida" class="br.laramara.ti.sislaracommons.utilitarios.TestesDataUtils"/>
        <method signature="TestesDataUtils.datautils_retorna_hora_total_valida()[pri:0, instance:br.laramara.ti.sislaracommons.utilitarios.TestesDataUtils@4c0e426a]" name="datautils_retorna_hora_total_valida" class="br.laramara.ti.sislaracommons.utilitarios.TestesDataUtils"/>
        <method signature="TestesDataUtils.datautils_retorna_tempo_decorrido()[pri:0, instance:br.laramara.ti.sislaracommons.utilitarios.TestesDataUtils@4c0e426a]" name="datautils_retorna_tempo_decorrido" class="br.laramara.ti.sislaracommons.utilitarios.TestesDataUtils"/>
        <method signature="TestesDataUtils.datautils_verifica_anos_transcorridos()[pri:0, instance:br.laramara.ti.sislaracommons.utilitarios.TestesDataUtils@4c0e426a]" name="datautils_verifica_anos_transcorridos" class="br.laramara.ti.sislaracommons.utilitarios.TestesDataUtils"/>
        <method signature="TestesDataUtils.datautils_verifica_anos_transcorridos_alternativo()[pri:0, instance:br.laramara.ti.sislaracommons.utilitarios.TestesDataUtils@4c0e426a]" name="datautils_verifica_anos_transcorridos_alternativo" class="br.laramara.ti.sislaracommons.utilitarios.TestesDataUtils"/>
        <method signature="TestesDataUtils.datautils_verifica_anos_transcorridos_sem_sucesso()[pri:0, instance:br.laramara.ti.sislaracommons.utilitarios.TestesDataUtils@4c0e426a]" name="datautils_verifica_anos_transcorridos_sem_sucesso" class="br.laramara.ti.sislaracommons.utilitarios.TestesDataUtils"/>
        <method signature="TestesDataUtils.datautils_verifica_data_hora_valira_a_partir_de_texto_com_espaco()[pri:0, instance:br.laramara.ti.sislaracommons.utilitarios.TestesDataUtils@4c0e426a]" name="datautils_verifica_data_hora_valira_a_partir_de_texto_com_espaco" class="br.laramara.ti.sislaracommons.utilitarios.TestesDataUtils"/>
        <method signature="TestesDataUtils.datautils_verifica_data_invalida_a_partir_de_texto()[pri:0, instance:br.laramara.ti.sislaracommons.utilitarios.TestesDataUtils@4c0e426a]" name="datautils_verifica_data_invalida_a_partir_de_texto" class="br.laramara.ti.sislaracommons.utilitarios.TestesDataUtils"/>
        <method signature="TestesDataUtils.datautils_verifica_data_invalida_a_partir_de_texto_com_espaco()[pri:0, instance:br.laramara.ti.sislaracommons.utilitarios.TestesDataUtils@4c0e426a]" name="datautils_verifica_data_invalida_a_partir_de_texto_com_espaco" class="br.laramara.ti.sislaracommons.utilitarios.TestesDataUtils"/>
        <method signature="TestesDataUtils.datautils_verifica_data_valida_a_partir_de_texto()[pri:0, instance:br.laramara.ti.sislaracommons.utilitarios.TestesDataUtils@4c0e426a]" name="datautils_verifica_data_valida_a_partir_de_texto" class="br.laramara.ti.sislaracommons.utilitarios.TestesDataUtils"/>
        <method signature="TestesDataUtils.datautils_verifica_meses_transcorridos()[pri:0, instance:br.laramara.ti.sislaracommons.utilitarios.TestesDataUtils@4c0e426a]" name="datautils_verifica_meses_transcorridos" class="br.laramara.ti.sislaracommons.utilitarios.TestesDataUtils"/>
        <method signature="TestesDataUtils.datautils_verifica_se_data_esta_preenchida()[pri:0, instance:br.laramara.ti.sislaracommons.utilitarios.TestesDataUtils@4c0e426a]" name="datautils_verifica_se_data_esta_preenchida" class="br.laramara.ti.sislaracommons.utilitarios.TestesDataUtils"/>
        <method signature="TestesDataUtils.datautils_verifica_se_data_igual_ou_anterior_a_data_inicio()[pri:0, instance:br.laramara.ti.sislaracommons.utilitarios.TestesDataUtils@4c0e426a]" name="datautils_verifica_se_data_igual_ou_anterior_a_data_inicio" class="br.laramara.ti.sislaracommons.utilitarios.TestesDataUtils"/>
        <method signature="TestesDataUtils.datautils_verifica_se_data_igual_ou_posterior_a_data_inicio()[pri:0, instance:br.laramara.ti.sislaracommons.utilitarios.TestesDataUtils@4c0e426a]" name="datautils_verifica_se_data_igual_ou_posterior_a_data_inicio" class="br.laramara.ti.sislaracommons.utilitarios.TestesDataUtils"/>
        <method signature="TestesDataUtils.datautils_verifica_se_data_inicio_e_anterior_a_data_atual_sistema()[pri:0, instance:br.laramara.ti.sislaracommons.utilitarios.TestesDataUtils@4c0e426a]" name="datautils_verifica_se_data_inicio_e_anterior_a_data_atual_sistema" class="br.laramara.ti.sislaracommons.utilitarios.TestesDataUtils"/>
        <method signature="TestesDataUtils.datautils_verifica_se_data_inicio_e_posterior_a_data_atual_sistema()[pri:0, instance:br.laramara.ti.sislaracommons.utilitarios.TestesDataUtils@4c0e426a]" name="datautils_verifica_se_data_inicio_e_posterior_a_data_atual_sistema" class="br.laramara.ti.sislaracommons.utilitarios.TestesDataUtils"/>
        <method signature="TestesDataUtils.datautils_verifica_se_data_inicio_nao_e_anterior_a_data_atual_sistema()[pri:0, instance:br.laramara.ti.sislaracommons.utilitarios.TestesDataUtils@4c0e426a]" name="datautils_verifica_se_data_inicio_nao_e_anterior_a_data_atual_sistema" class="br.laramara.ti.sislaracommons.utilitarios.TestesDataUtils"/>
        <method signature="TestesDataUtils.datautils_verifica_se_data_inicio_nao_e_posterior_a_data_atual_sistema()[pri:0, instance:br.laramara.ti.sislaracommons.utilitarios.TestesDataUtils@4c0e426a]" name="datautils_verifica_se_data_inicio_nao_e_posterior_a_data_atual_sistema" class="br.laramara.ti.sislaracommons.utilitarios.TestesDataUtils"/>
        <method signature="TestesDataUtils.datautils_verifica_se_data_invalida_a_partir_calendar()[pri:0, instance:br.laramara.ti.sislaracommons.utilitarios.TestesDataUtils@4c0e426a]" name="datautils_verifica_se_data_invalida_a_partir_calendar" class="br.laramara.ti.sislaracommons.utilitarios.TestesDataUtils"/>
        <method signature="TestesDataUtils.datautils_verifica_se_data_nao_esta_preenchida()[pri:0, instance:br.laramara.ti.sislaracommons.utilitarios.TestesDataUtils@4c0e426a]" name="datautils_verifica_se_data_nao_esta_preenchida" class="br.laramara.ti.sislaracommons.utilitarios.TestesDataUtils"/>
        <method signature="TestesDataUtils.datautils_verifica_se_data_termino_e_anterior_a_data_inicio()[pri:0, instance:br.laramara.ti.sislaracommons.utilitarios.TestesDataUtils@4c0e426a]" name="datautils_verifica_se_data_termino_e_anterior_a_data_inicio" class="br.laramara.ti.sislaracommons.utilitarios.TestesDataUtils"/>
        <method signature="TestesDataUtils.datautils_verifica_se_hora_termino_e_anterior_hora_inicio()[pri:0, instance:br.laramara.ti.sislaracommons.utilitarios.TestesDataUtils@4c0e426a]" name="datautils_verifica_se_hora_termino_e_anterior_hora_inicio" class="br.laramara.ti.sislaracommons.utilitarios.TestesDataUtils"/>
        <method signature="TestesDeficienciaDTO.deficienciaDto_foi_construido_com_sucesso()[pri:0, instance:br.laramara.ti.sislaracommons.dtos.usuario.TestesDeficienciaDTO@3408f695]" name="deficienciaDto_foi_construido_com_sucesso" class="br.laramara.ti.sislaracommons.dtos.usuario.TestesDeficienciaDTO"/>
        <method signature="TestesDemandaDTO.demandadto_foi_construida_com_sucesso()[pri:0, instance:br.laramara.ti.sislaracommons.dtos.doacao.TestesDemandaDTO@29c17c3d]" name="demandadto_foi_construida_com_sucesso" class="br.laramara.ti.sislaracommons.dtos.doacao.TestesDemandaDTO"/>
        <method signature="TestesDescricaoTipoAtendimentoDTO.tipodescricaoatendimentodto_foi_construida_com_sucesso()[pri:0, instance:br.laramara.ti.sislaracommons.dtos.grupo.TestesDescricaoTipoAtendimentoDTO@4cad79bc]" name="tipodescricaoatendimentodto_foi_construida_com_sucesso" class="br.laramara.ti.sislaracommons.dtos.grupo.TestesDescricaoTipoAtendimentoDTO"/>
        <method signature="TestesDiaSemanaDTO.diasemanadto_foi_construida_com_sucesso()[pri:0, instance:br.laramara.ti.sislaracommons.dtos.grupo.TestesDiaSemanaDTO@2c63762b]" name="diasemanadto_foi_construida_com_sucesso" class="br.laramara.ti.sislaracommons.dtos.grupo.TestesDiaSemanaDTO"/>
        <method signature="TestesDiaSemanaEHorarioDTO.diasemanaehorariodto_foi_construida_com_sucesso()[pri:0, instance:br.laramara.ti.sislaracommons.dtos.grupo.TestesDiaSemanaEHorarioDTO@7a9eccc4]" name="diasemanaehorariodto_foi_construida_com_sucesso" class="br.laramara.ti.sislaracommons.dtos.grupo.TestesDiaSemanaEHorarioDTO"/>
        <method signature="TestesDinheiroUtils.dinheiroutils_converte_para_dinheiro_alternativo2_sem_sucesso()[pri:0, instance:br.laramara.ti.sislaracommons.utilitarios.TestesDinheiroUtils@713ec32d]" name="dinheiroutils_converte_para_dinheiro_alternativo2_sem_sucesso" class="br.laramara.ti.sislaracommons.utilitarios.TestesDinheiroUtils"/>
        <method signature="TestesDinheiroUtils.dinheiroutils_converte_para_dinheiro_alternativo_com_sucesso()[pri:0, instance:br.laramara.ti.sislaracommons.utilitarios.TestesDinheiroUtils@713ec32d]" name="dinheiroutils_converte_para_dinheiro_alternativo_com_sucesso" class="br.laramara.ti.sislaracommons.utilitarios.TestesDinheiroUtils"/>
        <method signature="TestesDinheiroUtils.dinheiroutils_converte_para_dinheiro_alternativo_sem_sucesso()[pri:0, instance:br.laramara.ti.sislaracommons.utilitarios.TestesDinheiroUtils@713ec32d]" name="dinheiroutils_converte_para_dinheiro_alternativo_sem_sucesso" class="br.laramara.ti.sislaracommons.utilitarios.TestesDinheiroUtils"/>
        <method signature="TestesDinheiroUtils.dinheiroutils_converte_para_dinheiro_com_sucesso()[pri:0, instance:br.laramara.ti.sislaracommons.utilitarios.TestesDinheiroUtils@713ec32d]" name="dinheiroutils_converte_para_dinheiro_com_sucesso" class="br.laramara.ti.sislaracommons.utilitarios.TestesDinheiroUtils"/>
        <method signature="TestesDinheiroUtils.dinheiroutils_converte_para_dinheiro_sem_sucesso()[pri:0, instance:br.laramara.ti.sislaracommons.utilitarios.TestesDinheiroUtils@713ec32d]" name="dinheiroutils_converte_para_dinheiro_sem_sucesso" class="br.laramara.ti.sislaracommons.utilitarios.TestesDinheiroUtils"/>
        <method signature="TestesDinheiroUtils.dinheiroutils_valida_dinheiro_invalido()[pri:0, instance:br.laramara.ti.sislaracommons.utilitarios.TestesDinheiroUtils@713ec32d]" name="dinheiroutils_valida_dinheiro_invalido" class="br.laramara.ti.sislaracommons.utilitarios.TestesDinheiroUtils"/>
        <method signature="TestesDiretoriaEnsinoDTO.diretoriaensinodto_foi_construida_com_sucesso()[pri:0, instance:br.laramara.ti.sislaracommons.dtos.escola.TestesDiretoriaEnsinoDTO@1642eeae]" name="diretoriaensinodto_foi_construida_com_sucesso" class="br.laramara.ti.sislaracommons.dtos.escola.TestesDiretoriaEnsinoDTO"/>
        <method signature="TestesDreCefaiDTO.drecefaidto_foi_construida_com_sucesso()[pri:0, instance:br.laramara.ti.sislaracommons.dtos.escola.TestesDreCefaiDTO@3440e9cd]" name="drecefaidto_foi_construida_com_sucesso" class="br.laramara.ti.sislaracommons.dtos.escola.TestesDreCefaiDTO"/>
        <method signature="TestesElaboradorDTO.elaboradordto_foi_construido_com_sucesso()[pri:0, instance:br.laramara.ti.sislaracommons.dtos.solicitacao.TestesElaboradorDTO@5d94a2dc]" name="elaboradordto_foi_construido_com_sucesso" class="br.laramara.ti.sislaracommons.dtos.solicitacao.TestesElaboradorDTO"/>
        <method signature="TestesEncaminhamentoDTO.encaminhamentodto_foi_construida_com_sucesso()[pri:0, instance:br.laramara.ti.sislaracommons.dtos.usuario.TestesEncaminhamentoDTO@2b6a0ea9]" name="encaminhamentodto_foi_construida_com_sucesso" class="br.laramara.ti.sislaracommons.dtos.usuario.TestesEncaminhamentoDTO"/>
        <method signature="TestesEnderecoCEPDTO.enderecocepdto_foi_construida_com_sucesso()[pri:0, instance:br.laramara.ti.sislaracommons.dtos.endereco.TestesEnderecoCEPDTO@6ff0b1cc]" name="enderecocepdto_foi_construida_com_sucesso" class="br.laramara.ti.sislaracommons.dtos.endereco.TestesEnderecoCEPDTO"/>
        <method signature="TestesEnderecoDTO.enderecodto_foi_construida_com_sucesso()[pri:0, instance:br.laramara.ti.sislaracommons.dtos.endereco.TestesEnderecoDTO@3b55dd15]" name="enderecodto_foi_construida_com_sucesso" class="br.laramara.ti.sislaracommons.dtos.endereco.TestesEnderecoDTO"/>
        <method signature="TestesEpocaIncidenciaDTO.epocaincidenciadto_foi_construido_com_sucesso()[pri:0, instance:br.laramara.ti.sislaracommons.dtos.usuario.TestesEpocaIncidenciaDTO@4dde8976]" name="epocaincidenciadto_foi_construido_com_sucesso" class="br.laramara.ti.sislaracommons.dtos.usuario.TestesEpocaIncidenciaDTO"/>
        <method signature="TestesEscolaridadeDTO.escolaridadedto_foi_construida_com_sucesso()[pri:0, instance:br.laramara.ti.sislaracommons.dtos.escola.TestesEscolaridadeDTO@28a9494b]" name="escolaridadedto_foi_construida_com_sucesso" class="br.laramara.ti.sislaracommons.dtos.escola.TestesEscolaridadeDTO"/>
        <method signature="TestesEspecificacaoCopiaAtendimentoIndividualDTO.especificacao_copia_atendimento_invidualdto_sem_erro_foi_construido()[pri:0, instance:br.laramara.ti.sislaracommons.dtos.atendimento.TestesEspecificacaoCopiaAtendimentoIndividualDTO@1f939a0f]" name="especificacao_copia_atendimento_invidualdto_sem_erro_foi_construido" class="br.laramara.ti.sislaracommons.dtos.atendimento.TestesEspecificacaoCopiaAtendimentoIndividualDTO"/>
        <method signature="TestesEspecificacaoGeracaoAgendamentoDTO.especificacaogeracaoagendamento_com_um_parametro_construida_com_sucesso()[pri:0, instance:br.laramara.ti.sislaracommons.dtos.agenda.TestesEspecificacaoGeracaoAgendamentoDTO@b73433]" name="especificacaogeracaoagendamento_com_um_parametro_construida_com_sucesso" class="br.laramara.ti.sislaracommons.dtos.agenda.TestesEspecificacaoGeracaoAgendamentoDTO"/>
        <method signature="TestesEspecificacaoGeracaoAtendimentosDTO.especificacaodto_foi_construida_com_sucesso()[pri:0, instance:br.laramara.ti.sislaracommons.dtos.grupo.TestesEspecificacaoGeracaoAtendimentosDTO@78422efb]" name="especificacaodto_foi_construida_com_sucesso" class="br.laramara.ti.sislaracommons.dtos.grupo.TestesEspecificacaoGeracaoAtendimentosDTO"/>
        <method signature="TestesEspecificacaoGeracaoCopiaAgendamentoDTO.especificacaogeracaocopiaagendamento_com_um_parametro_construida_com_sucesso()[pri:0, instance:br.laramara.ti.sislaracommons.dtos.agenda.TestesEspecificacaoGeracaoCopiaAgendamentoDTO@1bf14704]" name="especificacaogeracaocopiaagendamento_com_um_parametro_construida_com_sucesso" class="br.laramara.ti.sislaracommons.dtos.agenda.TestesEspecificacaoGeracaoCopiaAgendamentoDTO"/>
        <method signature="TestesEspecificacaoGeracaoDemandaDTO.especificacaogeracaodemanda_com_um_parametro_construida_com_sucesso()[pri:0, instance:br.laramara.ti.sislaracommons.dtos.doacao.TestesEspecificacaoGeracaoDemandaDTO@250a9031]" name="especificacaogeracaodemanda_com_um_parametro_construida_com_sucesso" class="br.laramara.ti.sislaracommons.dtos.doacao.TestesEspecificacaoGeracaoDemandaDTO"/>
        <method signature="TestesEspecificacaoPesquisaAgendamentoDTO.especificacaopesquisaagendamentodto_sem_erro_foi_construido()[pri:0, instance:br.laramara.ti.sislaracommons.dtos.agenda.TestesEspecificacaoPesquisaAgendamentoDTO@5a545b0f]" name="especificacaopesquisaagendamentodto_sem_erro_foi_construido" class="br.laramara.ti.sislaracommons.dtos.agenda.TestesEspecificacaoPesquisaAgendamentoDTO"/>
        <method signature="TestesEspecificacaoPesquisaDemandaDTO.especificacaopesquisademandadto_sem_erro_foi_construido()[pri:0, instance:br.laramara.ti.sislaracommons.dtos.doacao.TestesEspecificacaoPesquisaDemandaDTO@1665fa54]" name="especificacaopesquisademandadto_sem_erro_foi_construido" class="br.laramara.ti.sislaracommons.dtos.doacao.TestesEspecificacaoPesquisaDemandaDTO"/>
        <method signature="TestesEspecificacaoPesquisaEsperaDTO.especificacaopesquisaesperadto_sem_erro_foi_construido()[pri:0, instance:br.laramara.ti.sislaracommons.dtos.espera.TestesEspecificacaoPesquisaEsperaDTO@798dad3d]" name="especificacaopesquisaesperadto_sem_erro_foi_construido" class="br.laramara.ti.sislaracommons.dtos.espera.TestesEspecificacaoPesquisaEsperaDTO"/>
        <method signature="TestesEspecificacaoPesquisaInstituicaoDTO.especificacaopesquisainstituicao_com_um_parametro_construida_com_sucesso()[pri:0, instance:br.laramara.ti.sislaracommons.dtos.instituicao.TestesEspecificacaoPesquisaInstituicaoDTO@4b0bd001]" name="especificacaopesquisainstituicao_com_um_parametro_construida_com_sucesso" class="br.laramara.ti.sislaracommons.dtos.instituicao.TestesEspecificacaoPesquisaInstituicaoDTO"/>
        <method signature="TestesEspecificacaoPesquisaInstituicaoDTO.especificacaopesquisainstituicao_retorna_possiveis_chaves_de_pesquisa()[pri:0, instance:br.laramara.ti.sislaracommons.dtos.instituicao.TestesEspecificacaoPesquisaInstituicaoDTO@4b0bd001]" name="especificacaopesquisainstituicao_retorna_possiveis_chaves_de_pesquisa" class="br.laramara.ti.sislaracommons.dtos.instituicao.TestesEspecificacaoPesquisaInstituicaoDTO"/>
        <method signature="TestesEspecificacaoPesquisaPreCadastroDTO.especificacaopesquisaprecadastro_com_um_parametro_construida_com_sucesso()[pri:0, instance:br.laramara.ti.sislaracommons.dtos.precadastro.TestesEspecificacaoPesquisaPreCadastroDTO@550e9be6]" name="especificacaopesquisaprecadastro_com_um_parametro_construida_com_sucesso" class="br.laramara.ti.sislaracommons.dtos.precadastro.TestesEspecificacaoPesquisaPreCadastroDTO"/>
        <method signature="TestesEspecificacaoPesquisaPreCadastroDTO.especificacaopesquisaprecadastro_retorna_possiveis_chaves_de_pesquisa()[pri:0, instance:br.laramara.ti.sislaracommons.dtos.precadastro.TestesEspecificacaoPesquisaPreCadastroDTO@550e9be6]" name="especificacaopesquisaprecadastro_retorna_possiveis_chaves_de_pesquisa" class="br.laramara.ti.sislaracommons.dtos.precadastro.TestesEspecificacaoPesquisaPreCadastroDTO"/>
        <method signature="TestesEspecificacaoPesquisaProjetoDTO.especificacaopesquisaprojetodto_sem_erro_foi_construido()[pri:0, instance:br.laramara.ti.sislaracommons.dtos.doacao.TestesEspecificacaoPesquisaProjetoDTO@6d67f5eb]" name="especificacaopesquisaprojetodto_sem_erro_foi_construido" class="br.laramara.ti.sislaracommons.dtos.doacao.TestesEspecificacaoPesquisaProjetoDTO"/>
        <method signature="TestesEspecificacaoPesquisaSolicitacaoRelatorioDTO.especificacaopesquisasolicitacaorelatoriodto_sem_erro_foi_construido()[pri:0, instance:br.laramara.ti.sislaracommons.dtos.solicitacao.TestesEspecificacaoPesquisaSolicitacaoRelatorioDTO@cedee22]" name="especificacaopesquisasolicitacaorelatoriodto_sem_erro_foi_construido" class="br.laramara.ti.sislaracommons.dtos.solicitacao.TestesEspecificacaoPesquisaSolicitacaoRelatorioDTO"/>
        <method signature="TestesEspecificacaoPesquisaUsuarioDTO.especificacaopesquisausuario_com_um_parametro_construida_com_sucesso()[pri:0, instance:br.laramara.ti.sislaracommons.dtos.usuario.TestesEspecificacaoPesquisaUsuarioDTO@4887de2b]" name="especificacaopesquisausuario_com_um_parametro_construida_com_sucesso" class="br.laramara.ti.sislaracommons.dtos.usuario.TestesEspecificacaoPesquisaUsuarioDTO"/>
        <method signature="TestesEspecificacaoPesquisaUsuarioDTO.especificacaopesquisausuario_retorna_possiveis_chaves_de_pesquisa()[pri:0, instance:br.laramara.ti.sislaracommons.dtos.usuario.TestesEspecificacaoPesquisaUsuarioDTO@4887de2b]" name="especificacaopesquisausuario_retorna_possiveis_chaves_de_pesquisa" class="br.laramara.ti.sislaracommons.dtos.usuario.TestesEspecificacaoPesquisaUsuarioDTO"/>
        <method signature="TestesEspecificacaopesquisaAtendimentoIndividualDTO.especificacao_pesquisa_atendimento_invidualdto_sem_erro_foi_construido()[pri:0, instance:br.laramara.ti.sislaracommons.dtos.atendimento.TestesEspecificacaopesquisaAtendimentoIndividualDTO@45658133]" name="especificacao_pesquisa_atendimento_invidualdto_sem_erro_foi_construido" class="br.laramara.ti.sislaracommons.dtos.atendimento.TestesEspecificacaopesquisaAtendimentoIndividualDTO"/>
        <method signature="TestesEsperaDTO.agendamentodto_foi_construida_com_sucesso()[pri:0, instance:br.laramara.ti.sislaracommons.dtos.espera.TestesEsperaDTO@27abb6ca]" name="agendamentodto_foi_construida_com_sucesso" class="br.laramara.ti.sislaracommons.dtos.espera.TestesEsperaDTO"/>
        <method signature="TestesEstadoCivilDTO.estadocivildto_foi_construido_com_sucesso()[pri:0, instance:br.laramara.ti.sislaracommons.dtos.usuario.TestesEstadoCivilDTO@3b4825f0]" name="estadocivildto_foi_construido_com_sucesso" class="br.laramara.ti.sislaracommons.dtos.usuario.TestesEstadoCivilDTO"/>
        <method signature="TestesExpectativaDTO.expectativa_dto_foi_construida_com_sucesso()[pri:0, instance:br.laramara.ti.sislaracommons.dtos.usuario.TestesExpectativaDTO@40ac6b76]" name="expectativa_dto_foi_construida_com_sucesso" class="br.laramara.ti.sislaracommons.dtos.usuario.TestesExpectativaDTO"/>
        <method signature="TestesExpectativaDTO.expectativadto_foi_construida_com_sucesso()[pri:0, instance:br.laramara.ti.sislaracommons.dtos.grupo.TestesExpectativaDTO@5f05c8d6]" name="expectativadto_foi_construida_com_sucesso" class="br.laramara.ti.sislaracommons.dtos.grupo.TestesExpectativaDTO"/>
        <method signature="TestesFamiliarDTO.familiardto_foi_construida_com_sucesso()[pri:0, instance:br.laramara.ti.sislaracommons.dtos.familiar.TestesFamiliarDTO@6968bcec]" name="familiardto_foi_construida_com_sucesso" class="br.laramara.ti.sislaracommons.dtos.familiar.TestesFamiliarDTO"/>
        <method signature="TestesFilialDTO.filialdto_foi_construida_com_sucesso()[pri:0, instance:br.laramara.ti.sislaracommons.dtos.doacao.TestesFilialDTO@4f654cee]" name="filialdto_foi_construida_com_sucesso" class="br.laramara.ti.sislaracommons.dtos.doacao.TestesFilialDTO"/>
        <method signature="TestesFrequenciaDTO.frequenciadto_foi_construida_com_sucesso()[pri:0, instance:br.laramara.ti.sislaracommons.dtos.grupo.TestesFrequenciaDTO@68e02f33]" name="frequenciadto_foi_construida_com_sucesso" class="br.laramara.ti.sislaracommons.dtos.grupo.TestesFrequenciaDTO"/>
        <method signature="TestesGeneroDTO.generodto_foi_construido_com_sucesso()[pri:0, instance:br.laramara.ti.sislaracommons.dtos.usuario.TestesGeneroDTO@7980cf2c]" name="generodto_foi_construido_com_sucesso" class="br.laramara.ti.sislaracommons.dtos.usuario.TestesGeneroDTO"/>
        <method signature="TestesGrupoContaAcessoBloqueadoDTO.grupo_conta_acesso_bloqueado_foi_construida_com_sucesso()[pri:0, instance:br.laramara.ti.sislaracommons.dtos.seguranca.TestesGrupoContaAcessoBloqueadoDTO@687e6293]" name="grupo_conta_acesso_bloqueado_foi_construida_com_sucesso" class="br.laramara.ti.sislaracommons.dtos.seguranca.TestesGrupoContaAcessoBloqueadoDTO"/>
        <method signature="TestesGrupoDTO.grupodto_foi_construida_com_sucesso()[pri:0, instance:br.laramara.ti.sislaracommons.dtos.grupo.TestesGrupoDTO@64942607]" name="grupodto_foi_construida_com_sucesso" class="br.laramara.ti.sislaracommons.dtos.grupo.TestesGrupoDTO"/>
        <method signature="TestesGrupoDTO.grupodto_obtem_modulo_periodo_por_nome()[pri:0, instance:br.laramara.ti.sislaracommons.dtos.grupo.TestesGrupoDTO@64942607]" name="grupodto_obtem_modulo_periodo_por_nome" class="br.laramara.ti.sislaracommons.dtos.grupo.TestesGrupoDTO"/>
        <method signature="TestesGrupoDTO.grupodto_obtem_nome_modulos_com_sucesso()[pri:0, instance:br.laramara.ti.sislaracommons.dtos.grupo.TestesGrupoDTO@64942607]" name="grupodto_obtem_nome_modulos_com_sucesso" class="br.laramara.ti.sislaracommons.dtos.grupo.TestesGrupoDTO"/>
        <method signature="TestesGruposEtnicosDTO.grupoetnicodto_foi_construido_com_sucesso()[pri:0, instance:br.laramara.ti.sislaracommons.dtos.usuario.TestesGruposEtnicosDTO@f0020b1]" name="grupoetnicodto_foi_construido_com_sucesso" class="br.laramara.ti.sislaracommons.dtos.usuario.TestesGruposEtnicosDTO"/>
        <method signature="TestesHabitacaoDTO.habitacao_dto_foi_construida_com_sucesso()[pri:0, instance:br.laramara.ti.sislaracommons.dtos.usuario.TestesHabitacaoDTO@759de304]" name="habitacao_dto_foi_construida_com_sucesso" class="br.laramara.ti.sislaracommons.dtos.usuario.TestesHabitacaoDTO"/>
        <method signature="TestesHorarioDTO.horariodto_foi_construida_com_sucesso()[pri:0, instance:br.laramara.ti.sislaracommons.dtos.TestesHorarioDTO@18a19e]" name="horariodto_foi_construida_com_sucesso" class="br.laramara.ti.sislaracommons.dtos.TestesHorarioDTO"/>
        <method signature="TestesImagemUtils.imagemutils_redimensiona_imagem_corretamente()[pri:0, instance:br.laramara.ti.sislaracommons.utilitarios.TestesImagemUtils@34d713a2]" name="imagemutils_redimensiona_imagem_corretamente" class="br.laramara.ti.sislaracommons.utilitarios.TestesImagemUtils"/>
        <method signature="TestesInformacaoAtendimentoDTO.informacaoatendimentodto_foi_construida_com_sucesso()[pri:0, instance:br.laramara.ti.sislaracommons.dtos.grupo.TestesInformacaoAtendimentoDTO@d48e998]" name="informacaoatendimentodto_foi_construida_com_sucesso" class="br.laramara.ti.sislaracommons.dtos.grupo.TestesInformacaoAtendimentoDTO"/>
        <method signature="TestesInformacaoEducacionalDTO.informacaoEducacionaldto_foi_construida_com_sucesso()[pri:0, instance:br.laramara.ti.sislaracommons.dtos.escola.TestesInformacaoEducacionalDTO@a09303]" name="informacaoEducacionaldto_foi_construida_com_sucesso" class="br.laramara.ti.sislaracommons.dtos.escola.TestesInformacaoEducacionalDTO"/>
        <method signature="TestesInformacaoEssencialDTO.informacaoessencialdto_foi_construida_com_sucesso()[pri:0, instance:br.laramara.ti.sislaracommons.dtos.TestesInformacaoEssencialDTO@60a7e509]" name="informacaoessencialdto_foi_construida_com_sucesso" class="br.laramara.ti.sislaracommons.dtos.TestesInformacaoEssencialDTO"/>
        <method signature="TestesInformacaoTrabalhoCompletoDTO.informacaotrabalhocompletadto_foi_construida_com_sucesso()[pri:0, instance:br.laramara.ti.sislaracommons.dtos.trabalho.TestesInformacaoTrabalhoCompletoDTO@7f7b6639]" name="informacaotrabalhocompletadto_foi_construida_com_sucesso" class="br.laramara.ti.sislaracommons.dtos.trabalho.TestesInformacaoTrabalhoCompletoDTO"/>
        <method signature="TestesInformacaoTrabalhoDTO.informacaotrabalhodto_foi_construida_com_sucesso()[pri:0, instance:br.laramara.ti.sislaracommons.dtos.familiar.TestesInformacaoTrabalhoDTO@5568c66f]" name="informacaotrabalhodto_foi_construida_com_sucesso" class="br.laramara.ti.sislaracommons.dtos.familiar.TestesInformacaoTrabalhoDTO"/>
        <method signature="TestesInfraestruturaBasicaDTO.infraestrutura_basico_dto_foi_construida_com_sucesso()[pri:0, instance:br.laramara.ti.sislaracommons.dtos.usuario.TestesInfraestruturaBasicaDTO@5649d11a]" name="infraestrutura_basico_dto_foi_construida_com_sucesso" class="br.laramara.ti.sislaracommons.dtos.usuario.TestesInfraestruturaBasicaDTO"/>
        <method signature="TestesInstituicaoDTO.instituicaodto_foi_construida_com_sucesso()[pri:0, instance:br.laramara.ti.sislaracommons.dtos.instituicao.TestesInstituicaoDTO@f9cab00]" name="instituicaodto_foi_construida_com_sucesso" class="br.laramara.ti.sislaracommons.dtos.instituicao.TestesInstituicaoDTO"/>
        <method signature="TestesLocalAtendimentoDTO.localatendimentodto_foi_construida_com_sucesso()[pri:0, instance:br.laramara.ti.sislaracommons.dtos.grupo.TestesLocalAtendimentoDTO@7cfac39f]" name="localatendimentodto_foi_construida_com_sucesso" class="br.laramara.ti.sislaracommons.dtos.grupo.TestesLocalAtendimentoDTO"/>
        <method signature="TestesLocalTrabalhoDTO.localtrabalhodto_foi_construida_com_sucesso()[pri:0, instance:br.laramara.ti.sislaracommons.dtos.trabalho.TestesLocalTrabalhoDTO@16ac5d35]" name="localtrabalhodto_foi_construida_com_sucesso" class="br.laramara.ti.sislaracommons.dtos.trabalho.TestesLocalTrabalhoDTO"/>
        <method signature="TestesLoteRecursoDTO.lote_recursodto_foi_construido_com_sucesso()[pri:0, instance:br.laramara.ti.sislaracommons.dtos.grupo.TestesLoteRecursoDTO@158ae284]" name="lote_recursodto_foi_construido_com_sucesso" class="br.laramara.ti.sislaracommons.dtos.grupo.TestesLoteRecursoDTO"/>
        <method signature="TestesModuloDTO.modulodto_foi_construida_com_sucesso()[pri:0, instance:br.laramara.ti.sislaracommons.dtos.grupo.TestesModuloDTO@50eb4a2c]" name="modulodto_foi_construida_com_sucesso" class="br.laramara.ti.sislaracommons.dtos.grupo.TestesModuloDTO"/>
        <method signature="TestesModuloPeriodoDTO.moduloperiododto_foi_construida_com_sucesso()[pri:0, instance:br.laramara.ti.sislaracommons.dtos.grupo.TestesModuloPeriodoDTO@1a256d80]" name="moduloperiododto_foi_construida_com_sucesso" class="br.laramara.ti.sislaracommons.dtos.grupo.TestesModuloPeriodoDTO"/>
        <method signature="TestesModuloPeriodoDTO.moduloperiododto_obtem_atendimento()[pri:0, instance:br.laramara.ti.sislaracommons.dtos.grupo.TestesModuloPeriodoDTO@1a256d80]" name="moduloperiododto_obtem_atendimento" class="br.laramara.ti.sislaracommons.dtos.grupo.TestesModuloPeriodoDTO"/>
        <method signature="TestesModuloPreCadastroDTO.modulouprecadastrodto_foi_construida_com_sucesso()[pri:0, instance:br.laramara.ti.sislaracommons.dtos.grupo.TestesModuloPreCadastroDTO@3069a360]" name="modulouprecadastrodto_foi_construida_com_sucesso" class="br.laramara.ti.sislaracommons.dtos.grupo.TestesModuloPreCadastroDTO"/>
        <method signature="TestesModuloUsuarioDTO.modulousuariodto_foi_construida_com_sucesso()[pri:0, instance:br.laramara.ti.sislaracommons.dtos.grupo.TestesModuloUsuarioDTO@7235f92b]" name="modulousuariodto_foi_construida_com_sucesso" class="br.laramara.ti.sislaracommons.dtos.grupo.TestesModuloUsuarioDTO"/>
        <method signature="TestesMotivoCancelamentoDTO.motivocancelamentodto_foi_construida_com_sucesso()[pri:0, instance:br.laramara.ti.sislaracommons.dtos.agenda.TestesMotivoCancelamentoDTO@2be21396]" name="motivocancelamentodto_foi_construida_com_sucesso" class="br.laramara.ti.sislaracommons.dtos.agenda.TestesMotivoCancelamentoDTO"/>
        <method signature="TestesMotivoDesativacaoDTO.motivodesativacaodto_foi_construido_com_sucesso()[pri:0, instance:br.laramara.ti.sislaracommons.dtos.contribuicao.TestesMotivoDesativacaoDTO@17b37e9a]" name="motivodesativacaodto_foi_construido_com_sucesso" class="br.laramara.ti.sislaracommons.dtos.contribuicao.TestesMotivoDesativacaoDTO"/>
        <method signature="TestesMunicipioDTO.municipiodto_foi_construido_com_sucesso()[pri:0, instance:br.laramara.ti.sislaracommons.dtos.endereco.TestesMunicipioDTO@f3560d4]" name="municipiodto_foi_construido_com_sucesso" class="br.laramara.ti.sislaracommons.dtos.endereco.TestesMunicipioDTO"/>
        <method signature="TestesNecessidadeDTO.necessidadedto_foi_construida_com_sucesso()[pri:0, instance:br.laramara.ti.sislaracommons.dtos.grupo.TestesNecessidadeDTO@7885776b]" name="necessidadedto_foi_construida_com_sucesso" class="br.laramara.ti.sislaracommons.dtos.grupo.TestesNecessidadeDTO"/>
        <method signature="TestesNecessidadeDTO.recurso_moradia_dto_foi_construida_com_sucesso()[pri:0, instance:br.laramara.ti.sislaracommons.dtos.usuario.TestesNecessidadeDTO@294f9d50]" name="recurso_moradia_dto_foi_construida_com_sucesso" class="br.laramara.ti.sislaracommons.dtos.usuario.TestesNecessidadeDTO"/>
        <method signature="TestesNomeGrupoDTO.nomegrupodto_foi_construida_com_sucesso()[pri:0, instance:br.laramara.ti.sislaracommons.dtos.grupo.TestesNomeGrupoDTO@497d4c96]" name="nomegrupodto_foi_construida_com_sucesso" class="br.laramara.ti.sislaracommons.dtos.grupo.TestesNomeGrupoDTO"/>
        <method signature="TestesNumeroUtils.numeroutils_obter_texto_do_numero()[pri:0, instance:br.laramara.ti.sislaracommons.utilitarios.TestesNumeroUtils@36aab105]" name="numeroutils_obter_texto_do_numero" class="br.laramara.ti.sislaracommons.utilitarios.TestesNumeroUtils"/>
        <method signature="TestesNumeroUtils.numeroutils_renorna_longo_numero_nulo()[pri:0, instance:br.laramara.ti.sislaracommons.utilitarios.TestesNumeroUtils@36aab105]" name="numeroutils_renorna_longo_numero_nulo" class="br.laramara.ti.sislaracommons.utilitarios.TestesNumeroUtils"/>
        <method signature="TestesNumeroUtils.numeroutils_renorna_numero_inteiro_invalido()[pri:0, instance:br.laramara.ti.sislaracommons.utilitarios.TestesNumeroUtils@36aab105]" name="numeroutils_renorna_numero_inteiro_invalido" class="br.laramara.ti.sislaracommons.utilitarios.TestesNumeroUtils"/>
        <method signature="TestesNumeroUtils.numeroutils_renorna_numero_inteiro_nulo()[pri:0, instance:br.laramara.ti.sislaracommons.utilitarios.TestesNumeroUtils@36aab105]" name="numeroutils_renorna_numero_inteiro_nulo" class="br.laramara.ti.sislaracommons.utilitarios.TestesNumeroUtils"/>
        <method signature="TestesNumeroUtils.numeroutils_renorna_numero_inteiro_valido()[pri:0, instance:br.laramara.ti.sislaracommons.utilitarios.TestesNumeroUtils@36aab105]" name="numeroutils_renorna_numero_inteiro_valido" class="br.laramara.ti.sislaracommons.utilitarios.TestesNumeroUtils"/>
        <method signature="TestesNumeroUtils.numeroutils_renorna_numero_longo_invalido()[pri:0, instance:br.laramara.ti.sislaracommons.utilitarios.TestesNumeroUtils@36aab105]" name="numeroutils_renorna_numero_longo_invalido" class="br.laramara.ti.sislaracommons.utilitarios.TestesNumeroUtils"/>
        <method signature="TestesNumeroUtils.numeroutils_renorna_numero_longo_valido()[pri:0, instance:br.laramara.ti.sislaracommons.utilitarios.TestesNumeroUtils@36aab105]" name="numeroutils_renorna_numero_longo_valido" class="br.laramara.ti.sislaracommons.utilitarios.TestesNumeroUtils"/>
        <method signature="TestesOpcaoIntegracaoDTO.tipo_opcao_integracao_dto_foi_construida_com_sucesso()[pri:0, instance:br.laramara.ti.sislaracommons.dtos.atendimento.TestesOpcaoIntegracaoDTO@430b2699]" name="tipo_opcao_integracao_dto_foi_construida_com_sucesso" class="br.laramara.ti.sislaracommons.dtos.atendimento.TestesOpcaoIntegracaoDTO"/>
        <method signature="TestesOrigemComunidadeDTO.origemcomunidadedto_foi_construida_com_sucesso()[pri:0, instance:br.laramara.ti.sislaracommons.dtos.precadastro.TestesOrigemComunidadeDTO@3f96f020]" name="origemcomunidadedto_foi_construida_com_sucesso" class="br.laramara.ti.sislaracommons.dtos.precadastro.TestesOrigemComunidadeDTO"/>
        <method signature="TestesOrigemEncaminhamentoDTO.origemencaminhamentodto_foi_construida_com_sucesso()[pri:0, instance:br.laramara.ti.sislaracommons.dtos.usuario.TestesOrigemEncaminhamentoDTO@27443560]" name="origemencaminhamentodto_foi_construida_com_sucesso" class="br.laramara.ti.sislaracommons.dtos.usuario.TestesOrigemEncaminhamentoDTO"/>
        <method signature="TestesPaisDAO.paisdto_foi_construido_com_sucesso()[pri:0, instance:br.laramara.ti.sislaracommons.dtos.endereco.TestesPaisDAO@3ba3d4b6]" name="paisdto_foi_construido_com_sucesso" class="br.laramara.ti.sislaracommons.dtos.endereco.TestesPaisDAO"/>
        <method signature="TestesParentescoDTO.parentescodto_foi_construida_com_sucesso()[pri:0, instance:br.laramara.ti.sislaracommons.dtos.familiar.TestesParentescoDTO@e784320]" name="parentescodto_foi_construida_com_sucesso" class="br.laramara.ti.sislaracommons.dtos.familiar.TestesParentescoDTO"/>
        <method signature="TestesParticipacaoDTO.participacaoatendimentodto_foi_construida_com_sucesso()[pri:0, instance:br.laramara.ti.sislaracommons.dtos.atendimento.TestesParticipacaoDTO@67536ae0]" name="participacaoatendimentodto_foi_construida_com_sucesso" class="br.laramara.ti.sislaracommons.dtos.atendimento.TestesParticipacaoDTO"/>
        <method signature="TestesPatrocinadorDTO.patrocinadordto_foi_construida_com_sucesso()[pri:0, instance:br.laramara.ti.sislaracommons.dtos.doacao.TestesPatrocinadorDTO@3e1fd62b]" name="patrocinadordto_foi_construida_com_sucesso" class="br.laramara.ti.sislaracommons.dtos.doacao.TestesPatrocinadorDTO"/>
        <method signature="TestesPerfilDTO.perfildto_foi_construida_com_sucesso()[pri:0, instance:br.laramara.ti.sislaracommons.dtos.seguranca.TestesPerfilDTO@6870c3c2]" name="perfildto_foi_construida_com_sucesso" class="br.laramara.ti.sislaracommons.dtos.seguranca.TestesPerfilDTO"/>
        <method signature="TestesPeriodoBeneficioDTO.periodo_beneficiosdto_foi_construido_com_sucesso()[pri:0, instance:br.laramara.ti.sislaracommons.dtos.usuario.TestesPeriodoBeneficioDTO@3ddb774f]" name="periodo_beneficiosdto_foi_construido_com_sucesso" class="br.laramara.ti.sislaracommons.dtos.usuario.TestesPeriodoBeneficioDTO"/>
        <method signature="TestesPeriodoDTO.periododto_foi_construida_com_sucesso()[pri:0, instance:br.laramara.ti.sislaracommons.dtos.usuario.TestesPeriodoDTO@70721c12]" name="periododto_foi_construida_com_sucesso" class="br.laramara.ti.sislaracommons.dtos.usuario.TestesPeriodoDTO"/>
        <method signature="TestesPeriodoDeficienciaDTO.periodo_deficienciadto_foi_construido_com_sucesso()[pri:0, instance:br.laramara.ti.sislaracommons.dtos.usuario.TestesPeriodoDeficienciaDTO@2582b0ef]" name="periodo_deficienciadto_foi_construido_com_sucesso" class="br.laramara.ti.sislaracommons.dtos.usuario.TestesPeriodoDeficienciaDTO"/>
        <method signature="TestesPermissaoDTO.permissaodto_foi_construida_com_sucesso()[pri:0, instance:br.laramara.ti.sislaracommons.dtos.seguranca.TestesPermissaoDTO@fb0a08c]" name="permissaodto_foi_construida_com_sucesso" class="br.laramara.ti.sislaracommons.dtos.seguranca.TestesPermissaoDTO"/>
        <method signature="TestesPreCadastroDTO.precadastrodto_foi_construida_pelo_client_com_sucesso()[pri:0, instance:br.laramara.ti.sislaracommons.dtos.precadastro.TestesPreCadastroDTO@32eae6f2]" name="precadastrodto_foi_construida_pelo_client_com_sucesso" class="br.laramara.ti.sislaracommons.dtos.precadastro.TestesPreCadastroDTO"/>
        <method signature="TestesPreCadastroDTO.precadastrodto_foi_construida_pelo_server_com_sucesso()[pri:0, instance:br.laramara.ti.sislaracommons.dtos.precadastro.TestesPreCadastroDTO@32eae6f2]" name="precadastrodto_foi_construida_pelo_server_com_sucesso" class="br.laramara.ti.sislaracommons.dtos.precadastro.TestesPreCadastroDTO"/>
        <method signature="TestesProfissionalDTO.profissionaldto_foi_construida_com_sucesso()[pri:0, instance:br.laramara.ti.sislaracommons.dtos.grupo.TestesProfissionalDTO@3472947a]" name="profissionaldto_foi_construida_com_sucesso" class="br.laramara.ti.sislaracommons.dtos.grupo.TestesProfissionalDTO"/>
        <method signature="TestesProfissionalVinculoDTO.profissional_vinculo_dto_foi_construida_com_sucesso()[pri:0, instance:br.laramara.ti.sislaracommons.dtos.grupo.TestesProfissionalVinculoDTO@69d3cf7e]" name="profissional_vinculo_dto_foi_construida_com_sucesso" class="br.laramara.ti.sislaracommons.dtos.grupo.TestesProfissionalVinculoDTO"/>
        <method signature="TestesProgramaDTO.programadto_foi_construida_com_sucesso()[pri:0, instance:br.laramara.ti.sislaracommons.dtos.grupo.TestesProgramaDTO@1984212d]" name="programadto_foi_construida_com_sucesso" class="br.laramara.ti.sislaracommons.dtos.grupo.TestesProgramaDTO"/>
        <method signature="TestesProgramacaoDTO.programadto_foi_construida_com_sucesso()[pri:0, instance:br.laramara.ti.sislaracommons.dtos.grupo.TestesProgramacaoDTO@3a3ed300]" name="programadto_foi_construida_com_sucesso" class="br.laramara.ti.sislaracommons.dtos.grupo.TestesProgramacaoDTO"/>
        <method signature="TestesProjetoDTO.projetodto_foi_construida_com_sucesso()[pri:0, instance:br.laramara.ti.sislaracommons.dtos.doacao.TestesProjetoDTO@7112ce6]" name="projetodto_foi_construida_com_sucesso" class="br.laramara.ti.sislaracommons.dtos.doacao.TestesProjetoDTO"/>
        <method signature="TestesProntuarioEscaneadoDTO.prontuarioescaneadodto_foi_construida_com_sucesso()[pri:0, instance:br.laramara.ti.sislaracommons.dtos.usuario.TestesProntuarioEscaneadoDTO@769bd849]" name="prontuarioescaneadodto_foi_construida_com_sucesso" class="br.laramara.ti.sislaracommons.dtos.usuario.TestesProntuarioEscaneadoDTO"/>
        <method signature="TestesReciboDTO.recibodto_foi_construida_com_sucesso()[pri:0, instance:br.laramara.ti.sislaracommons.dtos.doacao.TestesReciboDTO@558b4942]" name="recibodto_foi_construida_com_sucesso" class="br.laramara.ti.sislaracommons.dtos.doacao.TestesReciboDTO"/>
        <method signature="TestesRecursoDTO.recursodto_foi_construida_com_sucesso()[pri:0, instance:br.laramara.ti.sislaracommons.dtos.grupo.TestesRecursoDTO@39f5b723]" name="recursodto_foi_construida_com_sucesso" class="br.laramara.ti.sislaracommons.dtos.grupo.TestesRecursoDTO"/>
        <method signature="TestesRecursoMoradiaDTO.recurso_moradia_dto_foi_construida_com_sucesso()[pri:0, instance:br.laramara.ti.sislaracommons.dtos.grupo.TestesRecursoMoradiaDTO@4eaa375c]" name="recurso_moradia_dto_foi_construida_com_sucesso" class="br.laramara.ti.sislaracommons.dtos.grupo.TestesRecursoMoradiaDTO"/>
        <method signature="TestesRecursoMoradiaDTO.recurso_moradia_dto_foi_construida_com_sucesso()[pri:0, instance:br.laramara.ti.sislaracommons.dtos.usuario.TestesRecursoMoradiaDTO@101ca8da]" name="recurso_moradia_dto_foi_construida_com_sucesso" class="br.laramara.ti.sislaracommons.dtos.usuario.TestesRecursoMoradiaDTO"/>
        <method signature="TestesRedeEncaminhamentoDTO.redeencaminhamentodto_foi_construida_com_sucesso()[pri:0, instance:br.laramara.ti.sislaracommons.dtos.usuario.TestesRedeEncaminhamentoDTO@20a967fe]" name="redeencaminhamentodto_foi_construida_com_sucesso" class="br.laramara.ti.sislaracommons.dtos.usuario.TestesRedeEncaminhamentoDTO"/>
        <method signature="TestesResultadoAlteracaoExtensaoRelatorioDTO.resultado_alteracao_extensao_relatorio_foi_construida_com_erro()[pri:0, instance:br.laramara.ti.sislaracommons.dtos.seguranca.TestesResultadoAlteracaoExtensaoRelatorioDTO@1faf386c]" name="resultado_alteracao_extensao_relatorio_foi_construida_com_erro" class="br.laramara.ti.sislaracommons.dtos.seguranca.TestesResultadoAlteracaoExtensaoRelatorioDTO"/>
        <method signature="TestesResultadoAlteracaoExtensaoRelatorioDTO.resultado_alteracao_extensao_relatorio_foi_construida_com_sucesso()[pri:0, instance:br.laramara.ti.sislaracommons.dtos.seguranca.TestesResultadoAlteracaoExtensaoRelatorioDTO@1faf386c]" name="resultado_alteracao_extensao_relatorio_foi_construida_com_sucesso" class="br.laramara.ti.sislaracommons.dtos.seguranca.TestesResultadoAlteracaoExtensaoRelatorioDTO"/>
        <method signature="TestesResultadoAlteracaoSenhaDTO.resultadoalteracaosenhadto_sem_erro_foi_construido()[pri:0, instance:br.laramara.ti.sislaracommons.dtos.TestesResultadoAlteracaoSenhaDTO@2e13f304]" name="resultadoalteracaosenhadto_sem_erro_foi_construido" class="br.laramara.ti.sislaracommons.dtos.TestesResultadoAlteracaoSenhaDTO"/>
        <method signature="TestesResultadoAutenticacaoDTO.resultadoautenticacaodto_com_erro_foi_construido()[pri:0, instance:br.laramara.ti.sislaracommons.dtos.seguranca.TestesResultadoAutenticacaoDTO@4debbf0]" name="resultadoautenticacaodto_com_erro_foi_construido" class="br.laramara.ti.sislaracommons.dtos.seguranca.TestesResultadoAutenticacaoDTO"/>
        <method signature="TestesResultadoAutenticacaoDTO.resultadoautenticacaodto_sem_erro_foi_construido()[pri:0, instance:br.laramara.ti.sislaracommons.dtos.seguranca.TestesResultadoAutenticacaoDTO@4debbf0]" name="resultadoautenticacaodto_sem_erro_foi_construido" class="br.laramara.ti.sislaracommons.dtos.seguranca.TestesResultadoAutenticacaoDTO"/>
        <method signature="TestesResultadoCoordenacaoEdicaoDTO.resultadocoordenacaoedicaodto_sem_erro_foi_construido()[pri:0, instance:br.laramara.ti.sislaracommons.dtos.seguranca.TestesResultadoCoordenacaoEdicaoDTO@6a5e167a]" name="resultadocoordenacaoedicaodto_sem_erro_foi_construido" class="br.laramara.ti.sislaracommons.dtos.seguranca.TestesResultadoCoordenacaoEdicaoDTO"/>
        <method signature="TestesResultadoEdicaoAgendamentoDTO.resultadoedicaoagendamentodto_com_erro_foi_construido()[pri:0, instance:br.laramara.ti.sislaracommons.dtos.agenda.TestesResultadoEdicaoAgendamentoDTO@124dac75]" name="resultadoedicaoagendamentodto_com_erro_foi_construido" class="br.laramara.ti.sislaracommons.dtos.agenda.TestesResultadoEdicaoAgendamentoDTO"/>
        <method signature="TestesResultadoEdicaoAgendamentoDTO.resultadoedicaoagendamentodto_sem_erro_foi_construido()[pri:0, instance:br.laramara.ti.sislaracommons.dtos.agenda.TestesResultadoEdicaoAgendamentoDTO@124dac75]" name="resultadoedicaoagendamentodto_sem_erro_foi_construido" class="br.laramara.ti.sislaracommons.dtos.agenda.TestesResultadoEdicaoAgendamentoDTO"/>
        <method signature="TestesResultadoEdicaoAtendimentoIndividualDTO.resultadoedicaoatendimentoindividualdto_com_erro_foi_construido()[pri:0, instance:br.laramara.ti.sislaracommons.dtos.espera.TestesResultadoEdicaoAtendimentoIndividualDTO@696db620]" name="resultadoedicaoatendimentoindividualdto_com_erro_foi_construido" class="br.laramara.ti.sislaracommons.dtos.espera.TestesResultadoEdicaoAtendimentoIndividualDTO"/>
        <method signature="TestesResultadoEdicaoAtendimentoIndividualDTO.resultadoedicaoatendimentoindividualdto_sem_erro_foi_construido()[pri:0, instance:br.laramara.ti.sislaracommons.dtos.espera.TestesResultadoEdicaoAtendimentoIndividualDTO@696db620]" name="resultadoedicaoatendimentoindividualdto_sem_erro_foi_construido" class="br.laramara.ti.sislaracommons.dtos.espera.TestesResultadoEdicaoAtendimentoIndividualDTO"/>
        <method signature="TestesResultadoEdicaoContribuinteDTO.resultadoedicaocontribuintedto_com_erro_foi_construido()[pri:0, instance:br.laramara.ti.sislaracommons.dtos.contribuicao.TestesResultadoEdicaoContribuinteDTO@6bcb12e6]" name="resultadoedicaocontribuintedto_com_erro_foi_construido" class="br.laramara.ti.sislaracommons.dtos.contribuicao.TestesResultadoEdicaoContribuinteDTO"/>
        <method signature="TestesResultadoEdicaoContribuinteDTO.resultadoedicaocontribuintedto_sem_erro_foi_construido()[pri:0, instance:br.laramara.ti.sislaracommons.dtos.contribuicao.TestesResultadoEdicaoContribuinteDTO@6bcb12e6]" name="resultadoedicaocontribuintedto_sem_erro_foi_construido" class="br.laramara.ti.sislaracommons.dtos.contribuicao.TestesResultadoEdicaoContribuinteDTO"/>
        <method signature="TestesResultadoEdicaoDemandaDTO.resultadoedicaoagendamentodto_com_erro_foi_construido()[pri:0, instance:br.laramara.ti.sislaracommons.dtos.doacao.TestesResultadoEdicaoDemandaDTO@30ec7d21]" name="resultadoedicaoagendamentodto_com_erro_foi_construido" class="br.laramara.ti.sislaracommons.dtos.doacao.TestesResultadoEdicaoDemandaDTO"/>
        <method signature="TestesResultadoEdicaoDemandaDTO.resultadoedicaodemandadto_sem_erro_foi_construido()[pri:0, instance:br.laramara.ti.sislaracommons.dtos.doacao.TestesResultadoEdicaoDemandaDTO@30ec7d21]" name="resultadoedicaodemandadto_sem_erro_foi_construido" class="br.laramara.ti.sislaracommons.dtos.doacao.TestesResultadoEdicaoDemandaDTO"/>
        <method signature="TestesResultadoEdicaoEsperaDTO.resultadoedicaoesperadto_com_erro_foi_construido()[pri:0, instance:br.laramara.ti.sislaracommons.dtos.espera.TestesResultadoEdicaoEsperaDTO@6968c1d6]" name="resultadoedicaoesperadto_com_erro_foi_construido" class="br.laramara.ti.sislaracommons.dtos.espera.TestesResultadoEdicaoEsperaDTO"/>
        <method signature="TestesResultadoEdicaoEsperaDTO.resultadoedicaoesperadto_sem_erro_foi_construido()[pri:0, instance:br.laramara.ti.sislaracommons.dtos.espera.TestesResultadoEdicaoEsperaDTO@6968c1d6]" name="resultadoedicaoesperadto_sem_erro_foi_construido" class="br.laramara.ti.sislaracommons.dtos.espera.TestesResultadoEdicaoEsperaDTO"/>
        <method signature="TestesResultadoEdicaoGrupoDTO.resultadoedicaogrupodto_com_erro_foi_construido()[pri:0, instance:br.laramara.ti.sislaracommons.dtos.grupo.TestesResultadoEdicaoGrupoDTO@2404b5a]" name="resultadoedicaogrupodto_com_erro_foi_construido" class="br.laramara.ti.sislaracommons.dtos.grupo.TestesResultadoEdicaoGrupoDTO"/>
        <method signature="TestesResultadoEdicaoGrupoDTO.resultadoedicaogrupodto_sem_erro_foi_construido()[pri:0, instance:br.laramara.ti.sislaracommons.dtos.grupo.TestesResultadoEdicaoGrupoDTO@2404b5a]" name="resultadoedicaogrupodto_sem_erro_foi_construido" class="br.laramara.ti.sislaracommons.dtos.grupo.TestesResultadoEdicaoGrupoDTO"/>
        <method signature="TestesResultadoEdicaoInstituicaoDTO.resultadoedicaoinstituicaodto_com_erro_foi_construido()[pri:0, instance:br.laramara.ti.sislaracommons.dtos.instituicao.TestesResultadoEdicaoInstituicaoDTO@10272bbb]" name="resultadoedicaoinstituicaodto_com_erro_foi_construido" class="br.laramara.ti.sislaracommons.dtos.instituicao.TestesResultadoEdicaoInstituicaoDTO"/>
        <method signature="TestesResultadoEdicaoInstituicaoDTO.resultadoedicaoinstituicaodto_sem_erro_foi_construido()[pri:0, instance:br.laramara.ti.sislaracommons.dtos.instituicao.TestesResultadoEdicaoInstituicaoDTO@10272bbb]" name="resultadoedicaoinstituicaodto_sem_erro_foi_construido" class="br.laramara.ti.sislaracommons.dtos.instituicao.TestesResultadoEdicaoInstituicaoDTO"/>
        <method signature="TestesResultadoEdicaoPerfilDTO.resultadoedicaoperfildto_sem_erro_foi_construido()[pri:0, instance:br.laramara.ti.sislaracommons.dtos.seguranca.TestesResultadoEdicaoPerfilDTO@60e06f7d]" name="resultadoedicaoperfildto_sem_erro_foi_construido" class="br.laramara.ti.sislaracommons.dtos.seguranca.TestesResultadoEdicaoPerfilDTO"/>
        <method signature="TestesResultadoEdicaoPreCadastroDTO.resultadoedicaoprecadastrodto_com_erro_foi_construido()[pri:0, instance:br.laramara.ti.sislaracommons.dtos.precadastro.TestesResultadoEdicaoPreCadastroDTO@26ca61bf]" name="resultadoedicaoprecadastrodto_com_erro_foi_construido" class="br.laramara.ti.sislaracommons.dtos.precadastro.TestesResultadoEdicaoPreCadastroDTO"/>
        <method signature="TestesResultadoEdicaoPreCadastroDTO.resultadoedicaoprecadastrodto_sem_erro_foi_construido()[pri:0, instance:br.laramara.ti.sislaracommons.dtos.precadastro.TestesResultadoEdicaoPreCadastroDTO@26ca61bf]" name="resultadoedicaoprecadastrodto_sem_erro_foi_construido" class="br.laramara.ti.sislaracommons.dtos.precadastro.TestesResultadoEdicaoPreCadastroDTO"/>
        <method signature="TestesResultadoEdicaoProjetoDTO.resultadoedicaoprojetodto_com_erro_foi_construido()[pri:0, instance:br.laramara.ti.sislaracommons.dtos.doacao.TestesResultadoEdicaoProjetoDTO@70025b99]" name="resultadoedicaoprojetodto_com_erro_foi_construido" class="br.laramara.ti.sislaracommons.dtos.doacao.TestesResultadoEdicaoProjetoDTO"/>
        <method signature="TestesResultadoEdicaoProjetoDTO.resultadoedicaoprojetodto_sem_erro_foi_construido()[pri:0, instance:br.laramara.ti.sislaracommons.dtos.doacao.TestesResultadoEdicaoProjetoDTO@70025b99]" name="resultadoedicaoprojetodto_sem_erro_foi_construido" class="br.laramara.ti.sislaracommons.dtos.doacao.TestesResultadoEdicaoProjetoDTO"/>
        <method signature="TestesResultadoEdicaoUsuarioDTO.resultadoedicaousuariodto_com_erro_foi_construido()[pri:0, instance:br.laramara.ti.sislaracommons.dtos.usuario.TestesResultadoEdicaoUsuarioDTO@405b6d75]" name="resultadoedicaousuariodto_com_erro_foi_construido" class="br.laramara.ti.sislaracommons.dtos.usuario.TestesResultadoEdicaoUsuarioDTO"/>
        <method signature="TestesResultadoEdicaoUsuarioDTO.resultadoedicaousuariodto_sem_erro_foi_construido()[pri:0, instance:br.laramara.ti.sislaracommons.dtos.usuario.TestesResultadoEdicaoUsuarioDTO@405b6d75]" name="resultadoedicaousuariodto_sem_erro_foi_construido" class="br.laramara.ti.sislaracommons.dtos.usuario.TestesResultadoEdicaoUsuarioDTO"/>
        <method signature="TestesResultadoGeracaoAgendamentoDTO.resultadogeracaoagendamentodto_sem_erro_foi_construido()[pri:0, instance:br.laramara.ti.sislaracommons.dtos.agenda.TestesResultadoGeracaoAgendamentoDTO@315105f]" name="resultadogeracaoagendamentodto_sem_erro_foi_construido" class="br.laramara.ti.sislaracommons.dtos.agenda.TestesResultadoGeracaoAgendamentoDTO"/>
        <method signature="TestesResultadoGeracaoAgendamentoDTO.resultadogeracaoagendamentodto_sem_erro_foi_construido_alternativo()[pri:0, instance:br.laramara.ti.sislaracommons.dtos.agenda.TestesResultadoGeracaoAgendamentoDTO@315105f]" name="resultadogeracaoagendamentodto_sem_erro_foi_construido_alternativo" class="br.laramara.ti.sislaracommons.dtos.agenda.TestesResultadoGeracaoAgendamentoDTO"/>
        <method signature="TestesResultadoGeracaoAtendimentosDTO.resultadogeracaoatendimentodto_com_erro_foi_construido()[pri:0, instance:br.laramara.ti.sislaracommons.dtos.grupo.TestesResultadoGeracaoAtendimentosDTO@3af58f76]" name="resultadogeracaoatendimentodto_com_erro_foi_construido" class="br.laramara.ti.sislaracommons.dtos.grupo.TestesResultadoGeracaoAtendimentosDTO"/>
        <method signature="TestesResultadoGeracaoAtendimentosDTO.resultadogeracaoatendimentodto_sem_erro_foi_construido()[pri:0, instance:br.laramara.ti.sislaracommons.dtos.grupo.TestesResultadoGeracaoAtendimentosDTO@3af58f76]" name="resultadogeracaoatendimentodto_sem_erro_foi_construido" class="br.laramara.ti.sislaracommons.dtos.grupo.TestesResultadoGeracaoAtendimentosDTO"/>
        <method signature="TestesResultadoGeracaoDemandaDTO.resultadogeracaodemandadto_sem_erro_foi_construido()[pri:0, instance:br.laramara.ti.sislaracommons.dtos.doacao.TestesResultadoGeracaoDemandaDTO@7efa3f63]" name="resultadogeracaodemandadto_sem_erro_foi_construido" class="br.laramara.ti.sislaracommons.dtos.doacao.TestesResultadoGeracaoDemandaDTO"/>
        <method signature="TestesResultadoGeracaoDemandaDTO.resultadogeracaodemandadto_sem_erro_foi_construido_alternativo()[pri:0, instance:br.laramara.ti.sislaracommons.dtos.doacao.TestesResultadoGeracaoDemandaDTO@7efa3f63]" name="resultadogeracaodemandadto_sem_erro_foi_construido_alternativo" class="br.laramara.ti.sislaracommons.dtos.doacao.TestesResultadoGeracaoDemandaDTO"/>
        <method signature="TestesResultadoListagemAgendamentoDTO.resultadolistagemagendamentodto_sem_erro_foi_construido()[pri:0, instance:br.laramara.ti.sislaracommons.dtos.agenda.TestesResultadoListagemAgendamentoDTO@7b61bf11]" name="resultadolistagemagendamentodto_sem_erro_foi_construido" class="br.laramara.ti.sislaracommons.dtos.agenda.TestesResultadoListagemAgendamentoDTO"/>
        <method signature="TestesResultadoListagemAgendimentoIndividualDTO.resultadolistagematendimentoindividualdto_sem_erro_foi_construido()[pri:0, instance:br.laramara.ti.sislaracommons.dtos.atendimento.TestesResultadoListagemAgendimentoIndividualDTO@6413d7e7]" name="resultadolistagematendimentoindividualdto_sem_erro_foi_construido" class="br.laramara.ti.sislaracommons.dtos.atendimento.TestesResultadoListagemAgendimentoIndividualDTO"/>
        <method signature="TestesResultadoListagemBeneficioDTO.resultadolistegembeneficiodto_com_erro_foi_construido()[pri:0, instance:br.laramara.ti.sislaracommons.dtos.usuario.TestesResultadoListagemBeneficioDTO@682abca7]" name="resultadolistegembeneficiodto_com_erro_foi_construido" class="br.laramara.ti.sislaracommons.dtos.usuario.TestesResultadoListagemBeneficioDTO"/>
        <method signature="TestesResultadoListagemBeneficioDTO.resultadolistegembeneficiodto_sem_erro_foi_construido()[pri:0, instance:br.laramara.ti.sislaracommons.dtos.usuario.TestesResultadoListagemBeneficioDTO@682abca7]" name="resultadolistegembeneficiodto_sem_erro_foi_construido" class="br.laramara.ti.sislaracommons.dtos.usuario.TestesResultadoListagemBeneficioDTO"/>
        <method signature="TestesResultadoListagemClassificacaoInstituicaoDTO.resultadolistagemclassificacaoinstituicaodto_com_erro_foi_construido()[pri:0, instance:br.laramara.ti.sislaracommons.dtos.instituicao.TestesResultadoListagemClassificacaoInstituicaoDTO@36d33f4]" name="resultadolistagemclassificacaoinstituicaodto_com_erro_foi_construido" class="br.laramara.ti.sislaracommons.dtos.instituicao.TestesResultadoListagemClassificacaoInstituicaoDTO"/>
        <method signature="TestesResultadoListagemClassificacaoInstituicaoDTO.resultadolistagemclassificacaoinstituicaodto_sem_erro_foi_construido()[pri:0, instance:br.laramara.ti.sislaracommons.dtos.instituicao.TestesResultadoListagemClassificacaoInstituicaoDTO@36d33f4]" name="resultadolistagemclassificacaoinstituicaodto_sem_erro_foi_construido" class="br.laramara.ti.sislaracommons.dtos.instituicao.TestesResultadoListagemClassificacaoInstituicaoDTO"/>
        <method signature="TestesResultadoListagemClassificacaoSocialDTO.resultadolistagemclassificacaosocialdto_com_erro_foi_construido()[pri:0, instance:br.laramara.ti.sislaracommons.dtos.usuario.TestesResultadoListagemClassificacaoSocialDTO@1d858300]" name="resultadolistagemclassificacaosocialdto_com_erro_foi_construido" class="br.laramara.ti.sislaracommons.dtos.usuario.TestesResultadoListagemClassificacaoSocialDTO"/>
        <method signature="TestesResultadoListagemClassificacaoSocialDTO.resultadolistagemclassificacaosocialdto_sem_erro_foi_construido()[pri:0, instance:br.laramara.ti.sislaracommons.dtos.usuario.TestesResultadoListagemClassificacaoSocialDTO@1d858300]" name="resultadolistagemclassificacaosocialdto_sem_erro_foi_construido" class="br.laramara.ti.sislaracommons.dtos.usuario.TestesResultadoListagemClassificacaoSocialDTO"/>
        <method signature="TestesResultadoListagemCondicaoMoradiaDTO.resultado_listagem_condicao_moradia_dto_sem_erro_foi_construido()[pri:0, instance:br.laramara.ti.sislaracommons.dtos.usuario.TestesResultadoListagemCondicaoMoradiaDTO@76f881d9]" name="resultado_listagem_condicao_moradia_dto_sem_erro_foi_construido" class="br.laramara.ti.sislaracommons.dtos.usuario.TestesResultadoListagemCondicaoMoradiaDTO"/>
        <method signature="TestesResultadoListagemContaAcessoDTO.resultadolistagemcontaacessodto_com_contaacesso_sem_erro_foi_construido()[pri:0, instance:br.laramara.ti.sislaracommons.dtos.seguranca.TestesResultadoListagemContaAcessoDTO@66a5755]" name="resultadolistagemcontaacessodto_com_contaacesso_sem_erro_foi_construido" class="br.laramara.ti.sislaracommons.dtos.seguranca.TestesResultadoListagemContaAcessoDTO"/>
        <method signature="TestesResultadoListagemConvenioDTO.resultadolistegemconveniodto_com_erro_foi_construido()[pri:0, instance:br.laramara.ti.sislaracommons.dtos.usuario.TestesResultadoListagemConvenioDTO@6dd36ab6]" name="resultadolistegemconveniodto_com_erro_foi_construido" class="br.laramara.ti.sislaracommons.dtos.usuario.TestesResultadoListagemConvenioDTO"/>
        <method signature="TestesResultadoListagemConvenioDTO.resultadolistegemconveniodto_sem_erro_foi_construido()[pri:0, instance:br.laramara.ti.sislaracommons.dtos.usuario.TestesResultadoListagemConvenioDTO@6dd36ab6]" name="resultadolistegemconveniodto_sem_erro_foi_construido" class="br.laramara.ti.sislaracommons.dtos.usuario.TestesResultadoListagemConvenioDTO"/>
        <method signature="TestesResultadoListagemDeficienciaDTO.resultadolistegemdeficienciadto_com_erro_foi_construido()[pri:0, instance:br.laramara.ti.sislaracommons.dtos.usuario.TestesResultadoListagemDeficienciaDTO@50a13c2f]" name="resultadolistegemdeficienciadto_com_erro_foi_construido" class="br.laramara.ti.sislaracommons.dtos.usuario.TestesResultadoListagemDeficienciaDTO"/>
        <method signature="TestesResultadoListagemDeficienciaDTO.resultadolistegemdeficienciadto_sem_erro_foi_construido()[pri:0, instance:br.laramara.ti.sislaracommons.dtos.usuario.TestesResultadoListagemDeficienciaDTO@50a13c2f]" name="resultadolistegemdeficienciadto_sem_erro_foi_construido" class="br.laramara.ti.sislaracommons.dtos.usuario.TestesResultadoListagemDeficienciaDTO"/>
        <method signature="TestesResultadoListagemDemandaDTO.resultadolistegemdemandadto_com_erro_foi_construido()[pri:0, instance:br.laramara.ti.sislaracommons.dtos.usuario.TestesResultadoListagemDemandaDTO@610d28b8]" name="resultadolistegemdemandadto_com_erro_foi_construido" class="br.laramara.ti.sislaracommons.dtos.usuario.TestesResultadoListagemDemandaDTO"/>
        <method signature="TestesResultadoListagemDemandaDTO.resultadolistegemdemandadto_sem_erro_foi_construido()[pri:0, instance:br.laramara.ti.sislaracommons.dtos.usuario.TestesResultadoListagemDemandaDTO@610d28b8]" name="resultadolistegemdemandadto_sem_erro_foi_construido" class="br.laramara.ti.sislaracommons.dtos.usuario.TestesResultadoListagemDemandaDTO"/>
        <method signature="TestesResultadoListagemDescricaoTipoAtendimentoDTO.resultadolistagemdescricaotipoatendimentodto_com_descricaotipoatendimentos_sem_erro_foi_construido()[pri:0, instance:br.laramara.ti.sislaracommons.dtos.grupo.TestesResultadoListagemDescricaoTipoAtendimentoDTO@2ead6ba4]" name="resultadolistagemdescricaotipoatendimentodto_com_descricaotipoatendimentos_sem_erro_foi_construido" class="br.laramara.ti.sislaracommons.dtos.grupo.TestesResultadoListagemDescricaoTipoAtendimentoDTO"/>
        <method signature="TestesResultadoListagemDescricaoTipoAtendimentoDTO.resultadolistagemdescricaotipoatendimentodto_com_um_descricaotipoatendimento_sem_erro_foi_construido()[pri:0, instance:br.laramara.ti.sislaracommons.dtos.grupo.TestesResultadoListagemDescricaoTipoAtendimentoDTO@2ead6ba4]" name="resultadolistagemdescricaotipoatendimentodto_com_um_descricaotipoatendimento_sem_erro_foi_construido" class="br.laramara.ti.sislaracommons.dtos.grupo.TestesResultadoListagemDescricaoTipoAtendimentoDTO"/>
        <method signature="TestesResultadoListagemDescricaoTipoAtendimentoDTO.resultadopesquisatipoatendimentodto_vazio_foi_construido()[pri:0, instance:br.laramara.ti.sislaracommons.dtos.grupo.TestesResultadoListagemDescricaoTipoAtendimentoDTO@2ead6ba4]" name="resultadopesquisatipoatendimentodto_vazio_foi_construido" class="br.laramara.ti.sislaracommons.dtos.grupo.TestesResultadoListagemDescricaoTipoAtendimentoDTO"/>
        <method signature="TestesResultadoListagemDiaSemanaDTO.resultadolistagemdiasemanadto_com_erro_foi_construido()[pri:0, instance:br.laramara.ti.sislaracommons.dtos.grupo.TestesResultadoListagemDiaSemanaDTO@31a2a9fa]" name="resultadolistagemdiasemanadto_com_erro_foi_construido" class="br.laramara.ti.sislaracommons.dtos.grupo.TestesResultadoListagemDiaSemanaDTO"/>
        <method signature="TestesResultadoListagemDiaSemanaDTO.resultadolistagemdiasemanadto_sem_erro_foi_construido()[pri:0, instance:br.laramara.ti.sislaracommons.dtos.grupo.TestesResultadoListagemDiaSemanaDTO@31a2a9fa]" name="resultadolistagemdiasemanadto_sem_erro_foi_construido" class="br.laramara.ti.sislaracommons.dtos.grupo.TestesResultadoListagemDiaSemanaDTO"/>
        <method signature="TestesResultadoListagemDiretoriaEnsinoDTO.resultadolistagemdiretoriaensinodto_com_erro_foi_construido()[pri:0, instance:br.laramara.ti.sislaracommons.dtos.escola.TestesResultadoListagemDiretoriaEnsinoDTO@1163a27]" name="resultadolistagemdiretoriaensinodto_com_erro_foi_construido" class="br.laramara.ti.sislaracommons.dtos.escola.TestesResultadoListagemDiretoriaEnsinoDTO"/>
        <method signature="TestesResultadoListagemDiretoriaEnsinoDTO.resultadolistagemdiretoriaensinodto_sem_erro_foi_construido()[pri:0, instance:br.laramara.ti.sislaracommons.dtos.escola.TestesResultadoListagemDiretoriaEnsinoDTO@1163a27]" name="resultadolistagemdiretoriaensinodto_sem_erro_foi_construido" class="br.laramara.ti.sislaracommons.dtos.escola.TestesResultadoListagemDiretoriaEnsinoDTO"/>
        <method signature="TestesResultadoListagemDreCefaiDTO.resultadolistagemdrecefaidto_com_erro_foi_construido()[pri:0, instance:br.laramara.ti.sislaracommons.dtos.escola.TestesResultadoListagemDreCefaiDTO@322ba549]" name="resultadolistagemdrecefaidto_com_erro_foi_construido" class="br.laramara.ti.sislaracommons.dtos.escola.TestesResultadoListagemDreCefaiDTO"/>
        <method signature="TestesResultadoListagemDreCefaiDTO.resultadolistagemdrecefaidto_sem_erro_foi_construido()[pri:0, instance:br.laramara.ti.sislaracommons.dtos.escola.TestesResultadoListagemDreCefaiDTO@322ba549]" name="resultadolistagemdrecefaidto_sem_erro_foi_construido" class="br.laramara.ti.sislaracommons.dtos.escola.TestesResultadoListagemDreCefaiDTO"/>
[...]
          <reporter-output>
          </reporter-output>
        </test-method> <!-- resultadoedicaoatendimentoindividualdto_sem_erro_foi_construido -->
      </class> <!-- br.laramara.ti.sislaracommons.dtos.espera.TestesResultadoEdicaoAtendimentoIndividualDTO -->
      <class name="br.laramara.ti.sislaracommons.dtos.grupo.TestesModuloUsuarioDTO">
        <test-method status="PASS" signature="modulousuariodto_foi_construida_com_sucesso()[pri:0, instance:br.laramara.ti.sislaracommons.dtos.grupo.TestesModuloUsuarioDTO@7235f92b]" name="modulousuariodto_foi_construida_com_sucesso" duration-ms="0" started-at="2023-07-23T11:13:44Z" finished-at="2023-07-23T11:13:44Z">
          <reporter-output>
          </reporter-output>
        </test-method> <!-- modulousuariodto_foi_construida_com_sucesso -->
      </class> <!-- br.laramara.ti.sislaracommons.dtos.grupo.TestesModuloUsuarioDTO -->
      <class name="br.laramara.ti.sislaracommons.dtos.usuario.TestesResultadoListagemBeneficioDTO">
        <test-method status="PASS" signature="resultadolistegembeneficiodto_com_erro_foi_construido()[pri:0, instance:br.laramara.ti.sislaracommons.dtos.usuario.TestesResultadoListagemBeneficioDTO@682abca7]" name="resultadolistegembeneficiodto_com_erro_foi_construido" duration-ms="15" started-at="2023-07-23T11:13:44Z" finished-at="2023-07-23T11:13:44Z">
          <reporter-output>
          </reporter-output>
        </test-method> <!-- resultadolistegembeneficiodto_com_erro_foi_construido -->
        <test-method status="PASS" signature="resultadolistegembeneficiodto_sem_erro_foi_construido()[pri:0, instance:br.laramara.ti.sislaracommons.dtos.usuario.TestesResultadoListagemBeneficioDTO@682abca7]" name="resultadolistegembeneficiodto_sem_erro_foi_construido" duration-ms="0" started-at="2023-07-23T11:13:44Z" finished-at="2023-07-23T11:13:44Z">
          <reporter-output>
          </reporter-output>
        </test-method> <!-- resultadolistegembeneficiodto_sem_erro_foi_construido -->
      </class> <!-- br.laramara.ti.sislaracommons.dtos.usuario.TestesResultadoListagemBeneficioDTO -->
      <class name="br.laramara.ti.sislaracommons.dtos.usuario.TestesResultadoListagemProntuarioEscaneadoDTO">
        <test-method status="PASS" signature="resultadolistegemprontuarioescaneadodto_com_erro_foi_construido()[pri:0, instance:br.laramara.ti.sislaracommons.dtos.usuario.TestesResultadoListagemProntuarioEscaneadoDTO@de7e193]" name="resultadolistegemprontuarioescaneadodto_com_erro_foi_construido" duration-ms="0" started-at="2023-07-23T11:13:44Z" finished-at="2023-07-23T11:13:44Z">
          <reporter-output>
          </reporter-output>
        </test-method> <!-- resultadolistegemprontuarioescaneadodto_com_erro_foi_construido -->
        <test-method status="PASS" signature="resultadolistegemprontuarioescaneadodto_sem_erro_foi_construido()[pri:0, instance:br.laramara.ti.sislaracommons.dtos.usuario.TestesResultadoListagemProntuarioEscaneadoDTO@de7e193]" name="resultadolistegemprontuarioescaneadodto_sem_erro_foi_construido" duration-ms="0" started-at="2023-07-23T11:13:44Z" finished-at="2023-07-23T11:13:44Z">
          <reporter-output>
          </reporter-output>
        </test-method> <!-- resultadolistegemprontuarioescaneadodto_sem_erro_foi_construido -->
      </class> <!-- br.laramara.ti.sislaracommons.dtos.usuario.TestesResultadoListagemProntuarioEscaneadoDTO -->
      <class name="br.laramara.ti.sislaracommons.dtos.TestesResultadoRelatorioDTO">
        <test-method status="PASS" signature="resultado_relatoriodto_com_relatorio_sem_erro_foi_construido()[pri:0, instance:br.laramara.ti.sislaracommons.dtos.TestesResultadoRelatorioDTO@3d24420b]" name="resultado_relatoriodto_com_relatorio_sem_erro_foi_construido" duration-ms="0" started-at="2023-07-23T11:13:44Z" finished-at="2023-07-23T11:13:44Z">
          <reporter-output>
          </reporter-output>
        </test-method> <!-- resultado_relatoriodto_com_relatorio_sem_erro_foi_construido -->
        <test-method status="PASS" signature="resultado_relatoriodto_sem_relatorio_com_erro_foi_construido()[pri:0, instance:br.laramara.ti.sislaracommons.dtos.TestesResultadoRelatorioDTO@3d24420b]" name="resultado_relatoriodto_sem_relatorio_com_erro_foi_construido" duration-ms="0" started-at="2023-07-23T11:13:44Z" finished-at="2023-07-23T11:13:44Z">
          <reporter-output>
          </reporter-output>
        </test-method> <!-- resultado_relatoriodto_sem_relatorio_com_erro_foi_construido -->
      </class> <!-- br.laramara.ti.sislaracommons.dtos.TestesResultadoRelatorioDTO -->
      <class name="br.laramara.ti.sislaracommons.dtos.usuario.TestesPeriodoDeficienciaDTO">
        <test-method status="PASS" signature="periodo_deficienciadto_foi_construido_com_sucesso()[pri:0, instance:br.laramara.ti.sislaracommons.dtos.usuario.TestesPeriodoDeficienciaDTO@2582b0ef]" name="periodo_deficienciadto_foi_construido_com_sucesso" duration-ms="0" started-at="2023-07-23T11:13:44Z" finished-at="2023-07-23T11:13:44Z">
          <reporter-output>
          </reporter-output>
        </test-method> <!-- periodo_deficienciadto_foi_construido_com_sucesso -->
      </class> <!-- br.laramara.ti.sislaracommons.dtos.usuario.TestesPeriodoDeficienciaDTO -->
      <class name="br.laramara.ti.sislaracommons.dtos.atendimento.TestesEspecificacaopesquisaAtendimentoIndividualDTO">
        <test-method status="PASS" signature="especificacao_pesquisa_atendimento_invidualdto_sem_erro_foi_construido()[pri:0, instance:br.laramara.ti.sislaracommons.dtos.atendimento.TestesEspecificacaopesquisaAtendimentoIndividualDTO@45658133]" name="especificacao_pesquisa_atendimento_invidualdto_sem_erro_foi_construido" duration-ms="0" started-at="2023-07-23T11:13:44Z" finished-at="2023-07-23T11:13:44Z">
          <reporter-output>
          </reporter-output>
        </test-method> <!-- especificacao_pesquisa_atendimento_invidualdto_sem_erro_foi_construido -->
      </class> <!-- br.laramara.ti.sislaracommons.dtos.atendimento.TestesEspecificacaopesquisaAtendimentoIndividualDTO -->
      <class name="br.laramara.ti.sislaracommons.dtos.espera.TestesResultadoListagemTipoEsperaDTO">
        <test-method status="PASS" signature="resultadolistagemtipoesperadto_sem_erro_foi_construido()[pri:0, instance:br.laramara.ti.sislaracommons.dtos.espera.TestesResultadoListagemTipoEsperaDTO@3a7e365]" name="resultadolistagemtipoesperadto_sem_erro_foi_construido" duration-ms="0" started-at="2023-07-23T11:13:44Z" finished-at="2023-07-23T11:13:44Z">
          <reporter-output>
          </reporter-output>
        </test-method> <!-- resultadolistagemtipoesperadto_sem_erro_foi_construido -->
      </class> <!-- br.laramara.ti.sislaracommons.dtos.espera.TestesResultadoListagemTipoEsperaDTO -->
      <class name="br.laramara.ti.sislaracommons.dtos.usuario.TesteComprometimentoDTO">
        <test-method status="PASS" signature="comprometimentoDto_foi_construido_com_sucesso()[pri:0, instance:br.laramara.ti.sislaracommons.dtos.usuario.TesteComprometimentoDTO@3965bdf9]" name="comprometimentoDto_foi_construido_com_sucesso" duration-ms="15" started-at="2023-07-23T11:13:44Z" finished-at="2023-07-23T11:13:44Z">
          <reporter-output>
          </reporter-output>
        </test-method> <!-- comprometimentoDto_foi_construido_com_sucesso -->
      </class> <!-- br.laramara.ti.sislaracommons.dtos.usuario.TesteComprometimentoDTO -->
      <class name="br.laramara.ti.sislaracommons.dtos.usuario.TestesUsuarioDTO">
        <test-method status="PASS" signature="usuariodto_foi_construido_com_sucesso()[pri:0, instance:br.laramara.ti.sislaracommons.dtos.usuario.TestesUsuarioDTO@5dcd0cdf]" name="usuariodto_foi_construido_com_sucesso" duration-ms="0" started-at="2023-07-23T11:13:44Z" finished-at="2023-07-23T11:13:44Z">
          <reporter-output>
          </reporter-output>
        </test-method> <!-- usuariodto_foi_construido_com_sucesso -->
      </class> <!-- br.laramara.ti.sislaracommons.dtos.usuario.TestesUsuarioDTO -->
      <class name="br.laramara.ti.sislaracommons.dtos.usuario.TestesResultadoListagemDemandaDTO">
        <test-method status="PASS" signature="resultadolistegemdemandadto_com_erro_foi_construido()[pri:0, instance:br.laramara.ti.sislaracommons.dtos.usuario.TestesResultadoListagemDemandaDTO@610d28b8]" name="resultadolistegemdemandadto_com_erro_foi_construido" duration-ms="0" started-at="2023-07-23T11:13:44Z" finished-at="2023-07-23T11:13:44Z">
          <reporter-output>
          </reporter-output>
        </test-method> <!-- resultadolistegemdemandadto_com_erro_foi_construido -->
        <test-method status="PASS" signature="resultadolistegemdemandadto_sem_erro_foi_construido()[pri:0, instance:br.laramara.ti.sislaracommons.dtos.usuario.TestesResultadoListagemDemandaDTO@610d28b8]" name="resultadolistegemdemandadto_sem_erro_foi_construido" duration-ms="0" started-at="2023-07-23T11:13:44Z" finished-at="2023-07-23T11:13:44Z">
          <reporter-output>
          </reporter-output>
        </test-method> <!-- resultadolistegemdemandadto_sem_erro_foi_construido -->
      </class> <!-- br.laramara.ti.sislaracommons.dtos.usuario.TestesResultadoListagemDemandaDTO -->
      <class name="br.laramara.ti.sislaracommons.dtos.doacao.TestesEspecificacaoGeracaoDemandaDTO">
        <test-method status="PASS" signature="especificacaogeracaodemanda_com_um_parametro_construida_com_sucesso()[pri:0, instance:br.laramara.ti.sislaracommons.dtos.doacao.TestesEspecificacaoGeracaoDemandaDTO@250a9031]" name="especificacaogeracaodemanda_com_um_parametro_construida_com_sucesso" duration-ms="0" started-at="2023-07-23T11:13:44Z" finished-at="2023-07-23T11:13:44Z">
          <reporter-output>
          </reporter-output>
        </test-method> <!-- especificacaogeracaodemanda_com_um_parametro_construida_com_sucesso -->
      </class> <!-- br.laramara.ti.sislaracommons.dtos.doacao.TestesEspecificacaoGeracaoDemandaDTO -->
      <class name="br.laramara.ti.sislaracommons.dtos.instituicao.TestesTipoInstituicaoDTO">
        <test-method status="PASS" signature="tipoinstituicaodto_foi_construido_com_sucesso()[pri:0, instance:br.laramara.ti.sislaracommons.dtos.instituicao.TestesTipoInstituicaoDTO@7c5d1d25]" name="tipoinstituicaodto_foi_construido_com_sucesso" duration-ms="0" started-at="2023-07-23T11:13:44Z" finished-at="2023-07-23T11:13:44Z">
          <reporter-output>
          </reporter-output>
        </test-method> <!-- tipoinstituicaodto_foi_construido_com_sucesso -->
      </class> <!-- br.laramara.ti.sislaracommons.dtos.instituicao.TestesTipoInstituicaoDTO -->
      <class name="br.laramara.ti.sislaracommons.dtos.grupo.TestesFrequenciaDTO">
        <test-method status="PASS" signature="frequenciadto_foi_construida_com_sucesso()[pri:0, instance:br.laramara.ti.sislaracommons.dtos.grupo.TestesFrequenciaDTO@68e02f33]" name="frequenciadto_foi_construida_com_sucesso" duration-ms="0" started-at="2023-07-23T11:13:44Z" finished-at="2023-07-23T11:13:44Z">
          <reporter-output>
          </reporter-output>
        </test-method> <!-- frequenciadto_foi_construida_com_sucesso -->
      </class> <!-- br.laramara.ti.sislaracommons.dtos.grupo.TestesFrequenciaDTO -->
      <class name="br.laramara.ti.sislaracommons.dtos.seguranca.TestesTokenDTO">
        <test-method status="PASS" signature="tokendto_foi_construido_com_sucesso()[pri:0, instance:br.laramara.ti.sislaracommons.dtos.seguranca.TestesTokenDTO@7e4579c7]" name="tokendto_foi_construido_com_sucesso" duration-ms="0" started-at="2023-07-23T11:13:44Z" finished-at="2023-07-23T11:13:44Z">
          <reporter-output>
          </reporter-output>
        </test-method> <!-- tokendto_foi_construido_com_sucesso -->
      </class> <!-- br.laramara.ti.sislaracommons.dtos.seguranca.TestesTokenDTO -->
      <class name="br.laramara.ti.sislaracommons.dtos.atendimento.TestesEspecificacaoCopiaAtendimentoIndividualDTO">
        <test-method status="PASS" signature="especificacao_copia_atendimento_invidualdto_sem_erro_foi_construido()[pri:0, instance:br.laramara.ti.sislaracommons.dtos.atendimento.TestesEspecificacaoCopiaAtendimentoIndividualDTO@1f939a0f]" name="especificacao_copia_atendimento_invidualdto_sem_erro_foi_construido" duration-ms="0" started-at="2023-07-23T11:13:44Z" finished-at="2023-07-23T11:13:44Z">
          <reporter-output>
          </reporter-output>
        </test-method> <!-- especificacao_copia_atendimento_invidualdto_sem_erro_foi_construido -->
      </class> <!-- br.laramara.ti.sislaracommons.dtos.atendimento.TestesEspecificacaoCopiaAtendimentoIndividualDTO -->
      <class name="br.laramara.ti.sislaracommons.dtos.grupo.TestesRecursoMoradiaDTO">
        <test-method status="PASS" signature="recurso_moradia_dto_foi_construida_com_sucesso()[pri:0, instance:br.laramara.ti.sislaracommons.dtos.grupo.TestesRecursoMoradiaDTO@4eaa375c]" name="recurso_moradia_dto_foi_construida_com_sucesso" duration-ms="0" started-at="2023-07-23T11:13:44Z" finished-at="2023-07-23T11:13:44Z">
          <reporter-output>
          </reporter-output>
        </test-method> <!-- recurso_moradia_dto_foi_construida_com_sucesso -->
      </class> <!-- br.laramara.ti.sislaracommons.dtos.grupo.TestesRecursoMoradiaDTO -->
      <class name="br.laramara.ti.sislaracommons.dtos.usuario.TestesResultadoListagemInfraestruturaBasicaDTO">
        <test-method status="PASS" signature="resultado_listagem_infraestrutura_basica_dto_sem_erro_foi_construido()[pri:0, instance:br.laramara.ti.sislaracommons.dtos.usuario.TestesResultadoListagemInfraestruturaBasicaDTO@d4df0e]" name="resultado_listagem_infraestrutura_basica_dto_sem_erro_foi_construido" duration-ms="0" started-at="2023-07-23T11:13:44Z" finished-at="2023-07-23T11:13:44Z">
          <reporter-output>
          </reporter-output>
        </test-method> <!-- resultado_listagem_infraestrutura_basica_dto_sem_erro_foi_construido -->
      </class> <!-- br.laramara.ti.sislaracommons.dtos.usuario.TestesResultadoListagemInfraestruturaBasicaDTO -->
      <class name="br.laramara.ti.sislaracommons.dtos.usuario.TestesResultadoListagemCondicaoMoradiaDTO">
        <test-method status="PASS" signature="resultado_listagem_condicao_moradia_dto_sem_erro_foi_construido()[pri:0, instance:br.laramara.ti.sislaracommons.dtos.usuario.TestesResultadoListagemCondicaoMoradiaDTO@76f881d9]" name="resultado_listagem_condicao_moradia_dto_sem_erro_foi_construido" duration-ms="0" started-at="2023-07-23T11:13:44Z" finished-at="2023-07-23T11:13:44Z">
          <reporter-output>
          </reporter-output>
        </test-method> <!-- resultado_listagem_condicao_moradia_dto_sem_erro_foi_construido -->
      </class> <!-- br.laramara.ti.sislaracommons.dtos.usuario.TestesResultadoListagemCondicaoMoradiaDTO -->
      <class name="br.laramara.ti.sislaracommons.dtos.usuario.TestesResultadoListagemServicoDTO">
        <test-method status="PASS" signature="resultado_listagem_servico_dto_sem_erro_foi_construido()[pri:0, instance:br.laramara.ti.sislaracommons.dtos.usuario.TestesResultadoListagemServicoDTO@4997552e]" name="resultado_listagem_servico_dto_sem_erro_foi_construido" duration-ms="0" started-at="2023-07-23T11:13:44Z" finished-at="2023-07-23T11:13:44Z">
          <reporter-output>
          </reporter-output>
        </test-method> <!-- resultado_listagem_servico_dto_sem_erro_foi_construido -->
      </class> <!-- br.laramara.ti.sislaracommons.dtos.usuario.TestesResultadoListagemServicoDTO -->
      <class name="br.laramara.ti.sislaracommons.dtos.grupo.TestesResultadoListagemNomeGrupoDTO">
        <test-method status="PASS" signature="resultadolistagemnomegrupodto_com_erro_foi_construido()[pri:0, instance:br.laramara.ti.sislaracommons.dtos.grupo.TestesResultadoListagemNomeGrupoDTO@46dcbeab]" name="resultadolistagemnomegrupodto_com_erro_foi_construido" duration-ms="0" started-at="2023-07-23T11:13:44Z" finished-at="2023-07-23T11:13:44Z">
          <reporter-output>
          </reporter-output>
        </test-method> <!-- resultadolistagemnomegrupodto_com_erro_foi_construido -->
        <test-method status="PASS" signature="resultadolistagemnomegrupodto_sem_erro_foi_construido()[pri:0, instance:br.laramara.ti.sislaracommons.dtos.grupo.TestesResultadoListagemNomeGrupoDTO@46dcbeab]" name="resultadolistagemnomegrupodto_sem_erro_foi_construido" duration-ms="0" started-at="2023-07-23T11:13:44Z" finished-at="2023-07-23T11:13:44Z">
          <reporter-output>
          </reporter-output>
        </test-method> <!-- resultadolistagemnomegrupodto_sem_erro_foi_construido -->
      </class> <!-- br.laramara.ti.sislaracommons.dtos.grupo.TestesResultadoListagemNomeGrupoDTO -->
      <class name="br.laramara.ti.sislaracommons.dtos.grupo.TestesResultadoListagemGrupoDTO">
        <test-method status="PASS" signature="resultadolistagemgrupodto_sem_erro_foi_construido()[pri:0, instance:br.laramara.ti.sislaracommons.dtos.grupo.TestesResultadoListagemGrupoDTO@27a09971]" name="resultadolistagemgrupodto_sem_erro_foi_construido" duration-ms="0" started-at="2023-07-23T11:13:44Z" finished-at="2023-07-23T11:13:44Z">
          <reporter-output>
          </reporter-output>
        </test-method> <!-- resultadolistagemgrupodto_sem_erro_foi_construido -->
        <test-method status="PASS" signature="resultadolistagemgrupodto_com_erro_foi_construido()[pri:0, instance:br.laramara.ti.sislaracommons.dtos.grupo.TestesResultadoListagemGrupoDTO@27a09971]" name="resultadolistagemgrupodto_com_erro_foi_construido" duration-ms="0" started-at="2023-07-23T11:13:44Z" finished-at="2023-07-23T11:13:44Z">
          <reporter-output>
          </reporter-output>
        </test-method> <!-- resultadolistagemgrupodto_com_erro_foi_construido -->
      </class> <!-- br.laramara.ti.sislaracommons.dtos.grupo.TestesResultadoListagemGrupoDTO -->
      <class name="br.laramara.ti.sislaracommons.dtos.usuario.TestesHabitacaoDTO">
        <test-method status="PASS" signature="habitacao_dto_foi_construida_com_sucesso()[pri:0, instance:br.laramara.ti.sislaracommons.dtos.usuario.TestesHabitacaoDTO@759de304]" name="habitacao_dto_foi_construida_com_sucesso" duration-ms="0" started-at="2023-07-23T11:13:44Z" finished-at="2023-07-23T11:13:44Z">
          <reporter-output>
          </reporter-output>
        </test-method> <!-- habitacao_dto_foi_construida_com_sucesso -->
      </class> <!-- br.laramara.ti.sislaracommons.dtos.usuario.TestesHabitacaoDTO -->
      <class name="br.laramara.ti.sislaracommons.dtos.atendimento.TestesResultadoListagemAgendimentoIndividualDTO">
        <test-method status="PASS" signature="resultadolistagematendimentoindividualdto_sem_erro_foi_construido()[pri:0, instance:br.laramara.ti.sislaracommons.dtos.atendimento.TestesResultadoListagemAgendimentoIndividualDTO@6413d7e7]" name="resultadolistagematendimentoindividualdto_sem_erro_foi_construido" duration-ms="16" started-at="2023-07-23T11:13:44Z" finished-at="2023-07-23T11:13:44Z">
          <reporter-output>
          </reporter-output>
        </test-method> <!-- resultadolistagematendimentoindividualdto_sem_erro_foi_construido -->
      </class> <!-- br.laramara.ti.sislaracommons.dtos.atendimento.TestesResultadoListagemAgendimentoIndividualDTO -->
      <class name="br.laramara.ti.sislaracommons.dtos.solicitacao.TestesTipoRelatorioDTO">
        <test-method status="PASS" signature="tiporelatoriodto_foi_construida_com_sucesso()[pri:0, instance:br.laramara.ti.sislaracommons.dtos.solicitacao.TestesTipoRelatorioDTO@233db8e9]" name="tiporelatoriodto_foi_construida_com_sucesso" duration-ms="0" started-at="2023-07-23T11:13:44Z" finished-at="2023-07-23T11:13:44Z">
          <reporter-output>
          </reporter-output>
        </test-method> <!-- tiporelatoriodto_foi_construida_com_sucesso -->
      </class> <!-- br.laramara.ti.sislaracommons.dtos.solicitacao.TestesTipoRelatorioDTO -->
    </test> <!-- Surefire test -->
  </suite> <!-- Surefire suite -->
</testng-results>
