<?xml version="1.0" encoding="UTF-8"?>
<testsuite xmlns:xsi="http://www.w3.org/2001/XMLSchema-instance" xsi:noNamespaceSchemaLocation="https://maven.apache.org/surefire/maven-surefire-plugin/xsd/surefire-test-report-3.0.xsd" version="3.0" name="TestSuite" time="3.079" tests="394" errors="0" skipped="0" failures="0">
  <properties>
[...]
</properties>
  <testcase name="agendamentodto_foi_construida_com_sucesso" classname="br.laramara.ti.sislaracommons.dtos.agenda.TestesAgendamentoDTO" time="0.031"/>
  <testcase name="especificacaogeracaoagendamento_com_um_parametro_construida_com_sucesso" classname="br.laramara.ti.sislaracommons.dtos.agenda.TestesEspecificacaoGeracaoAgendamentoDTO" time="0"/>
  <testcase name="especificacaogeracaocopiaagendamento_com_um_parametro_construida_com_sucesso" classname="br.laramara.ti.sislaracommons.dtos.agenda.TestesEspecificacaoGeracaoCopiaAgendamentoDTO" time="0"/>
  <testcase name="especificacaopesquisaagendamentodto_sem_erro_foi_construido" classname="br.laramara.ti.sislaracommons.dtos.agenda.TestesEspecificacaoPesquisaAgendamentoDTO" time="0"/>
  <testcase name="motivocancelamentodto_foi_construida_com_sucesso" classname="br.laramara.ti.sislaracommons.dtos.agenda.TestesMotivoCancelamentoDTO" time="0"/>
  <testcase name="resultadoedicaoagendamentodto_com_erro_foi_construido" classname="br.laramara.ti.sislaracommons.dtos.agenda.TestesResultadoEdicaoAgendamentoDTO" time="0"/>
  <testcase name="resultadoedicaoagendamentodto_sem_erro_foi_construido" classname="br.laramara.ti.sislaracommons.dtos.agenda.TestesResultadoEdicaoAgendamentoDTO" time="0"/>
  <testcase name="resultadogeracaoagendamentodto_sem_erro_foi_construido" classname="br.laramara.ti.sislaracommons.dtos.agenda.TestesResultadoGeracaoAgendamentoDTO" time="0.015"/>
  <testcase name="resultadogeracaoagendamentodto_sem_erro_foi_construido_alternativo" classname="br.laramara.ti.sislaracommons.dtos.agenda.TestesResultadoGeracaoAgendamentoDTO" time="0"/>
  <testcase name="resultadolistagemagendamentodto_sem_erro_foi_construido" classname="br.laramara.ti.sislaracommons.dtos.agenda.TestesResultadoListagemAgendamentoDTO" time="0"/>
  <testcase name="resultadolistagemagendamentodto_sem_erro_foi_construido" classname="br.laramara.ti.sislaracommons.dtos.agenda.TestesResultadoListagemMotivoCancelamentoDTO" time="0"/>
  <testcase name="resultadolistagemstatusagendamentodto_sem_erro_foi_construido" classname="br.laramara.ti.sislaracommons.dtos.agenda.TestesResultadoListagemStatusAgendamentoDTO" time="0"/>
  <testcase name="statusagendamentodto_foi_construido_com_sucesso" classname="br.laramara.ti.sislaracommons.dtos.agenda.TestesStatusAgendamentoDTO" time="0"/>
  <testcase name="acao_conduta_dto_foi_construida_com_sucesso" classname="br.laramara.ti.sislaracommons.dtos.atendimento.TestesAcaoCondutaDTO" time="0"/>
  <testcase name="atendimentoprecadastrodto_foi_construida_com_sucesso" classname="br.laramara.ti.sislaracommons.dtos.atendimento.TestesAtendimentoPreCadastroDTO" time="0.015"/>
  <testcase name="atendimentoprofissionaldto_foi_construida_com_sucesso" classname="br.laramara.ti.sislaracommons.dtos.atendimento.TestesAtendimentoProfissionalDTO" time="0"/>
  <testcase name="atendimentousuariodto_foi_construida_com_sucesso" classname="br.laramara.ti.sislaracommons.dtos.atendimento.TestesAtendimentoUsuarioDTO" time="0"/>
  <testcase name="especificacao_copia_atendimento_invidualdto_sem_erro_foi_construido" classname="br.laramara.ti.sislaracommons.dtos.atendimento.TestesEspecificacaoCopiaAtendimentoIndividualDTO" time="0"/>
  <testcase name="especificacao_pesquisa_atendimento_invidualdto_sem_erro_foi_construido" classname="br.laramara.ti.sislaracommons.dtos.atendimento.TestesEspecificacaopesquisaAtendimentoIndividualDTO" time="0"/>
  <testcase name="tipo_opcao_integracao_dto_foi_construida_com_sucesso" classname="br.laramara.ti.sislaracommons.dtos.atendimento.TestesOpcaoIntegracaoDTO" time="0"/>
  <testcase name="participacaoatendimentodto_foi_construida_com_sucesso" classname="br.laramara.ti.sislaracommons.dtos.atendimento.TestesParticipacaoDTO" time="0"/>
  <testcase name="resultadolistagematendimentoindividualdto_sem_erro_foi_construido" classname="br.laramara.ti.sislaracommons.dtos.atendimento.TestesResultadoListagemAgendimentoIndividualDTO" time="0.016"/>
  <testcase name="contribuicaodto_foi_construida_com_sucesso" classname="br.laramara.ti.sislaracommons.dtos.contribuicao.TestesContribuinteDTO" time="0"/>
  <testcase name="motivodesativacaodto_foi_construido_com_sucesso" classname="br.laramara.ti.sislaracommons.dtos.contribuicao.TestesMotivoDesativacaoDTO" time="0"/>
  <testcase name="resultadoedicaocontribuintedto_com_erro_foi_construido" classname="br.laramara.ti.sislaracommons.dtos.contribuicao.TestesResultadoEdicaoContribuinteDTO" time="0"/>
  <testcase name="resultadoedicaocontribuintedto_sem_erro_foi_construido" classname="br.laramara.ti.sislaracommons.dtos.contribuicao.TestesResultadoEdicaoContribuinteDTO" time="0"/>
  <testcase name="statuscontribuintedto_foi_construido_com_sucesso" classname="br.laramara.ti.sislaracommons.dtos.contribuicao.TestesStatusContribuinteDTO" time="0"/>
  <testcase name="demandadto_foi_construida_com_sucesso" classname="br.laramara.ti.sislaracommons.dtos.doacao.TestesDemandaDTO" time="0"/>
  <testcase name="especificacaogeracaodemanda_com_um_parametro_construida_com_sucesso" classname="br.laramara.ti.sislaracommons.dtos.doacao.TestesEspecificacaoGeracaoDemandaDTO" time="0"/>
  <testcase name="especificacaopesquisademandadto_sem_erro_foi_construido" classname="br.laramara.ti.sislaracommons.dtos.doacao.TestesEspecificacaoPesquisaDemandaDTO" time="0.016"/>
  <testcase name="especificacaopesquisaprojetodto_sem_erro_foi_construido" classname="br.laramara.ti.sislaracommons.dtos.doacao.TestesEspecificacaoPesquisaProjetoDTO" time="0"/>
  <testcase name="filialdto_foi_construida_com_sucesso" classname="br.laramara.ti.sislaracommons.dtos.doacao.TestesFilialDTO" time="0"/>
  <testcase name="patrocinadordto_foi_construida_com_sucesso" classname="br.laramara.ti.sislaracommons.dtos.doacao.TestesPatrocinadorDTO" time="0"/>
  <testcase name="projetodto_foi_construida_com_sucesso" classname="br.laramara.ti.sislaracommons.dtos.doacao.TestesProjetoDTO" time="0"/>
  <testcase name="recibodto_foi_construida_com_sucesso" classname="br.laramara.ti.sislaracommons.dtos.doacao.TestesReciboDTO" time="0"/>
  <testcase name="resultadoedicaoagendamentodto_com_erro_foi_construido" classname="br.laramara.ti.sislaracommons.dtos.doacao.TestesResultadoEdicaoDemandaDTO" time="0"/>
  <testcase name="resultadoedicaodemandadto_sem_erro_foi_construido" classname="br.laramara.ti.sislaracommons.dtos.doacao.TestesResultadoEdicaoDemandaDTO" time="0"/>
  <testcase name="resultadoedicaoprojetodto_com_erro_foi_construido" classname="br.laramara.ti.sislaracommons.dtos.doacao.TestesResultadoEdicaoProjetoDTO" time="0"/>
  <testcase name="resultadoedicaoprojetodto_sem_erro_foi_construido" classname="br.laramara.ti.sislaracommons.dtos.doacao.TestesResultadoEdicaoProjetoDTO" time="0"/>
  <testcase name="resultadogeracaodemandadto_sem_erro_foi_construido" classname="br.laramara.ti.sislaracommons.dtos.doacao.TestesResultadoGeracaoDemandaDTO" time="0"/>
  <testcase name="resultadogeracaodemandadto_sem_erro_foi_construido_alternativo" classname="br.laramara.ti.sislaracommons.dtos.doacao.TestesResultadoGeracaoDemandaDTO" time="0"/>
  <testcase name="resultadolistagemprojetodto_sem_erro_foi_construido" classname="br.laramara.ti.sislaracommons.dtos.doacao.TestesResultadoListagemProjetoDTO" time="0"/>
  <testcase name="resultadolistagemstatusdemandadto_sem_erro_foi_construido" classname="br.laramara.ti.sislaracommons.dtos.doacao.TestesResultadoListagemStatusDemandaDTO" time="0"/>
  <testcase name="statusdemandadto_foi_construido_com_sucesso" classname="br.laramara.ti.sislaracommons.dtos.doacao.TestesStatusDemandaDTO" time="0"/>
  <testcase name="enderecocepdto_foi_construida_com_sucesso" classname="br.laramara.ti.sislaracommons.dtos.endereco.TestesEnderecoCEPDTO" time="0.016"/>
  <testcase name="enderecodto_foi_construida_com_sucesso" classname="br.laramara.ti.sislaracommons.dtos.endereco.TestesEnderecoDTO" time="0"/>
  <testcase name="municipiodto_foi_construido_com_sucesso" classname="br.laramara.ti.sislaracommons.dtos.endereco.TestesMunicipioDTO" time="0"/>
  <testcase name="paisdto_foi_construido_com_sucesso" classname="br.laramara.ti.sislaracommons.dtos.endereco.TestesPaisDAO" time="0"/>
  <testcase name="resultadolistegemmunicipiodto_com_erro_foi_construido" classname="br.laramara.ti.sislaracommons.dtos.endereco.TestesResultadoListagemMunicipioDTO" time="0"/>
  <testcase name="resultadolistegemmunicipiodto_sem_erro_foi_construido" classname="br.laramara.ti.sislaracommons.dtos.endereco.TestesResultadoListagemMunicipioDTO" time="0"/>
  <testcase name="resultadolistegempaisdto_com_erro_foi_construido" classname="br.laramara.ti.sislaracommons.dtos.endereco.TestesResultadoListagemPaisDTO" time="0"/>
  <testcase name="resultadolistegempaisdto_sem_erro_foi_construido" classname="br.laramara.ti.sislaracommons.dtos.endereco.TestesResultadoListagemPaisDTO" time="0"/>
  <testcase name="ufdto_foi_construido_com_sucesso" classname="br.laramara.ti.sislaracommons.dtos.endereco.TestesUfDTO" time="0"/>
  <testcase name="zonasdto_foi_construido_com_sucesso" classname="br.laramara.ti.sislaracommons.dtos.endereco.TestesZonaDTO" time="0"/>
  <testcase name="areaformacaodto_foi_construida_com_sucesso" classname="br.laramara.ti.sislaracommons.dtos.escola.TestesAreaFormacaoDTO" time="0"/>
  <testcase name="diretoriaensinodto_foi_construida_com_sucesso" classname="br.laramara.ti.sislaracommons.dtos.escola.TestesDiretoriaEnsinoDTO" time="0"/>
  <testcase name="drecefaidto_foi_construida_com_sucesso" classname="br.laramara.ti.sislaracommons.dtos.escola.TestesDreCefaiDTO" time="0"/>
  <testcase name="escolaridadedto_foi_construida_com_sucesso" classname="br.laramara.ti.sislaracommons.dtos.escola.TestesEscolaridadeDTO" time="0"/>
  <testcase name="informacaoEducacionaldto_foi_construida_com_sucesso" classname="br.laramara.ti.sislaracommons.dtos.escola.TestesInformacaoEducacionalDTO" time="0"/>
  <testcase name="resultadolistagemdiretoriaensinodto_com_erro_foi_construido" classname="br.laramara.ti.sislaracommons.dtos.escola.TestesResultadoListagemDiretoriaEnsinoDTO" time="0"/>
  <testcase name="resultadolistagemdiretoriaensinodto_sem_erro_foi_construido" classname="br.laramara.ti.sislaracommons.dtos.escola.TestesResultadoListagemDiretoriaEnsinoDTO" time="0"/>
  <testcase name="resultadolistagemdrecefaidto_com_erro_foi_construido" classname="br.laramara.ti.sislaracommons.dtos.escola.TestesResultadoListagemDreCefaiDTO" time="0"/>
  <testcase name="resultadolistagemdrecefaidto_sem_erro_foi_construido" classname="br.laramara.ti.sislaracommons.dtos.escola.TestesResultadoListagemDreCefaiDTO" time="0"/>
  <testcase name="resultadolistagemescolaridadedto_com_erro_foi_construido" classname="br.laramara.ti.sislaracommons.dtos.escola.TestesResultadoListagemEscolaridadeDTO" time="0"/>
  <testcase name="resultadolistagemescolaridadedto_sem_erro_foi_construido" classname="br.laramara.ti.sislaracommons.dtos.escola.TestesResultadoListagemEscolaridadeDTO" time="0"/>
  <testcase name="resultadolistagemperiododto_com_erro_foi_construido" classname="br.laramara.ti.sislaracommons.dtos.escola.TestesResultadoListagemPeriodoDTO" time="0"/>
  <testcase name="resultadolistagemperiododto_sem_erro_foi_construido" classname="br.laramara.ti.sislaracommons.dtos.escola.TestesResultadoListagemPeriodoDTO" time="0"/>
  <testcase name="resultadolistagemseriedto_com_erro_foi_construido" classname="br.laramara.ti.sislaracommons.dtos.escola.TestesResultadoListagemSerieDTO" time="0"/>
  <testcase name="resultadolistagemseriedto_sem_erro_foi_construido" classname="br.laramara.ti.sislaracommons.dtos.escola.TestesResultadoListagemSerieDTO" time="0"/>
  <testcase name="resultadolistagemtipoapoiodto_com_erro_foi_construido" classname="br.laramara.ti.sislaracommons.dtos.escola.TestesResultadoListagemTipoApoioDTO" time="0"/>
  <testcase name="resultadolistagemtipoapoiodto_sem_erro_foi_construido" classname="br.laramara.ti.sislaracommons.dtos.escola.TestesResultadoListagemTipoApoioDTO" time="0"/>
  <testcase name="resultadolistagemtipoespecialidadedto_com_erro_foi_construido" classname="br.laramara.ti.sislaracommons.dtos.escola.TestesResultadoListagemTipoEspecialidadeDTO" time="0"/>
  <testcase name="resultadolistagemtipoespecialidadedto_sem_erro_foi_construido" classname="br.laramara.ti.sislaracommons.dtos.escola.TestesResultadoListagemTipoEspecialidadeDTO" time="0"/>
  <testcase name="resultadovalidacaoinformacaoeducacionaldto_com_erro_foi_construido" classname="br.laramara.ti.sislaracommons.dtos.escola.TestesResultadoValidacaoInformacaoEscolarDT" time="0"/>
  <testcase name="resultadovalidacaoinformacaoeducacionaldto_sem_erro_foi_construido" classname="br.laramara.ti.sislaracommons.dtos.escola.TestesResultadoValidacaoInformacaoEscolarDT" time="0"/>
  <testcase name="situacaodto_foi_construida_com_sucesso" classname="br.laramara.ti.sislaracommons.dtos.escola.TestesSerieDTO" time="0"/>
  <testcase name="situacaodto_foi_construida_com_sucesso" classname="br.laramara.ti.sislaracommons.dtos.escola.TestesSituacaoDTO" time="0"/>
  <testcase name="tipoapoiodto_foi_construida_com_sucesso" classname="br.laramara.ti.sislaracommons.dtos.escola.TestesTipoApoioDTO" time="0"/>
  <testcase name="tipoespecialidadedto_foi_construida_com_sucesso" classname="br.laramara.ti.sislaracommons.dtos.escola.TestesTipoEspecialidadeDTO" time="0"/>
  <testcase name="atendimentoindividualdto_foi_construida_com_sucesso" classname="br.laramara.ti.sislaracommons.dtos.espera.TestesAtendimentoIndividualDTO" time="0"/>
  <testcase name="especificacaopesquisaesperadto_sem_erro_foi_construido" classname="br.laramara.ti.sislaracommons.dtos.espera.TestesEspecificacaoPesquisaEsperaDTO" time="0"/>
  <testcase name="agendamentodto_foi_construida_com_sucesso" classname="br.laramara.ti.sislaracommons.dtos.espera.TestesEsperaDTO" time="0"/>
  <testcase name="resultadoedicaoatendimentoindividualdto_com_erro_foi_construido" classname="br.laramara.ti.sislaracommons.dtos.espera.TestesResultadoEdicaoAtendimentoIndividualDTO" time="0"/>
  <testcase name="resultadoedicaoatendimentoindividualdto_sem_erro_foi_construido" classname="br.laramara.ti.sislaracommons.dtos.espera.TestesResultadoEdicaoAtendimentoIndividualDTO" time="0"/>
  <testcase name="resultadoedicaoesperadto_com_erro_foi_construido" classname="br.laramara.ti.sislaracommons.dtos.espera.TestesResultadoEdicaoEsperaDTO" time="0"/>
  <testcase name="resultadoedicaoesperadto_sem_erro_foi_construido" classname="br.laramara.ti.sislaracommons.dtos.espera.TestesResultadoEdicaoEsperaDTO" time="0"/>
  <testcase name="resultadolistagemesperadto_sem_erro_foi_construido" classname="br.laramara.ti.sislaracommons.dtos.espera.TestesResultadoListagemEsperaDTO" time="0"/>
  <testcase name="resultadolistagemstatusesperadto_sem_erro_foi_construido" classname="br.laramara.ti.sislaracommons.dtos.espera.TestesResultadoListagemStatusEsperaDTO" time="0"/>
  <testcase name="resultadolistagemtipoesperadto_sem_erro_foi_construido" classname="br.laramara.ti.sislaracommons.dtos.espera.TestesResultadoListagemTipoEsperaDTO" time="0"/>
  <testcase name="statusesperadto_foi_construida_com_sucesso" classname="br.laramara.ti.sislaracommons.dtos.espera.TestesStatusEsperaDTO" time="0"/>
  <testcase name="tipoesperadto_foi_construida_com_sucesso" classname="br.laramara.ti.sislaracommons.dtos.espera.TestesTipoEsperaDTO" time="0"/>
  <testcase name="familiardto_foi_construida_com_sucesso" classname="br.laramara.ti.sislaracommons.dtos.familiar.TestesFamiliarDTO" time="0"/>
  <testcase name="informacaotrabalhodto_foi_construida_com_sucesso" classname="br.laramara.ti.sislaracommons.dtos.familiar.TestesInformacaoTrabalhoDTO" time="0"/>
  <testcase name="parentescodto_foi_construida_com_sucesso" classname="br.laramara.ti.sislaracommons.dtos.familiar.TestesParentescoDTO" time="0"/>
  <testcase name="resultadolistagemparentescodto_com_erro_foi_construido" classname="br.laramara.ti.sislaracommons.dtos.familiar.TestesResultadoListagemParentescoDTO" time="0"/>
  <testcase name="resultadolistagemparentescodto_sem_erro_foi_construido" classname="br.laramara.ti.sislaracommons.dtos.familiar.TestesResultadoListagemParentescoDTO" time="0"/>
  <testcase name="resultadovalidacaofamiliardto_com_erro_foi_construido" classname="br.laramara.ti.sislaracommons.dtos.familiar.TestesResultadoValidacaoFamiliarDTO" time="0"/>
  <testcase name="resultadovalidacaofamiliardto_sem_erro_foi_construido" classname="br.laramara.ti.sislaracommons.dtos.familiar.TestesResultadoValidacaoFamiliarDTO" time="0"/>
  <testcase name="atendimentogrupodto_foi_construida_com_sucesso" classname="br.laramara.ti.sislaracommons.dtos.grupo.TestesAtendimentoGrupoDTO" time="0"/>
  <testcase name="tipodescricaoatendimentodto_foi_construida_com_sucesso" classname="br.laramara.ti.sislaracommons.dtos.grupo.TestesDescricaoTipoAtendimentoDTO" time="0"/>
  <testcase name="diasemanadto_foi_construida_com_sucesso" classname="br.laramara.ti.sislaracommons.dtos.grupo.TestesDiaSemanaDTO" time="0"/>
  <testcase name="diasemanaehorariodto_foi_construida_com_sucesso" classname="br.laramara.ti.sislaracommons.dtos.grupo.TestesDiaSemanaEHorarioDTO" time="0"/>
  <testcase name="especificacaodto_foi_construida_com_sucesso" classname="br.laramara.ti.sislaracommons.dtos.grupo.TestesEspecificacaoGeracaoAtendimentosDTO" time="0"/>
  <testcase name="expectativadto_foi_construida_com_sucesso" classname="br.laramara.ti.sislaracommons.dtos.grupo.TestesExpectativaDTO" time="0"/>
  <testcase name="frequenciadto_foi_construida_com_sucesso" classname="br.laramara.ti.sislaracommons.dtos.grupo.TestesFrequenciaDTO" time="0"/>
  <testcase name="grupodto_foi_construida_com_sucesso" classname="br.laramara.ti.sislaracommons.dtos.grupo.TestesGrupoDTO" time="0"/>
  <testcase name="grupodto_obtem_modulo_periodo_por_nome" classname="br.laramara.ti.sislaracommons.dtos.grupo.TestesGrupoDTO" time="0"/>
  <testcase name="grupodto_obtem_nome_modulos_com_sucesso" classname="br.laramara.ti.sislaracommons.dtos.grupo.TestesGrupoDTO" time="0"/>
  <testcase name="informacaoatendimentodto_foi_construida_com_sucesso" classname="br.laramara.ti.sislaracommons.dtos.grupo.TestesInformacaoAtendimentoDTO" time="0"/>
  <testcase name="localatendimentodto_foi_construida_com_sucesso" classname="br.laramara.ti.sislaracommons.dtos.grupo.TestesLocalAtendimentoDTO" time="0"/>
  <testcase name="lote_recursodto_foi_construido_com_sucesso" classname="br.laramara.ti.sislaracommons.dtos.grupo.TestesLoteRecursoDTO" time="0"/>
  <testcase name="modulodto_foi_construida_com_sucesso" classname="br.laramara.ti.sislaracommons.dtos.grupo.TestesModuloDTO" time="0"/>
  <testcase name="moduloperiododto_foi_construida_com_sucesso" classname="br.laramara.ti.sislaracommons.dtos.grupo.TestesModuloPeriodoDTO" time="0"/>
  <testcase name="moduloperiododto_obtem_atendimento" classname="br.laramara.ti.sislaracommons.dtos.grupo.TestesModuloPeriodoDTO" time="0"/>
  <testcase name="modulouprecadastrodto_foi_construida_com_sucesso" classname="br.laramara.ti.sislaracommons.dtos.grupo.TestesModuloPreCadastroDTO" time="0.016"/>
  <testcase name="modulousuariodto_foi_construida_com_sucesso" classname="br.laramara.ti.sislaracommons.dtos.grupo.TestesModuloUsuarioDTO" time="0"/>
  <testcase name="necessidadedto_foi_construida_com_sucesso" classname="br.laramara.ti.sislaracommons.dtos.grupo.TestesNecessidadeDTO" time="0"/>
  <testcase name="nomegrupodto_foi_construida_com_sucesso" classname="br.laramara.ti.sislaracommons.dtos.grupo.TestesNomeGrupoDTO" time="0"/>
  <testcase name="profissionaldto_foi_construida_com_sucesso" classname="br.laramara.ti.sislaracommons.dtos.grupo.TestesProfissionalDTO" time="0"/>
  <testcase name="profissional_vinculo_dto_foi_construida_com_sucesso" classname="br.laramara.ti.sislaracommons.dtos.grupo.TestesProfissionalVinculoDTO" time="0"/>
  <testcase name="programadto_foi_construida_com_sucesso" classname="br.laramara.ti.sislaracommons.dtos.grupo.TestesProgramacaoDTO" time="0"/>
  <testcase name="programadto_foi_construida_com_sucesso" classname="br.laramara.ti.sislaracommons.dtos.grupo.TestesProgramaDTO" time="0"/>
  <testcase name="recursodto_foi_construida_com_sucesso" classname="br.laramara.ti.sislaracommons.dtos.grupo.TestesRecursoDTO" time="0"/>
  <testcase name="recurso_moradia_dto_foi_construida_com_sucesso" classname="br.laramara.ti.sislaracommons.dtos.grupo.TestesRecursoMoradiaDTO" time="0"/>
  <testcase name="resultadoedicaogrupodto_com_erro_foi_construido" classname="br.laramara.ti.sislaracommons.dtos.grupo.TestesResultadoEdicaoGrupoDTO" time="0"/>
  <testcase name="resultadoedicaogrupodto_sem_erro_foi_construido" classname="br.laramara.ti.sislaracommons.dtos.grupo.TestesResultadoEdicaoGrupoDTO" time="0"/>
  <testcase name="resultadogeracaoatendimentodto_com_erro_foi_construido" classname="br.laramara.ti.sislaracommons.dtos.grupo.TestesResultadoGeracaoAtendimentosDTO" time="0"/>
  <testcase name="resultadogeracaoatendimentodto_sem_erro_foi_construido" classname="br.laramara.ti.sislaracommons.dtos.grupo.TestesResultadoGeracaoAtendimentosDTO" time="0"/>
  <testcase name="resultadolistagemdescricaotipoatendimentodto_com_descricaotipoatendimentos_sem_erro_foi_construido" classname="br.laramara.ti.sislaracommons.dtos.grupo.TestesResultadoListagemDescricaoTipoAtendimentoDTO" time="0"/>
  <testcase name="resultadolistagemdescricaotipoatendimentodto_com_um_descricaotipoatendimento_sem_erro_foi_construido" classname="br.laramara.ti.sislaracommons.dtos.grupo.TestesResultadoListagemDescricaoTipoAtendimentoDTO" time="0"/>
  <testcase name="resultadopesquisatipoatendimentodto_vazio_foi_construido" classname="br.laramara.ti.sislaracommons.dtos.grupo.TestesResultadoListagemDescricaoTipoAtendimentoDTO" time="0"/>
  <testcase name="resultadolistagemdiasemanadto_com_erro_foi_construido" classname="br.laramara.ti.sislaracommons.dtos.grupo.TestesResultadoListagemDiaSemanaDTO" time="0"/>
  <testcase name="resultadolistagemdiasemanadto_sem_erro_foi_construido" classname="br.laramara.ti.sislaracommons.dtos.grupo.TestesResultadoListagemDiaSemanaDTO" time="0"/>
  <testcase name="resultadolistagemfrequenciadto_com_erro_foi_construido" classname="br.laramara.ti.sislaracommons.dtos.grupo.TestesResultadoListagemFrequenciaDTO" time="0"/>
  <testcase name="resultadolistagemfrequenciadto_sem_erro_foi_construido" classname="br.laramara.ti.sislaracommons.dtos.grupo.TestesResultadoListagemFrequenciaDTO" time="0"/>
  <testcase name="resultadolistagemgrupodto_com_erro_foi_construido" classname="br.laramara.ti.sislaracommons.dtos.grupo.TestesResultadoListagemGrupoDTO" time="0"/>
  <testcase name="resultadolistagemgrupodto_sem_erro_foi_construido" classname="br.laramara.ti.sislaracommons.dtos.grupo.TestesResultadoListagemGrupoDTO" time="0"/>
  <testcase name="resultadolistagemlocalatendimentodto_com_erro_foi_construido" classname="br.laramara.ti.sislaracommons.dtos.grupo.TestesResultadoListagemLocalAtendimentoDTO" time="0"/>
  <testcase name="resultadolistagemlocalatendimentodto_sem_erro_foi_construido" classname="br.laramara.ti.sislaracommons.dtos.grupo.TestesResultadoListagemLocalAtendimentoDTO" time="0"/>
  <testcase name="resultadolistagemnomegrupodto_com_erro_foi_construido" classname="br.laramara.ti.sislaracommons.dtos.grupo.TestesResultadoListagemNomeGrupoDTO" time="0"/>
  <testcase name="resultadolistagemnomegrupodto_sem_erro_foi_construido" classname="br.laramara.ti.sislaracommons.dtos.grupo.TestesResultadoListagemNomeGrupoDTO" time="0"/>
  <testcase name="resultadolistagemprofissionaldto_com_erro_foi_construido" classname="br.laramara.ti.sislaracommons.dtos.grupo.TestesResultadoListagemProfissional" time="0.016"/>
  <testcase name="resultadolistagemprofissionaldto_sem_erro_foi_construido" classname="br.laramara.ti.sislaracommons.dtos.grupo.TestesResultadoListagemProfissional" time="0"/>
  <testcase name="resultadolistagemstausrelacaousuariomodulodto_com_erro_foi_construido" classname="br.laramara.ti.sislaracommons.dtos.grupo.TestesResultadoListagemStatusRelacaoUsuarioModuloDTO" time="0"/>
  <testcase name="resultadolistagemstausrelacaousuariomodulodto_sem_erro_foi_construido" classname="br.laramara.ti.sislaracommons.dtos.grupo.TestesResultadoListagemStatusRelacaoUsuarioModuloDTO" time="0"/>
  <testcase name="resultadolistagemtipoatendimentodto_com_tipoatendimentos_sem_erro_foi_construido" classname="br.laramara.ti.sislaracommons.dtos.grupo.TestesResultadoListagemTipoAtendimentoDTO" time="0"/>
  <testcase name="resultadolistagemtipoatendimentodto_com_um_tipoatendimento_sem_erro_foi_construido" classname="br.laramara.ti.sislaracommons.dtos.grupo.TestesResultadoListagemTipoAtendimentoDTO" time="0"/>
  <testcase name="resultadopesquisatipoatendimentodto_vazio_foi_construido" classname="br.laramara.ti.sislaracommons.dtos.grupo.TestesResultadoListagemTipoAtendimentoDTO" time="0"/>
  <testcase name="resultado_sincronizacao_profissionais_dto_sem_erro_foi_construido" classname="br.laramara.ti.sislaracommons.dtos.grupo.TestesResultadoSincronizacaoDTO" time="0"/>
  <testcase name="resultadovalidacaoatendimentobasedto_sem_erro_foi_construido" classname="br.laramara.ti.sislaracommons.dtos.grupo.TestesResultadoValidacaoAtendimentoUsuarioDTO" time="0"/>
  <testcase name="resultadovalidacaoatendimentousuariodto_com_erro_foi_construido" classname="br.laramara.ti.sislaracommons.dtos.grupo.TestesResultadoValidacaoAtendimentoUsuarioDTO" time="0"/>
  <testcase name="resultadovalidacaomoduloperiododto_com_erro_foi_construido" classname="br.laramara.ti.sislaracommons.dtos.grupo.TestesResultadoValidacaoModuloPeriodoDTO" time="0"/>
  <testcase name="resultadovalidacaomoduloperiododto_sem_erro_foi_construido" classname="br.laramara.ti.sislaracommons.dtos.grupo.TestesResultadoValidacaoModuloPeriodoDTO" time="0"/>
  <testcase name="resultadovalidacaomodulorelacaobasedto_com_erro_foi_construido" classname="br.laramara.ti.sislaracommons.dtos.grupo.TestesResultadoValidacaoModuloRelacaoBaseDTO" time="0"/>
  <testcase name="resultadovalidacaomodulorelacaobasedto_sem_erro_foi_construido" classname="br.laramara.ti.sislaracommons.dtos.grupo.TestesResultadoValidacaoModuloRelacaoBaseDTO" time="0"/>
  <testcase name="resultadovalidacaoprogramacaodto_com_erro_foi_construido" classname="br.laramara.ti.sislaracommons.dtos.grupo.TestesResultadoValidacaoProgramacaoDTO" time="0"/>
  <testcase name="resultadovalidacaoprogramacaodto_sem_erro_foi_construido" classname="br.laramara.ti.sislaracommons.dtos.grupo.TestesResultadoValidacaoProgramacaoDTO" time="0"/>
  <testcase name="servicodto_foi_construida_com_sucesso" classname="br.laramara.ti.sislaracommons.dtos.grupo.TestesServicoDTO" time="0"/>
  <testcase name="statusatendimentodto_foi_construida_com_sucesso" classname="br.laramara.ti.sislaracommons.dtos.grupo.TestesStatusAtendimentoDTO" time="0"/>
  <testcase name="statusrelacaocommodulodto_foi_construida_com_sucesso" classname="br.laramara.ti.sislaracommons.dtos.grupo.TestesStatusRelacaoComModuloDTO" time="0"/>
  <testcase name="tipificacaoservicodto_foi_construida_com_sucesso" classname="br.laramara.ti.sislaracommons.dtos.grupo.TestesTipificacaoServicoDTO" time="0"/>
  <testcase name="tipoatendimentodto_foi_construida_com_sucesso" classname="br.laramara.ti.sislaracommons.dtos.grupo.TestesTipoAtendimentoDTO" time="0"/>
  <testcase name="classificacaoinstituicao_dto_foi_construido_com_sucesso" classname="br.laramara.ti.sislaracommons.dtos.instituicao.TestesClassificacaoInstituicaoDTO" time="0"/>
  <testcase name="especificacaopesquisainstituicao_com_um_parametro_construida_com_sucesso" classname="br.laramara.ti.sislaracommons.dtos.instituicao.TestesEspecificacaoPesquisaInstituicaoDTO" time="0"/>
  <testcase name="especificacaopesquisainstituicao_retorna_possiveis_chaves_de_pesquisa" classname="br.laramara.ti.sislaracommons.dtos.instituicao.TestesEspecificacaoPesquisaInstituicaoDTO" time="0"/>
  <testcase name="instituicaodto_foi_construida_com_sucesso" classname="br.laramara.ti.sislaracommons.dtos.instituicao.TestesInstituicaoDTO" time="0"/>
  <testcase name="resultadoedicaoinstituicaodto_com_erro_foi_construido" classname="br.laramara.ti.sislaracommons.dtos.instituicao.TestesResultadoEdicaoInstituicaoDTO" time="0"/>
  <testcase name="resultadoedicaoinstituicaodto_sem_erro_foi_construido" classname="br.laramara.ti.sislaracommons.dtos.instituicao.TestesResultadoEdicaoInstituicaoDTO" time="0"/>
  <testcase name="resultadolistagemclassificacaoinstituicaodto_com_erro_foi_construido" classname="br.laramara.ti.sislaracommons.dtos.instituicao.TestesResultadoListagemClassificacaoInstituicaoDTO" time="0.015"/>
  <testcase name="resultadolistagemclassificacaoinstituicaodto_sem_erro_foi_construido" classname="br.laramara.ti.sislaracommons.dtos.instituicao.TestesResultadoListagemClassificacaoInstituicaoDTO" time="0"/>
  <testcase name="resultadopesquisainstituicaodto_com_um_usuario_sem_erro_foi_construido" classname="br.laramara.ti.sislaracommons.dtos.instituicao.TestesResultadoPesquisaInstituicoesDTO" time="0"/>
  <testcase name="resultadopesquisainstituicaodto_com_usuarios_sem_erro_foi_construido" classname="br.laramara.ti.sislaracommons.dtos.instituicao.TestesResultadoPesquisaInstituicoesDTO" time="0"/>
  <testcase name="resultadopesquisainstituicaodto_vazio_foi_construido" classname="br.laramara.ti.sislaracommons.dtos.instituicao.TestesResultadoPesquisaInstituicoesDTO" time="0"/>
  <testcase name="tipoinstituicaodto_foi_construido_com_sucesso" classname="br.laramara.ti.sislaracommons.dtos.instituicao.TestesTipoInstituicaoDTO" time="0"/>
  <testcase name="especificacaopesquisaprecadastro_com_um_parametro_construida_com_sucesso" classname="br.laramara.ti.sislaracommons.dtos.precadastro.TestesEspecificacaoPesquisaPreCadastroDTO" time="0"/>
  <testcase name="especificacaopesquisaprecadastro_retorna_possiveis_chaves_de_pesquisa" classname="br.laramara.ti.sislaracommons.dtos.precadastro.TestesEspecificacaoPesquisaPreCadastroDTO" time="0"/>
  <testcase name="origemcomunidadedto_foi_construida_com_sucesso" classname="br.laramara.ti.sislaracommons.dtos.precadastro.TestesOrigemComunidadeDTO" time="0"/>
  <testcase name="precadastrodto_foi_construida_pelo_client_com_sucesso" classname="br.laramara.ti.sislaracommons.dtos.precadastro.TestesPreCadastroDTO" time="0"/>
  <testcase name="precadastrodto_foi_construida_pelo_server_com_sucesso" classname="br.laramara.ti.sislaracommons.dtos.precadastro.TestesPreCadastroDTO" time="0"/>
  <testcase name="resultadoedicaoprecadastrodto_com_erro_foi_construido" classname="br.laramara.ti.sislaracommons.dtos.precadastro.TestesResultadoEdicaoPreCadastroDTO" time="0"/>
  <testcase name="resultadoedicaoprecadastrodto_sem_erro_foi_construido" classname="br.laramara.ti.sislaracommons.dtos.precadastro.TestesResultadoEdicaoPreCadastroDTO" time="0"/>
  <testcase name="resultadolistagemprecadastrodto_com_um_usuario_sem_erro_foi_construido" classname="br.laramara.ti.sislaracommons.dtos.precadastro.TestesResultadoListagemPreCadastroDTO" time="0"/>
  <testcase name="resultadolistagemprecadastrodto_com_usuarios_sem_erro_foi_construido" classname="br.laramara.ti.sislaracommons.dtos.precadastro.TestesResultadoListagemPreCadastroDTO" time="0"/>
  <testcase name="resultadopesquisaprecadastrodto_vazio_foi_construido" classname="br.laramara.ti.sislaracommons.dtos.precadastro.TestesResultadoListagemPreCadastroDTO" time="0"/>
  <testcase name="retiradadto_foi_construida_pelo_com_sucesso" classname="br.laramara.ti.sislaracommons.dtos.retirada.TestesRetiradaDTO" time="0"/>
  <testcase name="contaacessodto_foi_construida_com_sucesso" classname="br.laramara.ti.sislaracommons.dtos.seguranca.TestesContaAcessoDTO" time="0.328">
    <system-err><![CDATA[ERROR StatusLogger No log4j2 configuration file found. Using default configuration: logging only errors to the console. Set system property 'log4j2.debug' to show Log4j2 internal initialization logging.
]]></system-err>
  </testcase>
  <testcase name="credencialdto_foi_construida_com_sucesso" classname="br.laramara.ti.sislaracommons.dtos.seguranca.TestesCredencialDTO" time="0"/>
  <testcase name="credencialexternadto_foi_construida_com_sucesso" classname="br.laramara.ti.sislaracommons.dtos.seguranca.TestesCredencialExternaDTO" time="0"/>
  <testcase name="grupo_conta_acesso_bloqueado_foi_construida_com_sucesso" classname="br.laramara.ti.sislaracommons.dtos.seguranca.TestesGrupoContaAcessoBloqueadoDTO" time="0.016"/>
  <testcase name="perfildto_foi_construida_com_sucesso" classname="br.laramara.ti.sislaracommons.dtos.seguranca.TestesPerfilDTO" time="0"/>
  <testcase name="permissaodto_foi_construida_com_sucesso" classname="br.laramara.ti.sislaracommons.dtos.seguranca.TestesPermissaoDTO" time="0"/>
  <testcase name="resultado_alteracao_extensao_relatorio_foi_construida_com_erro" classname="br.laramara.ti.sislaracommons.dtos.seguranca.TestesResultadoAlteracaoExtensaoRelatorioDTO" time="0"/>
  <testcase name="resultado_alteracao_extensao_relatorio_foi_construida_com_sucesso" classname="br.laramara.ti.sislaracommons.dtos.seguranca.TestesResultadoAlteracaoExtensaoRelatorioDTO" time="0"/>
  <testcase name="resultadoautenticacaodto_com_erro_foi_construido" classname="br.laramara.ti.sislaracommons.dtos.seguranca.TestesResultadoAutenticacaoDTO" time="0"/>
  <testcase name="resultadoautenticacaodto_sem_erro_foi_construido" classname="br.laramara.ti.sislaracommons.dtos.seguranca.TestesResultadoAutenticacaoDTO" time="0"/>
  <testcase name="resultadocoordenacaoedicaodto_sem_erro_foi_construido" classname="br.laramara.ti.sislaracommons.dtos.seguranca.TestesResultadoCoordenacaoEdicaoDTO" time="0"/>
  <testcase name="resultadoedicaoperfildto_sem_erro_foi_construido" classname="br.laramara.ti.sislaracommons.dtos.seguranca.TestesResultadoEdicaoPerfilDTO" time="0"/>
  <testcase name="resultadolistagemcontaacessodto_com_contaacesso_sem_erro_foi_construido" classname="br.laramara.ti.sislaracommons.dtos.seguranca.TestesResultadoListagemContaAcessoDTO" time="0.015"/>
  <testcase name="resultadolistagemgruposbloqueadosdto_sem_erro_foi_construido" classname="br.laramara.ti.sislaracommons.dtos.seguranca.TestesResultadoListagemGrupoBloqueadosDTO" time="0"/>
  <testcase name="resultadolistagemusuariosbloqueadosdto_sem_erro_foi_construido" classname="br.laramara.ti.sislaracommons.dtos.seguranca.TestesResultadoListagemPerfilDTO" time="0"/>
  <testcase name="resultadolistagempermissaodto_sem_erro_foi_construido" classname="br.laramara.ti.sislaracommons.dtos.seguranca.TestesResultadoListagemPermissaoDTO" time="0"/>
  <testcase name="resultadolistagemperfildto_sem_erro_foi_construido" classname="br.laramara.ti.sislaracommons.dtos.seguranca.TestesResultadoListagemUsuariosBloqueadosDTO" time="0"/>
  <testcase name="tokendto_foi_construido_com_sucesso" classname="br.laramara.ti.sislaracommons.dtos.seguranca.TestesTokenDTO" time="0"/>
  <testcase name="usuario_conta_acesso_bloqueado_foi_construida_com_sucesso" classname="br.laramara.ti.sislaracommons.dtos.seguranca.TestesUsuarioContaAcessoBloqueadoDTO" time="0"/>
  <testcase name="elaboradordto_foi_construido_com_sucesso" classname="br.laramara.ti.sislaracommons.dtos.solicitacao.TestesElaboradorDTO" time="0"/>
  <testcase name="especificacaopesquisasolicitacaorelatoriodto_sem_erro_foi_construido" classname="br.laramara.ti.sislaracommons.dtos.solicitacao.TestesEspecificacaoPesquisaSolicitacaoRelatorioDTO" time="0.016"/>
  <testcase name="solicitacao_relatorio_dto_foi_construida_pelo_com_sucesso" classname="br.laramara.ti.sislaracommons.dtos.solicitacao.TestesSolicitacaoRelatorioDTO" time="0"/>
  <testcase name="statussolicitacaorelatoriodto_foi_construida_com_sucesso" classname="br.laramara.ti.sislaracommons.dtos.solicitacao.TestesStatusSolicitacaoRelatorioDTO" time="0"/>
  <testcase name="tiporelatoriodto_foi_construida_com_sucesso" classname="br.laramara.ti.sislaracommons.dtos.solicitacao.TestesTipoRelatorioDTO" time="0"/>
  <testcase name="contatodto_foi_construida_com_sucesso" classname="br.laramara.ti.sislaracommons.dtos.TestesContatoDTO" time="0"/>
  <testcase name="horariodto_foi_construida_com_sucesso" classname="br.laramara.ti.sislaracommons.dtos.TestesHorarioDTO" time="0"/>
  <testcase name="informacaoessencialdto_foi_construida_com_sucesso" classname="br.laramara.ti.sislaracommons.dtos.TestesInformacaoEssencialDTO" time="0"/>
  <testcase name="resultadoalteracaosenhadto_sem_erro_foi_construido" classname="br.laramara.ti.sislaracommons.dtos.TestesResultadoAlteracaoSenhaDTO" time="0"/>
  <testcase name="resultadolistagemtipotelefonedto_com_erro_foi_construido" classname="br.laramara.ti.sislaracommons.dtos.TestesResultadoListagemTipoTelefone" time="0"/>
  <testcase name="resultadolistagemtipotelefonedto_sem_erro_foi_construido" classname="br.laramara.ti.sislaracommons.dtos.TestesResultadoListagemTipoTelefone" time="0"/>
  <testcase name="resultado_relatoriodto_com_relatorio_sem_erro_foi_construido" classname="br.laramara.ti.sislaracommons.dtos.TestesResultadoRelatorioDTO" time="0"/>
  <testcase name="resultado_relatoriodto_sem_relatorio_com_erro_foi_construido" classname="br.laramara.ti.sislaracommons.dtos.TestesResultadoRelatorioDTO" time="0"/>
  <testcase name="resultadovalidacaotelefonedto_com_erro_foi_construido" classname="br.laramara.ti.sislaracommons.dtos.TestesResultadoValidacaoTelefoneDTO" time="0"/>
  <testcase name="resultadovalidacaotelefonedto_sem_erro_foi_construido" classname="br.laramara.ti.sislaracommons.dtos.TestesResultadoValidacaoTelefoneDTO" time="0"/>
  <testcase name="simnaodto_foi_construido_com_sucesso" classname="br.laramara.ti.sislaracommons.dtos.TestesSimNaoDTO" time="0"/>
  <testcase name="telefonedto_foi_construida_com_sucesso" classname="br.laramara.ti.sislaracommons.dtos.TestesTelefoneDTO" time="0"/>
  <testcase name="tipotelefonedto_foi_construida_com_sucesso" classname="br.laramara.ti.sislaracommons.dtos.TestesTipoTelefoneDTO" time="0"/>
  <testcase name="cargodto_foi_construida_com_sucesso" classname="br.laramara.ti.sislaracommons.dtos.trabalho.TestesCargoDTO" time="0"/>
  <testcase name="informacaotrabalhocompletadto_foi_construida_com_sucesso" classname="br.laramara.ti.sislaracommons.dtos.trabalho.TestesInformacaoTrabalhoCompletoDTO" time="0"/>
  <testcase name="localtrabalhodto_foi_construida_com_sucesso" classname="br.laramara.ti.sislaracommons.dtos.trabalho.TestesLocalTrabalhoDTO" time="0"/>
  <testcase name="comprometimentoDto_foi_construido_com_sucesso" classname="br.laramara.ti.sislaracommons.dtos.usuario.TesteComprometimentoDTO" time="0.015"/>
  <testcase name="beneficiosdto_foi_construido_com_sucesso" classname="br.laramara.ti.sislaracommons.dtos.usuario.TestesBeneficioDTO" time="0"/>
  <testcase name="classificacaosocialdto_foi_construida_com_sucesso" classname="br.laramara.ti.sislaracommons.dtos.usuario.TestesClassificacaoSocialDTO" time="0"/>
  <testcase name="condicao_moradia_dto_foi_construida_com_sucesso" classname="br.laramara.ti.sislaracommons.dtos.usuario.TestesCondicaoMoradiaDTO" time="0"/>
  <testcase name="conveniodto_foi_construido_com_sucesso" classname="br.laramara.ti.sislaracommons.dtos.usuario.TestesConvenioDTO" time="0"/>
  <testcase name="deficienciaDto_foi_construido_com_sucesso" classname="br.laramara.ti.sislaracommons.dtos.usuario.TestesDeficienciaDTO" time="0"/>
  <testcase name="encaminhamentodto_foi_construida_com_sucesso" classname="br.laramara.ti.sislaracommons.dtos.usuario.TestesEncaminhamentoDTO" time="0.016"/>
  <testcase name="epocaincidenciadto_foi_construido_com_sucesso" classname="br.laramara.ti.sislaracommons.dtos.usuario.TestesEpocaIncidenciaDTO" time="0"/>
  <testcase name="especificacaopesquisausuario_com_um_parametro_construida_com_sucesso" classname="br.laramara.ti.sislaracommons.dtos.usuario.TestesEspecificacaoPesquisaUsuarioDTO" time="0"/>
  <testcase name="especificacaopesquisausuario_retorna_possiveis_chaves_de_pesquisa" classname="br.laramara.ti.sislaracommons.dtos.usuario.TestesEspecificacaoPesquisaUsuarioDTO" time="0"/>
  <testcase name="estadocivildto_foi_construido_com_sucesso" classname="br.laramara.ti.sislaracommons.dtos.usuario.TestesEstadoCivilDTO" time="0"/>
  <testcase name="expectativa_dto_foi_construida_com_sucesso" classname="br.laramara.ti.sislaracommons.dtos.usuario.TestesExpectativaDTO" time="0"/>
  <testcase name="generodto_foi_construido_com_sucesso" classname="br.laramara.ti.sislaracommons.dtos.usuario.TestesGeneroDTO" time="0"/>
  <testcase name="grupoetnicodto_foi_construido_com_sucesso" classname="br.laramara.ti.sislaracommons.dtos.usuario.TestesGruposEtnicosDTO" time="0"/>
  <testcase name="habitacao_dto_foi_construida_com_sucesso" classname="br.laramara.ti.sislaracommons.dtos.usuario.TestesHabitacaoDTO" time="0"/>
  <testcase name="infraestrutura_basico_dto_foi_construida_com_sucesso" classname="br.laramara.ti.sislaracommons.dtos.usuario.TestesInfraestruturaBasicaDTO" time="0"/>
  <testcase name="recurso_moradia_dto_foi_construida_com_sucesso" classname="br.laramara.ti.sislaracommons.dtos.usuario.TestesNecessidadeDTO" time="0"/>
  <testcase name="origemencaminhamentodto_foi_construida_com_sucesso" classname="br.laramara.ti.sislaracommons.dtos.usuario.TestesOrigemEncaminhamentoDTO" time="0"/>
  <testcase name="periodo_beneficiosdto_foi_construido_com_sucesso" classname="br.laramara.ti.sislaracommons.dtos.usuario.TestesPeriodoBeneficioDTO" time="0"/>
  <testcase name="periodo_deficienciadto_foi_construido_com_sucesso" classname="br.laramara.ti.sislaracommons.dtos.usuario.TestesPeriodoDeficienciaDTO" time="0"/>
  <testcase name="periododto_foi_construida_com_sucesso" classname="br.laramara.ti.sislaracommons.dtos.usuario.TestesPeriodoDTO" time="0"/>
  <testcase name="prontuarioescaneadodto_foi_construida_com_sucesso" classname="br.laramara.ti.sislaracommons.dtos.usuario.TestesProntuarioEscaneadoDTO" time="0"/>
  <testcase name="recurso_moradia_dto_foi_construida_com_sucesso" classname="br.laramara.ti.sislaracommons.dtos.usuario.TestesRecursoMoradiaDTO" time="0"/>
  <testcase name="redeencaminhamentodto_foi_construida_com_sucesso" classname="br.laramara.ti.sislaracommons.dtos.usuario.TestesRedeEncaminhamentoDTO" time="0"/>
  <testcase name="resultadoedicaousuariodto_com_erro_foi_construido" classname="br.laramara.ti.sislaracommons.dtos.usuario.TestesResultadoEdicaoUsuarioDTO" time="0"/>
  <testcase name="resultadoedicaousuariodto_sem_erro_foi_construido" classname="br.laramara.ti.sislaracommons.dtos.usuario.TestesResultadoEdicaoUsuarioDTO" time="0"/>
  <testcase name="resultadolistegembeneficiodto_com_erro_foi_construido" classname="br.laramara.ti.sislaracommons.dtos.usuario.TestesResultadoListagemBeneficioDTO" time="0.015"/>
  <testcase name="resultadolistegembeneficiodto_sem_erro_foi_construido" classname="br.laramara.ti.sislaracommons.dtos.usuario.TestesResultadoListagemBeneficioDTO" time="0"/>
  <testcase name="resultadolistagemclassificacaosocialdto_com_erro_foi_construido" classname="br.laramara.ti.sislaracommons.dtos.usuario.TestesResultadoListagemClassificacaoSocialDTO" time="0"/>
  <testcase name="resultadolistagemclassificacaosocialdto_sem_erro_foi_construido" classname="br.laramara.ti.sislaracommons.dtos.usuario.TestesResultadoListagemClassificacaoSocialDTO" time="0"/>
  <testcase name="resultado_listagem_condicao_moradia_dto_sem_erro_foi_construido" classname="br.laramara.ti.sislaracommons.dtos.usuario.TestesResultadoListagemCondicaoMoradiaDTO" time="0"/>
  <testcase name="resultadolistegemconveniodto_com_erro_foi_construido" classname="br.laramara.ti.sislaracommons.dtos.usuario.TestesResultadoListagemConvenioDTO" time="0"/>
  <testcase name="resultadolistegemconveniodto_sem_erro_foi_construido" classname="br.laramara.ti.sislaracommons.dtos.usuario.TestesResultadoListagemConvenioDTO" time="0"/>
  <testcase name="resultadolistegemdeficienciadto_com_erro_foi_construido" classname="br.laramara.ti.sislaracommons.dtos.usuario.TestesResultadoListagemDeficienciaDTO" time="0"/>
  <testcase name="resultadolistegemdeficienciadto_sem_erro_foi_construido" classname="br.laramara.ti.sislaracommons.dtos.usuario.TestesResultadoListagemDeficienciaDTO" time="0"/>
  <testcase name="resultadolistegemdemandadto_com_erro_foi_construido" classname="br.laramara.ti.sislaracommons.dtos.usuario.TestesResultadoListagemDemandaDTO" time="0"/>
  <testcase name="resultadolistegemdemandadto_sem_erro_foi_construido" classname="br.laramara.ti.sislaracommons.dtos.usuario.TestesResultadoListagemDemandaDTO" time="0"/>
  <testcase name="resultadolistegemestadocivildto_com_erro_foi_construido" classname="br.laramara.ti.sislaracommons.dtos.usuario.TestesResultadoListagemEstadoCivilDTO" time="0"/>
  <testcase name="resultadolistegemestadocivildto_sem_erro_foi_construido" classname="br.laramara.ti.sislaracommons.dtos.usuario.TestesResultadoListagemEstadoCivilDTO" time="0"/>
  <testcase name="resultado_listagem_expectativa_dto_sem_erro_foi_construido" classname="br.laramara.ti.sislaracommons.dtos.usuario.TestesResultadoListagemExpectativaDTO" time="0"/>
  <testcase name="resultadolistegemgenerodto_com_erro_foi_construido" classname="br.laramara.ti.sislaracommons.dtos.usuario.TestesResultadoListagemGeneroDTO" time="0"/>
  <testcase name="resultadolistegemgenerodto_sem_erro_foi_construido" classname="br.laramara.ti.sislaracommons.dtos.usuario.TestesResultadoListagemGeneroDTO" time="0"/>
  <testcase name="resultadolistegemgrupoetnicodto_com_erro_foi_construido" classname="br.laramara.ti.sislaracommons.dtos.usuario.TestesResultadoListagemGrupoEtnicoDTO" time="0"/>
  <testcase name="resultadolistegemgrupoetnicodto_sem_erro_foi_construido" classname="br.laramara.ti.sislaracommons.dtos.usuario.TestesResultadoListagemGrupoEtnicoDTO" time="0"/>
  <testcase name="resultado_listagem_habitacao_dto_sem_erro_foi_construido" classname="br.laramara.ti.sislaracommons.dtos.usuario.TestesResultadoListagemHabitacaoDTO" time="0"/>
  <testcase name="resultado_listagem_infraestrutura_basica_dto_sem_erro_foi_construido" classname="br.laramara.ti.sislaracommons.dtos.usuario.TestesResultadoListagemInfraestruturaBasicaDTO" time="0"/>
  <testcase name="resultado_listagem_necessidade_dto_sem_erro_foi_construido" classname="br.laramara.ti.sislaracommons.dtos.usuario.TestesResultadoListagemNecessidadeDTO" time="0"/>
  <testcase name="resultadolistegemprontuarioescaneadodto_com_erro_foi_construido" classname="br.laramara.ti.sislaracommons.dtos.usuario.TestesResultadoListagemProntuarioEscaneadoDTO" time="0"/>
  <testcase name="resultadolistegemprontuarioescaneadodto_sem_erro_foi_construido" classname="br.laramara.ti.sislaracommons.dtos.usuario.TestesResultadoListagemProntuarioEscaneadoDTO" time="0"/>
  <testcase name="resultadolistegemrecursodto_com_erro_foi_construido" classname="br.laramara.ti.sislaracommons.dtos.usuario.TestesResultadoListagemRecursoDTO" time="0"/>
  <testcase name="resultadolistegemrecursodto_sem_erro_foi_construido" classname="br.laramara.ti.sislaracommons.dtos.usuario.TestesResultadoListagemRecursoDTO" time="0"/>
  <testcase name="resultado_listagem_recursos_moradia_dto_sem_erro_foi_construido" classname="br.laramara.ti.sislaracommons.dtos.usuario.TestesResultadoListagemRecursosMoradiaDTO" time="0"/>
  <testcase name="resultado_listagem_servico_dto_sem_erro_foi_construido" classname="br.laramara.ti.sislaracommons.dtos.usuario.TestesResultadoListagemServicoDTO" time="0"/>
  <testcase name="resultadolistegemsetordto_com_erro_foi_construido" classname="br.laramara.ti.sislaracommons.dtos.usuario.TestesResultadoListagemSetorDTO" time="0"/>
  <testcase name="resultadolistegemsetordto_sem_erro_foi_construido" classname="br.laramara.ti.sislaracommons.dtos.usuario.TestesResultadoListagemSetorDTO" time="0"/>
  <testcase name="resultadolistagemesituacaodto_sem_erro_foi_construido" classname="br.laramara.ti.sislaracommons.dtos.usuario.TestesResultadoListagemSituacaoDTO" time="0"/>
  <testcase name="resultadolistagemsituacaodto_com_erro_foi_construido" classname="br.laramara.ti.sislaracommons.dtos.usuario.TestesResultadoListagemSituacaoDTO" time="0"/>
  <testcase name="resultadolistegemsituacaoguardadto_com_erro_foi_construido" classname="br.laramara.ti.sislaracommons.dtos.usuario.TestesResultadoListagemSituacaoGuardaDTO" time="0"/>
  <testcase name="resultadolistegemsituacaoguardadto_sem_erro_foi_construido" classname="br.laramara.ti.sislaracommons.dtos.usuario.TestesResultadoListagemSituacaoGuardaDTO" time="0"/>
  <testcase name="resultado_listagem_situacao_habitacional_dto_sem_erro_foi_construido" classname="br.laramara.ti.sislaracommons.dtos.usuario.TestesResultadoListagemSituacaoHabitacionalDTO" time="0"/>
  <testcase name="resultadolistegemstatusdto_com_erro_foi_construido" classname="br.laramara.ti.sislaracommons.dtos.usuario.TestesResultadoListagemStatusDTO" time="0"/>
  <testcase name="resultadolistegemstatusdto_sem_erro_foi_construido" classname="br.laramara.ti.sislaracommons.dtos.usuario.TestesResultadoListagemStatusDTO" time="0"/>
  <testcase name="resultado_listagem_tipo_construcao_dto_sem_erro_foi_construido" classname="br.laramara.ti.sislaracommons.dtos.usuario.TestesResultadoListagemTipoConstrucaoDTO" time="0"/>
  <testcase name="resultadolistegemtipodto_com_erro_foi_construido" classname="br.laramara.ti.sislaracommons.dtos.usuario.TestesResultadoListagemTipoDTO" time="0"/>
  <testcase name="resultadolistegemtipodto_sem_erro_foi_construido" classname="br.laramara.ti.sislaracommons.dtos.usuario.TestesResultadoListagemTipoDTO" time="0"/>
  <testcase name="resultadolistegemufdto_com_erro_foi_construido" classname="br.laramara.ti.sislaracommons.dtos.usuario.TestesResultadoListagemUfDTO" time="0"/>
  <testcase name="resultadolistegemufdto_sem_erro_foi_construido" classname="br.laramara.ti.sislaracommons.dtos.usuario.TestesResultadoListagemUfDTO" time="0"/>
  <testcase name="resultadolistegemzonadto_com_erro_foi_construido" classname="br.laramara.ti.sislaracommons.dtos.usuario.TestesResultadoListagemZonaDTO" time="0"/>
  <testcase name="resultadolistegemzonadto_sem_erro_foi_construido" classname="br.laramara.ti.sislaracommons.dtos.usuario.TestesResultadoListagemZonaDTO" time="0"/>
  <testcase name="resultadopesquisausuariodto_com_um_usuario_sem_erro_foi_construido" classname="br.laramara.ti.sislaracommons.dtos.usuario.TestesResultadoPesquisaUsuarioDTO" time="0"/>
  <testcase name="resultadopesquisausuariodto_com_usuarios_sem_erro_foi_construido" classname="br.laramara.ti.sislaracommons.dtos.usuario.TestesResultadoPesquisaUsuarioDTO" time="0"/>
  <testcase name="resultadopesquisausuariodto_vazio_foi_construido" classname="br.laramara.ti.sislaracommons.dtos.usuario.TestesResultadoPesquisaUsuarioDTO" time="0"/>
  <testcase name="resultadovalidacaoloterecurso_com_erro_foi_construido" classname="br.laramara.ti.sislaracommons.dtos.usuario.TestesResultadoValidacaoLoteRecursoDTO" time="0"/>
  <testcase name="resultadovalidacaoloterecursodto_sem_erro_foi_construido" classname="br.laramara.ti.sislaracommons.dtos.usuario.TestesResultadoValidacaoLoteRecursoDTO" time="0"/>
  <testcase name="resultadovalidacaoperiodobeneficiodto_com_erro_foi_construido" classname="br.laramara.ti.sislaracommons.dtos.usuario.TestesResultadoValidacaoPeriodoBeneficioDTO" time="0"/>
  <testcase name="resultadovalidacaoperiodobeneficiodto_sem_erro_foi_construido" classname="br.laramara.ti.sislaracommons.dtos.usuario.TestesResultadoValidacaoPeriodoBeneficioDTO" time="0"/>
  <testcase name="resultadovalidacaoperiododeficienciadto_com_erro_foi_construido" classname="br.laramara.ti.sislaracommons.dtos.usuario.TestesResultadoValidacaoPeriodoDecifienciaDTO" time="0"/>
  <testcase name="resultadovalidacaoperiododeficienciadto_sem_erro_foi_construido" classname="br.laramara.ti.sislaracommons.dtos.usuario.TestesResultadoValidacaoPeriodoDecifienciaDTO" time="0"/>
  <testcase name="setordto_foi_construido_com_sucesso" classname="br.laramara.ti.sislaracommons.dtos.usuario.TestesSetorDTO" time="0"/>
  <testcase name="situacaoguardadto_foi_construido_com_sucesso" classname="br.laramara.ti.sislaracommons.dtos.usuario.TestesSituacaoGuardaDTO" time="0"/>
  <testcase name="situacao_habitacional_dto_foi_construida_com_sucesso" classname="br.laramara.ti.sislaracommons.dtos.usuario.TestesSituacaoHabitacionalDTO" time="0"/>
  <testcase name="status_beneficio_dto_foi_construido_com_sucesso" classname="br.laramara.ti.sislaracommons.dtos.usuario.TestesStatusBeneficioDTO" time="0"/>
  <testcase name="statusdto_foi_construido_com_sucesso" classname="br.laramara.ti.sislaracommons.dtos.usuario.TestesStatusDTO" time="0"/>
  <testcase name="tipocertidaodto_foi_construido_com_sucesso" classname="br.laramara.ti.sislaracommons.dtos.usuario.TestesTipoCertidaoDTO" time="0"/>
  <testcase name="tipo_construcao_dto_foi_construida_com_sucesso" classname="br.laramara.ti.sislaracommons.dtos.usuario.TestesTipoConstrucaoDTO" time="0"/>
  <testcase name="tipoleituradto_foi_construido_com_sucesso" classname="br.laramara.ti.sislaracommons.dtos.usuario.TestesTipoLeituraDTO" time="0"/>
  <testcase name="usuariodto_foi_construido_com_sucesso" classname="br.laramara.ti.sislaracommons.dtos.usuario.TestesUsuarioDTO" time="0"/>
  <testcase name="usuarioexternodto_foi_construido_com_sucesso" classname="br.laramara.ti.sislaracommons.dtos.usuario.TestesUsuarioExternoDTO" time="0"/>
  <testcase name="cpfcnpjutils_valida_cnpj_correto" classname="br.laramara.ti.sislaracommons.utilitarios.TestesCpfCnpjUtils" time="0"/>
  <testcase name="cpfcnpjutils_valida_cnpj_incorreto" classname="br.laramara.ti.sislaracommons.utilitarios.TestesCpfCnpjUtils" time="0"/>
  <testcase name="cpfcnpjutils_valida_cpf_correto" classname="br.laramara.ti.sislaracommons.utilitarios.TestesCpfCnpjUtils" time="0.015"/>
  <testcase name="cpfcnpjutils_valida_cpf_incorreto" classname="br.laramara.ti.sislaracommons.utilitarios.TestesCpfCnpjUtils" time="0"/>
  <testcase name="cpfutils_valida_cpf_correto" classname="br.laramara.ti.sislaracommons.utilitarios.TestesCpfUtils" time="0"/>
  <testcase name="cpfutils_valida_cpf_incorreto" classname="br.laramara.ti.sislaracommons.utilitarios.TestesCpfUtils" time="0"/>
  <testcase name="criptografia_gera_md5" classname="br.laramara.ti.sislaracommons.utilitarios.TestesCriptografia" time="0"/>
  <testcase name="datautils_adiciona_dias_em_data_atual" classname="br.laramara.ti.sislaracommons.utilitarios.TestesDataUtils" time="0.078"/>
  <testcase name="datautils_apos_meio_periodo" classname="br.laramara.ti.sislaracommons.utilitarios.TestesDataUtils" time="0"/>
  <testcase name="datautils_avanca_data_em_2_anos" classname="br.laramara.ti.sislaracommons.utilitarios.TestesDataUtils" time="0.016"/>
  <testcase name="datautils_cria_local_date_time_alternativo_com_sucesso" classname="br.laramara.ti.sislaracommons.utilitarios.TestesDataUtils" time="0"/>
  <testcase name="datautils_cria_local_date_time_com_sucesso" classname="br.laramara.ti.sislaracommons.utilitarios.TestesDataUtils" time="0"/>
  <testcase name="datautils_expirou_limite_24_horas" classname="br.laramara.ti.sislaracommons.utilitarios.TestesDataUtils" time="0"/>
  <testcase name="datautils_formata_data_calendar" classname="br.laramara.ti.sislaracommons.utilitarios.TestesDataUtils" time="0"/>
  <testcase name="datautils_formata_data_calendar_alternativo" classname="br.laramara.ti.sislaracommons.utilitarios.TestesDataUtils" time="0"/>
  <testcase name="datautils_formata_data_date" classname="br.laramara.ti.sislaracommons.utilitarios.TestesDataUtils" time="0"/>
  <testcase name="datautils_formata_data_hora" classname="br.laramara.ti.sislaracommons.utilitarios.TestesDataUtils" time="0"/>
  <testcase name="datautils_formata_data_local_date" classname="br.laramara.ti.sislaracommons.utilitarios.TestesDataUtils" time="0.016"/>
  <testcase name="datautils_formata_data_vazia" classname="br.laramara.ti.sislaracommons.utilitarios.TestesDataUtils" time="0"/>
  <testcase name="datautils_instancia_nova_data_a_partir_de_texto" classname="br.laramara.ti.sislaracommons.utilitarios.TestesDataUtils" time="0"/>
  <testcase name="datautils_instancia_nova_data_com_mes_correto" classname="br.laramara.ti.sislaracommons.utilitarios.TestesDataUtils" time="0"/>
  <testcase name="datautils_nao_expirou_limite_24_horas" classname="br.laramara.ti.sislaracommons.utilitarios.TestesDataUtils" time="0"/>
  <testcase name="datautils_obtem_data_hora_alternativo_valida" classname="br.laramara.ti.sislaracommons.utilitarios.TestesDataUtils" time="0"/>
  <testcase name="datautils_obtem_data_hora_valida" classname="br.laramara.ti.sislaracommons.utilitarios.TestesDataUtils" time="0"/>
  <testcase name="datautils_obtem_data_invalida" classname="br.laramara.ti.sislaracommons.utilitarios.TestesDataUtils" time="0"/>
  <testcase name="datautils_obtem_data_nula" classname="br.laramara.ti.sislaracommons.utilitarios.TestesDataUtils" time="0"/>
  <testcase name="datautils_obtem_data_valida" classname="br.laramara.ti.sislaracommons.utilitarios.TestesDataUtils" time="0"/>
  <testcase name="datautils_obtem_hora" classname="br.laramara.ti.sislaracommons.utilitarios.TestesDataUtils" time="0"/>
  <testcase name="datautils_obtem_hora_invalida_com_barra" classname="br.laramara.ti.sislaracommons.utilitarios.TestesDataUtils" time="0"/>
  <testcase name="datautils_obtem_hora_invalida_pequena" classname="br.laramara.ti.sislaracommons.utilitarios.TestesDataUtils" time="0"/>
  <testcase name="datautils_obtem_hora_nula" classname="br.laramara.ti.sislaracommons.utilitarios.TestesDataUtils" time="0"/>
  <testcase name="datautils_recuar_6_meses" classname="br.laramara.ti.sislaracommons.utilitarios.TestesDataUtils" time="0"/>
  <testcase name="datautils_retorna_hora" classname="br.laramara.ti.sislaracommons.utilitarios.TestesDataUtils" time="0"/>
  <testcase name="datautils_retorna_hora_total_invalida" classname="br.laramara.ti.sislaracommons.utilitarios.TestesDataUtils" time="0"/>
  <testcase name="datautils_retorna_hora_total_valida" classname="br.laramara.ti.sislaracommons.utilitarios.TestesDataUtils" time="0"/>
  <testcase name="datautils_retorna_tempo_decorrido" classname="br.laramara.ti.sislaracommons.utilitarios.TestesDataUtils" time="0.015"/>
  <testcase name="datautils_verifica_anos_transcorridos" classname="br.laramara.ti.sislaracommons.utilitarios.TestesDataUtils" time="0"/>
  <testcase name="datautils_verifica_anos_transcorridos_alternativo" classname="br.laramara.ti.sislaracommons.utilitarios.TestesDataUtils" time="0.016"/>
  <testcase name="datautils_verifica_anos_transcorridos_sem_sucesso" classname="br.laramara.ti.sislaracommons.utilitarios.TestesDataUtils" time="0"/>
  <testcase name="datautils_verifica_data_hora_valira_a_partir_de_texto_com_espaco" classname="br.laramara.ti.sislaracommons.utilitarios.TestesDataUtils" time="0"/>
  <testcase name="datautils_verifica_data_invalida_a_partir_de_texto" classname="br.laramara.ti.sislaracommons.utilitarios.TestesDataUtils" time="0"/>
  <testcase name="datautils_verifica_data_invalida_a_partir_de_texto_com_espaco" classname="br.laramara.ti.sislaracommons.utilitarios.TestesDataUtils" time="0"/>
  <testcase name="datautils_verifica_data_valida_a_partir_de_texto" classname="br.laramara.ti.sislaracommons.utilitarios.TestesDataUtils" time="0"/>
  <testcase name="datautils_verifica_meses_transcorridos" classname="br.laramara.ti.sislaracommons.utilitarios.TestesDataUtils" time="0.016"/>
  <testcase name="datautils_verifica_se_data_esta_preenchida" classname="br.laramara.ti.sislaracommons.utilitarios.TestesDataUtils" time="0"/>
  <testcase name="datautils_verifica_se_data_igual_ou_anterior_a_data_inicio" classname="br.laramara.ti.sislaracommons.utilitarios.TestesDataUtils" time="0"/>
  <testcase name="datautils_verifica_se_data_igual_ou_posterior_a_data_inicio" classname="br.laramara.ti.sislaracommons.utilitarios.TestesDataUtils" time="0"/>
  <testcase name="datautils_verifica_se_data_inicio_e_anterior_a_data_atual_sistema" classname="br.laramara.ti.sislaracommons.utilitarios.TestesDataUtils" time="0"/>
  <testcase name="datautils_verifica_se_data_inicio_e_posterior_a_data_atual_sistema" classname="br.laramara.ti.sislaracommons.utilitarios.TestesDataUtils" time="0"/>
  <testcase name="datautils_verifica_se_data_inicio_nao_e_anterior_a_data_atual_sistema" classname="br.laramara.ti.sislaracommons.utilitarios.TestesDataUtils" time="0"/>
  <testcase name="datautils_verifica_se_data_inicio_nao_e_posterior_a_data_atual_sistema" classname="br.laramara.ti.sislaracommons.utilitarios.TestesDataUtils" time="0"/>
  <testcase name="datautils_verifica_se_data_invalida_a_partir_calendar" classname="br.laramara.ti.sislaracommons.utilitarios.TestesDataUtils" time="0"/>
  <testcase name="datautils_verifica_se_data_nao_esta_preenchida" classname="br.laramara.ti.sislaracommons.utilitarios.TestesDataUtils" time="0"/>
  <testcase name="datautils_verifica_se_data_termino_e_anterior_a_data_inicio" classname="br.laramara.ti.sislaracommons.utilitarios.TestesDataUtils" time="0"/>
  <testcase name="datautils_verifica_se_hora_termino_e_anterior_hora_inicio" classname="br.laramara.ti.sislaracommons.utilitarios.TestesDataUtils" time="0"/>
  <testcase name="dinheiroutils_converte_para_dinheiro_alternativo2_sem_sucesso" classname="br.laramara.ti.sislaracommons.utilitarios.TestesDinheiroUtils" time="0"/>
  <testcase name="dinheiroutils_converte_para_dinheiro_alternativo_com_sucesso" classname="br.laramara.ti.sislaracommons.utilitarios.TestesDinheiroUtils" time="0"/>
  <testcase name="dinheiroutils_converte_para_dinheiro_alternativo_sem_sucesso" classname="br.laramara.ti.sislaracommons.utilitarios.TestesDinheiroUtils" time="0"/>
  <testcase name="dinheiroutils_converte_para_dinheiro_com_sucesso" classname="br.laramara.ti.sislaracommons.utilitarios.TestesDinheiroUtils" time="0"/>
  <testcase name="dinheiroutils_converte_para_dinheiro_sem_sucesso" classname="br.laramara.ti.sislaracommons.utilitarios.TestesDinheiroUtils" time="0"/>
  <testcase name="dinheiroutils_valida_dinheiro_invalido" classname="br.laramara.ti.sislaracommons.utilitarios.TestesDinheiroUtils" time="0"/>
  <testcase name="imagemutils_redimensiona_imagem_corretamente" classname="br.laramara.ti.sislaracommons.utilitarios.TestesImagemUtils" time="0.109"/>
  <testcase name="numeroutils_obter_texto_do_numero" classname="br.laramara.ti.sislaracommons.utilitarios.TestesNumeroUtils" time="0"/>
  <testcase name="numeroutils_renorna_longo_numero_nulo" classname="br.laramara.ti.sislaracommons.utilitarios.TestesNumeroUtils" time="0"/>
  <testcase name="numeroutils_renorna_numero_inteiro_invalido" classname="br.laramara.ti.sislaracommons.utilitarios.TestesNumeroUtils" time="0"/>
  <testcase name="numeroutils_renorna_numero_inteiro_nulo" classname="br.laramara.ti.sislaracommons.utilitarios.TestesNumeroUtils" time="0"/>
  <testcase name="numeroutils_renorna_numero_inteiro_valido" classname="br.laramara.ti.sislaracommons.utilitarios.TestesNumeroUtils" time="0"/>
  <testcase name="numeroutils_renorna_numero_longo_invalido" classname="br.laramara.ti.sislaracommons.utilitarios.TestesNumeroUtils" time="0"/>
  <testcase name="numeroutils_renorna_numero_longo_valido" classname="br.laramara.ti.sislaracommons.utilitarios.TestesNumeroUtils" time="0"/>
  <testcase name="sessao_armazena_objeto_e_obtem_de_volta" classname="br.laramara.ti.sislaracommons.utilitarios.TestesSessao" time="0"/>
  <testcase name="sessao_armazena_objeto_e_remove" classname="br.laramara.ti.sislaracommons.utilitarios.TestesSessao" time="0"/>
  <testcase name="sessao_armazena_token_e_obtem_de_volta" classname="br.laramara.ti.sislaracommons.utilitarios.TestesSessao" time="0"/>
  <testcase name="textoutils_anula_string_inexistente" classname="br.laramara.ti.sislaracommons.utilitarios.TestesTextoUtils" time="0"/>
  <testcase name="textoutils_anula_vazio" classname="br.laramara.ti.sislaracommons.utilitarios.TestesTextoUtils" time="0"/>
  <testcase name="textoutils_remove_espaco_texto" classname="br.laramara.ti.sislaracommons.utilitarios.TestesTextoUtils" time="0"/>
  <testcase name="textoutils_remove_ponto_traco_texto_rg" classname="br.laramara.ti.sislaracommons.utilitarios.TestesTextoUtils" time="0"/>
  <testcase name="textoutils_remover_chave" classname="br.laramara.ti.sislaracommons.utilitarios.TestesTextoUtils" time="0"/>
  <testcase name="textoutils_remover_virgula_final" classname="br.laramara.ti.sislaracommons.utilitarios.TestesTextoUtils" time="0"/>
  <testcase name="textoutils_retorna_texto_vazio_a_partir_de_valor_nulo" classname="br.laramara.ti.sislaracommons.utilitarios.TestesTextoUtils" time="0"/>
  <testcase name="textoutils_substituir_conchetes" classname="br.laramara.ti.sislaracommons.utilitarios.TestesTextoUtils" time="0"/>
  <testcase name="textoutils_texto_vazio" classname="br.laramara.ti.sislaracommons.utilitarios.TestesTextoUtils" time="0"/>
</testsuite>